#
# There is insufficient memory for the Java Runtime Environment to continue.
# Native memory allocation (malloc) failed to allocate 666352 bytes for Chunk::new
# Possible reasons:
#   The system is out of physical RAM or swap space
#   The process is running with CompressedOops enabled, and the Java Heap may be blocking the growth of the native heap
# Possible solutions:
#   Reduce memory load on the system
#   Increase physical memory or swap space
#   Check if swap backing store is full
#   Decrease Java heap size (-Xmx/-Xms)
#   Decrease number of Java threads
#   Decrease Java thread stack sizes (-Xss)
#   Set larger code cache with -XX:ReservedCodeCacheSize=
#   JVM is running with Unscaled Compressed Oops mode in which the Java heap is
#     placed in the first 4GB address space. The Java Heap base address is the
#     maximum limit for the native heap growth. Please use -XX:HeapBaseMinAddress
#     to set the Java Heap base and to place the Java Heap above 4GB virtual address.
# This output file may be truncated or incomplete.
#
#  Out of Memory Error (arena.cpp:191), pid=23164, tid=21092
#
# JRE version: OpenJDK Runtime Environment Temurin-17.0.9+9 (17.0.9+9) (build 17.0.9+9)
# Java VM: OpenJDK 64-Bit Server VM Temurin-17.0.9+9 (17.0.9+9, mixed mode, tiered, compressed oops, compressed class ptrs, parallel gc, windows-amd64)
# No core dump will be written. Minidumps are not enabled by default on client versions of Windows
#

---------------  S U M M A R Y ------------

Command Line: --add-modules=ALL-SYSTEM --add-opens=java.base/java.util=ALL-UNNAMED --add-opens=java.base/java.lang=ALL-UNNAMED --add-opens=java.base/sun.nio.fs=ALL-UNNAMED -Declipse.application=org.eclipse.jdt.ls.core.id1 -Dosgi.bundles.defaultStartLevel=4 -Declipse.product=org.eclipse.jdt.ls.core.product -Djava.import.generatesMetadataFilesAtProjectRoot=false -DDetectVMInstallationsJob.disabled=true -Dfile.encoding=utf8 -XX:+UseParallelGC -XX:GCTimeRatio=4 -XX:AdaptiveSizePolicyWeight=90 -Dsun.zip.disableMemoryMapping=true -Xmx1G -Xms100m -Xlog:disable -javaagent:c:\Users\asus\.vscode\extensions\redhat.java-1.25.1-win32-x64\lombok\lombok-1.18.30.jar c:\Users\asus\.vscode\extensions\redhat.java-1.25.1-win32-x64\server\plugins\org.eclipse.equinox.launcher_1.6.600.v20231106-1826.jar -configuration c:\Users\asus\AppData\Roaming\Code\User\globalStorage\redhat.java\1.25.1\config_ss_win -data c:\Users\asus\AppData\Roaming\Code\User\workspaceStorage\790a2ee001d946fde0003750c571a388\redhat.java\ss_ws --stdio

Host: 12th Gen Intel(R) Core(TM) i7-12700H, 20 cores, 31G,  Windows 11 , 64 bit Build 22621 (10.0.22621.2506)
Time: Sat Jan  6 03:56:40 2024 Hora est. Pacífico, Sudamérica elapsed time: 0.840918 seconds (0d 0h 0m 0s)

---------------  T H R E A D  ---------------

Current thread (0x000001fe873f69a0):  JavaThread "C2 CompilerThread4" daemon [_thread_in_native, id=21092, stack(0x000000b11f400000,0x000000b11f500000)]


Current CompileTask:
C2:    840 1534       4       java.io.WinNTFileSystem::normalize (143 bytes)

Stack: [0x000000b11f400000,0x000000b11f500000]
Native frames: (J=compiled Java code, j=interpreted, Vv=VM code, C=native code)
V  [jvm.dll+0x67cf49]
V  [jvm.dll+0x83478a]
V  [jvm.dll+0x83624e]
V  [jvm.dll+0x8368b3]
V  [jvm.dll+0x247f1f]
V  [jvm.dll+0xac43c]
V  [jvm.dll+0xaca8c]
V  [jvm.dll+0x367067]
V  [jvm.dll+0x3313ba]
V  [jvm.dll+0x33085a]
V  [jvm.dll+0x21a5b1]
V  [jvm.dll+0x2199d1]
V  [jvm.dll+0x1a57cd]
V  [jvm.dll+0x2297ae]
V  [jvm.dll+0x22797c]
V  [jvm.dll+0x7e9877]
V  [jvm.dll+0x7e3c3a]
V  [jvm.dll+0x67be35]
C  [ucrtbase.dll+0x29363]
C  [KERNEL32.DLL+0x1257d]
C  [ntdll.dll+0x5aa58]


---------------  P R O C E S S  ---------------

Threads class SMR info:
_java_thread_list=0x000001fe872e5a60, length=23, elements={
0x000001feeb1ebfb0, 0x000001feff077200, 0x000001feff079570, 0x000001feff07e4f0,
0x000001fe84479e00, 0x000001fe8447b070, 0x000001fe8447e2e0, 0x000001fe8447f820,
0x000001fe84489f90, 0x000001fe8448b170, 0x000001feeb24f1a0, 0x000001fe84619880,
0x000001fe84626ed0, 0x000001fe8467be70, 0x000001fe84680860, 0x000001fe86a3fc70,
0x000001fe871588b0, 0x000001fe873f69a0, 0x000001fe86b49b20, 0x000001fe86b4a040,
0x000001fe86faa510, 0x000001fe874dba20, 0x000001fe876c5bd0
}

Java Threads: ( => current thread )
  0x000001feeb1ebfb0 JavaThread "main" [_thread_blocked, id=12536, stack(0x000000b11e000000,0x000000b11e100000)]
  0x000001feff077200 JavaThread "Reference Handler" daemon [_thread_blocked, id=32344, stack(0x000000b11e300000,0x000000b11e400000)]
  0x000001feff079570 JavaThread "Finalizer" daemon [_thread_blocked, id=21784, stack(0x000000b11e400000,0x000000b11e500000)]
  0x000001feff07e4f0 JavaThread "Signal Dispatcher" daemon [_thread_blocked, id=22108, stack(0x000000b11e500000,0x000000b11e600000)]
  0x000001fe84479e00 JavaThread "Attach Listener" daemon [_thread_blocked, id=25204, stack(0x000000b11e600000,0x000000b11e700000)]
  0x000001fe8447b070 JavaThread "Service Thread" daemon [_thread_blocked, id=32652, stack(0x000000b11e700000,0x000000b11e800000)]
  0x000001fe8447e2e0 JavaThread "Monitor Deflation Thread" daemon [_thread_blocked, id=21604, stack(0x000000b11e800000,0x000000b11e900000)]
  0x000001fe8447f820 JavaThread "C2 CompilerThread0" daemon [_thread_blocked, id=31224, stack(0x000000b11e900000,0x000000b11ea00000)]
  0x000001fe84489f90 JavaThread "C1 CompilerThread0" daemon [_thread_blocked, id=31372, stack(0x000000b11ea00000,0x000000b11eb00000)]
  0x000001fe8448b170 JavaThread "Sweeper thread" daemon [_thread_blocked, id=35016, stack(0x000000b11eb00000,0x000000b11ec00000)]
  0x000001feeb24f1a0 JavaThread "Common-Cleaner" daemon [_thread_blocked, id=13408, stack(0x000000b11ec00000,0x000000b11ed00000)]
  0x000001fe84619880 JavaThread "C1 CompilerThread1" daemon [_thread_blocked, id=27008, stack(0x000000b11ed00000,0x000000b11ee00000)]
  0x000001fe84626ed0 JavaThread "C1 CompilerThread2" daemon [_thread_blocked, id=32976, stack(0x000000b11ee00000,0x000000b11ef00000)]
  0x000001fe8467be70 JavaThread "C2 CompilerThread1" daemon [_thread_blocked, id=21200, stack(0x000000b11ef00000,0x000000b11f000000)]
  0x000001fe84680860 JavaThread "C2 CompilerThread2" daemon [_thread_blocked, id=21628, stack(0x000000b11f000000,0x000000b11f100000)]
  0x000001fe86a3fc70 JavaThread "Notification Thread" daemon [_thread_blocked, id=35580, stack(0x000000b11f100000,0x000000b11f200000)]
  0x000001fe871588b0 JavaThread "C2 CompilerThread3" daemon [_thread_blocked, id=33320, stack(0x000000b11f300000,0x000000b11f400000)]
=>0x000001fe873f69a0 JavaThread "C2 CompilerThread4" daemon [_thread_in_native, id=21092, stack(0x000000b11f400000,0x000000b11f500000)]
  0x000001fe86b49b20 JavaThread "C2 CompilerThread5" daemon [_thread_blocked, id=19756, stack(0x000000b11f500000,0x000000b11f600000)]
  0x000001fe86b4a040 JavaThread "C2 CompilerThread6" daemon [_thread_blocked, id=30432, stack(0x000000b11f600000,0x000000b11f700000)]
  0x000001fe86faa510 JavaThread "Active Thread: Equinox Container: 049b3c49-3ce0-4dd8-959a-b26d21aa38ca" [_thread_blocked, id=32560, stack(0x000000b11fc00000,0x000000b11fd00000)]
  0x000001fe874dba20 JavaThread "Framework Event Dispatcher: Equinox Container: 049b3c49-3ce0-4dd8-959a-b26d21aa38ca" daemon [_thread_blocked, id=24940, stack(0x000000b11fd00000,0x000000b11fe00000)]
  0x000001fe876c5bd0 JavaThread "Start Level: Equinox Container: 049b3c49-3ce0-4dd8-959a-b26d21aa38ca" daemon [_thread_in_vm, id=1252, stack(0x000000b11fe00000,0x000000b11ff00000)]

Other Threads:
  0x000001feeb29ec00 VMThread "VM Thread" [stack: 0x000000b11e200000,0x000000b11e300000] [id=1712]
  0x000001fe86a45060 WatcherThread [stack: 0x000000b11f200000,0x000000b11f300000] [id=27828]
  0x000001feeb1fb210 GCTaskThread "GC Thread#0" [stack: 0x000000b11e100000,0x000000b11e200000] [id=28132]
  0x000001fe872f4510 GCTaskThread "GC Thread#1" [stack: 0x000000b11f700000,0x000000b11f800000] [id=35496]
  0x000001fe87158180 GCTaskThread "GC Thread#2" [stack: 0x000000b11f800000,0x000000b11f900000] [id=17056]
  0x000001fe8755b5f0 GCTaskThread "GC Thread#3" [stack: 0x000000b11f900000,0x000000b11fa00000] [id=33628]
  0x000001fe8755b8b0 GCTaskThread "GC Thread#4" [stack: 0x000000b11fa00000,0x000000b11fb00000] [id=23464]
  0x000001fe8755bb70 GCTaskThread "GC Thread#5" [stack: 0x000000b11fb00000,0x000000b11fc00000] [id=33924]

Threads with active compile tasks:
C2 CompilerThread4      855 1534       4       java.io.WinNTFileSystem::normalize (143 bytes)

VM state: not at safepoint (normal execution)

VM Mutex/Monitor currently owned by a thread: None

Heap address: 0x00000000c0000000, size: 1024 MB, Compressed Oops mode: 32-bit

CDS archive(s) not mapped
Compressed class space mapped at: 0x0000000100000000-0x0000000140000000, reserved size: 1073741824
Narrow klass base: 0x0000000000000000, Narrow klass shift: 3, Narrow klass range: 0x140000000

GC Precious Log:
 CPUs: 20 total, 20 available
 Memory: 32395M
 Large Page Support: Disabled
 NUMA Support: Disabled
 Compressed Oops: Enabled (32-bit)
 Alignments: Space 512K, Generation 512K, Heap 2M
 Heap Min Capacity: 100M
 Heap Initial Capacity: 100M
 Heap Max Capacity: 1G
 Pre-touch: Disabled
 Parallel Workers: 15

Heap:
 PSYoungGen      total 29696K, used 25089K [0x00000000eab00000, 0x00000000ecc00000, 0x0000000100000000)
  eden space 25600K, 85% used [0x00000000eab00000,0x00000000ec07f960,0x00000000ec400000)
  from space 4096K, 75% used [0x00000000ec400000,0x00000000ec700c28,0x00000000ec800000)
  to   space 4096K, 0% used [0x00000000ec800000,0x00000000ec800000,0x00000000ecc00000)
 ParOldGen       total 68608K, used 16K [0x00000000c0000000, 0x00000000c4300000, 0x00000000eab00000)
  object space 68608K, 0% used [0x00000000c0000000,0x00000000c0004000,0x00000000c4300000)
 Metaspace       used 14036K, committed 14208K, reserved 1114112K
  class space    used 1398K, committed 1472K, reserved 1048576K

Card table byte_map: [0x000001feeab80000,0x000001feead90000] _byte_map_base: 0x000001feea580000

Marking Bits: (ParMarkBitMap*) 0x00007ffcb94fd0b0
 Begin Bits: [0x000001fefce80000, 0x000001fefde80000)
 End Bits:   [0x000001fefde80000, 0x000001fefee80000)

Polling page: 0x000001fee9170000

Metaspace:

Usage:
  Non-class:     12.34 MB used.
      Class:      1.37 MB used.
       Both:     13.71 MB used.

Virtual space:
  Non-class space:       64.00 MB reserved,      12.44 MB ( 19%) committed,  1 nodes.
      Class space:        1.00 GB reserved,       1.44 MB ( <1%) committed,  1 nodes.
             Both:        1.06 GB reserved,      13.88 MB (  1%) committed. 

Chunk freelists:
   Non-Class:  3.19 MB
       Class:  14.46 MB
        Both:  17.64 MB

MaxMetaspaceSize: unlimited
CompressedClassSpaceSize: 1.00 GB
Initial GC threshold: 21.00 MB
Current GC threshold: 21.00 MB
CDS: off
MetaspaceReclaimPolicy: balanced
 - commit_granule_bytes: 65536.
 - commit_granule_words: 8192.
 - virtual_space_node_default_size: 8388608.
 - enlarge_chunks_in_place: 1.
 - new_chunks_are_fully_committed: 0.
 - uncommit_free_chunks: 1.
 - use_allocation_guard: 0.
 - handle_deallocations: 1.


Internal statistics:

num_allocs_failed_limit: 0.
num_arena_births: 58.
num_arena_deaths: 0.
num_vsnodes_births: 2.
num_vsnodes_deaths: 0.
num_space_committed: 222.
num_space_uncommitted: 0.
num_chunks_returned_to_freelist: 0.
num_chunks_taken_from_freelist: 237.
num_chunk_merges: 0.
num_chunk_splits: 158.
num_chunks_enlarged: 126.
num_inconsistent_stats: 0.

CodeHeap 'non-profiled nmethods': size=119168Kb used=666Kb max_used=666Kb free=118501Kb
 bounds [0x000001fef5a20000, 0x000001fef5c90000, 0x000001fefce80000]
CodeHeap 'profiled nmethods': size=119104Kb used=2887Kb max_used=2887Kb free=116217Kb
 bounds [0x000001feede80000, 0x000001feee160000, 0x000001fef52d0000]
CodeHeap 'non-nmethods': size=7488Kb used=2286Kb max_used=2320Kb free=5201Kb
 bounds [0x000001fef52d0000, 0x000001fef5540000, 0x000001fef5a20000]
 total_blobs=2032 nmethods=1579 adapters=365
 compilation: enabled
              stopped_count=0, restarted_count=0
 full_count=0

Compilation events (20 events):
Event: 0.829 Thread 0x000001fe84626ed0 1553       1       org.eclipse.osgi.internal.framework.EquinoxBundle$EquinoxModule::getBundle (5 bytes)
Event: 0.829 Thread 0x000001fe86b49b20 1554       4       java.lang.StringLatin1::regionMatchesCI (98 bytes)
Event: 0.829 Thread 0x000001fe84489f90 nmethod 1548 0x000001feee145910 code [0x000001feee145b00, 0x000001feee145f78]
Event: 0.829 Thread 0x000001fe86b4a040 1555       4       java.lang.String::equalsIgnoreCase (45 bytes)
Event: 0.830 Thread 0x000001fe84619880 nmethod 1552 0x000001fef5ac0610 code [0x000001fef5ac07a0, 0x000001fef5ac0878]
Event: 0.830 Thread 0x000001fe84626ed0 nmethod 1553 0x000001fef5ac0910 code [0x000001fef5ac0aa0, 0x000001fef5ac0b78]
Event: 0.830 Thread 0x000001fe8467be70 nmethod 1551 0x000001fef5ac0c10 code [0x000001fef5ac0d80, 0x000001fef5ac0df8]
Event: 0.831 Thread 0x000001fe84489f90 1556       3       org.eclipse.osgi.container.Module::compareTo (9 bytes)
Event: 0.831 Thread 0x000001fe84619880 1557       3       org.eclipse.osgi.container.Module::compareTo (54 bytes)
Event: 0.831 Thread 0x000001fe84626ed0 1558       3       java.util.ArrayList$SubList::checkForComodification (23 bytes)
Event: 0.831 Thread 0x000001fe84489f90 nmethod 1556 0x000001feee146190 code [0x000001feee146340, 0x000001feee146568]
Event: 0.831 Thread 0x000001fe84619880 nmethod 1557 0x000001feee146610 code [0x000001feee1467e0, 0x000001feee146af8]
Event: 0.831 Thread 0x000001fe84626ed0 nmethod 1558 0x000001feee146c10 code [0x000001feee146dc0, 0x000001feee146fe8]
Event: 0.832 Thread 0x000001fe8467be70 1559       4       java.lang.invoke.MethodType::parameterType (7 bytes)
Event: 0.833 Thread 0x000001fe8467be70 nmethod 1559 0x000001fef5ac0f10 code [0x000001fef5ac1080, 0x000001fef5ac1138]
Event: 0.834 Thread 0x000001fe8467be70 1560       4       java.util.concurrent.ConcurrentHashMap::get (162 bytes)
Event: 0.835 Thread 0x000001fe84489f90 1561   !   3       java.net.URLClassLoader::defineClass (225 bytes)
Event: 0.837 Thread 0x000001fe84680860 nmethod 1545 0x000001fef5ac3010 code [0x000001fef5ac31c0, 0x000001fef5ac3a18]
Event: 0.837 Thread 0x000001fe8447f820 nmethod 1540% 0x000001fef5ac1210 code [0x000001fef5ac1400, 0x000001fef5ac2658]
Event: 0.838 Thread 0x000001fe84489f90 nmethod 1561 0x000001feee147110 code [0x000001feee1475c0, 0x000001feee1496e8]

GC Heap History (2 events):
Event: 0.508 GC heap before
{Heap before GC invocations=1 (full 0):
 PSYoungGen      total 29696K, used 25600K [0x00000000eab00000, 0x00000000ecc00000, 0x0000000100000000)
  eden space 25600K, 100% used [0x00000000eab00000,0x00000000ec400000,0x00000000ec400000)
  from space 4096K, 0% used [0x00000000ec800000,0x00000000ec800000,0x00000000ecc00000)
  to   space 4096K, 0% used [0x00000000ec400000,0x00000000ec400000,0x00000000ec800000)
 ParOldGen       total 68608K, used 0K [0x00000000c0000000, 0x00000000c4300000, 0x00000000eab00000)
  object space 68608K, 0% used [0x00000000c0000000,0x00000000c0000000,0x00000000c4300000)
 Metaspace       used 10756K, committed 10944K, reserved 1114112K
  class space    used 1066K, committed 1152K, reserved 1048576K
}
Event: 0.511 GC heap after
{Heap after GC invocations=1 (full 0):
 PSYoungGen      total 29696K, used 3075K [0x00000000eab00000, 0x00000000ecc00000, 0x0000000100000000)
  eden space 25600K, 0% used [0x00000000eab00000,0x00000000eab00000,0x00000000ec400000)
  from space 4096K, 75% used [0x00000000ec400000,0x00000000ec700c28,0x00000000ec800000)
  to   space 4096K, 0% used [0x00000000ec800000,0x00000000ec800000,0x00000000ecc00000)
 ParOldGen       total 68608K, used 16K [0x00000000c0000000, 0x00000000c4300000, 0x00000000eab00000)
  object space 68608K, 0% used [0x00000000c0000000,0x00000000c0004000,0x00000000c4300000)
 Metaspace       used 10756K, committed 10944K, reserved 1114112K
  class space    used 1066K, committed 1152K, reserved 1048576K
}

Dll operation events (8 events):
Event: 0.007 Loaded shared library c:\Users\asus\.vscode\extensions\redhat.java-1.25.1-win32-x64\jre\17.0.9-win32-x86_64\bin\java.dll
Event: 0.098 Loaded shared library c:\Users\asus\.vscode\extensions\redhat.java-1.25.1-win32-x64\jre\17.0.9-win32-x86_64\bin\zip.dll
Event: 0.100 Loaded shared library C:\Users\asus\.vscode\extensions\redhat.java-1.25.1-win32-x64\jre\17.0.9-win32-x86_64\bin\instrument.dll
Event: 0.110 Loaded shared library C:\Users\asus\.vscode\extensions\redhat.java-1.25.1-win32-x64\jre\17.0.9-win32-x86_64\bin\net.dll
Event: 0.111 Loaded shared library C:\Users\asus\.vscode\extensions\redhat.java-1.25.1-win32-x64\jre\17.0.9-win32-x86_64\bin\nio.dll
Event: 0.116 Loaded shared library C:\Users\asus\.vscode\extensions\redhat.java-1.25.1-win32-x64\jre\17.0.9-win32-x86_64\bin\zip.dll
Event: 0.127 Loaded shared library C:\Users\asus\.vscode\extensions\redhat.java-1.25.1-win32-x64\jre\17.0.9-win32-x86_64\bin\jimage.dll
Event: 0.166 Loaded shared library c:\Users\asus\.vscode\extensions\redhat.java-1.25.1-win32-x64\jre\17.0.9-win32-x86_64\bin\verify.dll

Deoptimization events (20 events):
Event: 0.644 Thread 0x000001feeb1ebfb0 DEOPT PACKING pc=0x000001fef5a4a2a8 sp=0x000000b11e0f7d90
Event: 0.644 Thread 0x000001feeb1ebfb0 DEOPT UNPACKING pc=0x000001fef53266a3 sp=0x000000b11e0f7d40 mode 2
Event: 0.644 Thread 0x000001feeb1ebfb0 Uncommon trap: trap_request=0xffffffc6 fr.pc=0x000001fef5a4a2a8 relative=0x0000000000000288
Event: 0.644 Thread 0x000001feeb1ebfb0 Uncommon trap: reason=bimorphic_or_optimized_type_check action=maybe_recompile pc=0x000001fef5a4a2a8 method=java.util.Collections$UnmodifiableCollection$1.next()Ljava/lang/Object; @ 4 c2
Event: 0.644 Thread 0x000001feeb1ebfb0 DEOPT PACKING pc=0x000001fef5a4a2a8 sp=0x000000b11e0f7d90
Event: 0.644 Thread 0x000001feeb1ebfb0 DEOPT UNPACKING pc=0x000001fef53266a3 sp=0x000000b11e0f7d40 mode 2
Event: 0.759 Thread 0x000001feeb1ebfb0 Uncommon trap: trap_request=0xffffffde fr.pc=0x000001fef5aa16b0 relative=0x0000000000000990
Event: 0.759 Thread 0x000001feeb1ebfb0 Uncommon trap: reason=class_check action=maybe_recompile pc=0x000001fef5aa16b0 method=java.util.HashMap.putVal(ILjava/lang/Object;Ljava/lang/Object;ZZ)Ljava/lang/Object; @ 253 c2
Event: 0.759 Thread 0x000001feeb1ebfb0 DEOPT PACKING pc=0x000001fef5aa16b0 sp=0x000000b11e0fdbe0
Event: 0.759 Thread 0x000001feeb1ebfb0 DEOPT UNPACKING pc=0x000001fef53266a3 sp=0x000000b11e0fdb08 mode 2
Event: 0.760 Thread 0x000001feeb1ebfb0 Uncommon trap: trap_request=0xffffffde fr.pc=0x000001fef5aa16b0 relative=0x0000000000000990
Event: 0.760 Thread 0x000001feeb1ebfb0 Uncommon trap: reason=class_check action=maybe_recompile pc=0x000001fef5aa16b0 method=java.util.HashMap.putVal(ILjava/lang/Object;Ljava/lang/Object;ZZ)Ljava/lang/Object; @ 253 c2
Event: 0.760 Thread 0x000001feeb1ebfb0 DEOPT PACKING pc=0x000001fef5aa16b0 sp=0x000000b11e0fdbe0
Event: 0.760 Thread 0x000001feeb1ebfb0 DEOPT UNPACKING pc=0x000001fef53266a3 sp=0x000000b11e0fdb08 mode 2
Event: 0.761 Thread 0x000001feeb1ebfb0 Uncommon trap: trap_request=0xffffffde fr.pc=0x000001fef5a2ed14 relative=0x0000000000000414
Event: 0.761 Thread 0x000001feeb1ebfb0 Uncommon trap: reason=class_check action=maybe_recompile pc=0x000001fef5a2ed14 method=java.util.HashMap.putVal(ILjava/lang/Object;Ljava/lang/Object;ZZ)Ljava/lang/Object; @ 253 c2
Event: 0.761 Thread 0x000001feeb1ebfb0 DEOPT PACKING pc=0x000001fef5a2ed14 sp=0x000000b11e0fda70
Event: 0.761 Thread 0x000001feeb1ebfb0 DEOPT UNPACKING pc=0x000001fef53266a3 sp=0x000000b11e0fda10 mode 2
Event: 0.782 Thread 0x000001feeb1ebfb0 DEOPT PACKING pc=0x000001feedfa6909 sp=0x000000b11e0fc570
Event: 0.782 Thread 0x000001feeb1ebfb0 DEOPT UNPACKING pc=0x000001fef5326e43 sp=0x000000b11e0fb9f8 mode 0

Classes unloaded (0 events):
No events

Classes redefined (0 events):
No events

Internal exceptions (20 events):
Event: 0.337 Thread 0x000001feeb1ebfb0 Exception <a 'java/io/FileNotFoundException'{0x00000000eb969870}> (0x00000000eb969870) 
thrown [s\src\hotspot\share\prims\jni.cpp, line 516]
Event: 0.337 Thread 0x000001feeb1ebfb0 Exception <a 'java/io/FileNotFoundException'{0x00000000eb96a568}> (0x00000000eb96a568) 
thrown [s\src\hotspot\share\prims\jni.cpp, line 516]
Event: 0.342 Thread 0x000001feeb1ebfb0 Implicit null exception at 0x000001fef5a44f72 to 0x000001fef5a45498
Event: 0.345 Thread 0x000001feeb1ebfb0 Exception <a 'java/io/FileNotFoundException'{0x00000000eb9a4fd8}> (0x00000000eb9a4fd8) 
thrown [s\src\hotspot\share\prims\jni.cpp, line 516]
Event: 0.463 Thread 0x000001feeb1ebfb0 Exception <a 'java/lang/ClassNotFoundException'{0x00000000ec1b0260}: sun/net/www/protocol/c/Handler> (0x00000000ec1b0260) 
thrown [s\src\hotspot\share\classfile\systemDictionary.cpp, line 256]
Event: 0.464 Thread 0x000001feeb1ebfb0 Exception <a 'java/lang/ClassNotFoundException'{0x00000000ec1b1608}: sun/net/www/protocol/c/Handler> (0x00000000ec1b1608) 
thrown [s\src\hotspot\share\classfile\systemDictionary.cpp, line 256]
Event: 0.464 Thread 0x000001feeb1ebfb0 Exception <a 'java/lang/ClassNotFoundException'{0x00000000ec1b2820}: sun/net/www/protocol/c/Handler> (0x00000000ec1b2820) 
thrown [s\src\hotspot\share\classfile\systemDictionary.cpp, line 256]
Event: 0.468 Thread 0x000001feeb1ebfb0 Exception <a 'java/io/FileNotFoundException'{0x00000000ec1d1628}> (0x00000000ec1d1628) 
thrown [s\src\hotspot\share\prims\jni.cpp, line 516]
Event: 0.492 Thread 0x000001feeb1ebfb0 Implicit null exception at 0x000001fef5a6e6db to 0x000001fef5a6f014
Event: 0.492 Thread 0x000001feeb1ebfb0 Implicit null exception at 0x000001fef5a749ec to 0x000001fef5a74bc8
Event: 0.492 Thread 0x000001feeb1ebfb0 Implicit null exception at 0x000001fef5a706ec to 0x000001fef5a708bc
Event: 0.492 Thread 0x000001feeb1ebfb0 Implicit null exception at 0x000001fef5a6588f to 0x000001fef5a65905
Event: 0.525 Thread 0x000001feeb1ebfb0 Exception <a 'java/lang/NoSuchMethodError'{0x00000000eac1e828}: 'int java.lang.invoke.DirectMethodHandle$Holder.invokeStaticInit(java.lang.Object, java.lang.Object, java.lang.Object, java.lang.Object)'> (0x00000000eac1e828) 
thrown [s\src\hotspot\share\interpreter\linkResolver.cpp, line 759]
Event: 0.526 Thread 0x000001feeb1ebfb0 Exception <a 'java/lang/NoSuchMethodError'{0x00000000eac28fa0}: 'java.lang.Object java.lang.invoke.DirectMethodHandle$Holder.invokeInterface(java.lang.Object, java.lang.Object)'> (0x00000000eac28fa0) 
thrown [s\src\hotspot\share\interpreter\linkResolver.cpp, line 759]
Event: 0.526 Thread 0x000001feeb1ebfb0 Exception <a 'java/lang/IncompatibleClassChangeError'{0x00000000eac2c798}: Found class java.lang.Object, but interface was expected> (0x00000000eac2c798) 
thrown [s\src\hotspot\share\interpreter\linkResolver.cpp, line 826]
Event: 0.527 Thread 0x000001feeb1ebfb0 Exception <a 'java/lang/NoSuchMethodError'{0x00000000eac30c90}: 'void java.lang.invoke.DirectMethodHandle$Holder.invokeStatic(java.lang.Object, java.lang.Object)'> (0x00000000eac30c90) 
thrown [s\src\hotspot\share\interpreter\linkResolver.cpp, line 759]
Event: 0.527 Thread 0x000001feeb1ebfb0 Exception <a 'java/lang/NoSuchMethodError'{0x00000000eac34490}: 'void java.lang.invoke.DirectMethodHandle$Holder.invokeStaticInit(java.lang.Object, java.lang.Object)'> (0x00000000eac34490) 
thrown [s\src\hotspot\share\interpreter\linkResolver.cpp, line 759]
Event: 0.528 Thread 0x000001feeb1ebfb0 Exception <a 'java/lang/NoSuchMethodError'{0x00000000eac3b9a8}: 'int java.lang.invoke.DirectMethodHandle$Holder.invokeStaticInit(java.lang.Object, java.lang.Object)'> (0x00000000eac3b9a8) 
thrown [s\src\hotspot\share\interpreter\linkResolver.cpp, line 759]
Event: 0.557 Thread 0x000001feeb1ebfb0 Exception <a 'java/lang/NoSuchMethodError'{0x00000000ead627f0}: 'void java.lang.invoke.DirectMethodHandle$Holder.invokeSpecial(java.lang.Object, java.lang.Object, java.lang.Object)'> (0x00000000ead627f0) 
thrown [s\src\hotspot\share\interpreter\linkResolver.cpp, line 759]
Event: 0.741 Thread 0x000001feeb1ebfb0 Exception <a 'java/lang/NoSuchMethodError'{0x00000000eb9cb5d8}: 'java.lang.Object java.lang.invoke.DirectMethodHandle$Holder.newInvokeSpecial(java.lang.Object, int, java.lang.Object)'> (0x00000000eb9cb5d8) 
thrown [s\src\hotspot\share\interpreter\linkResolver.cpp, line 759]

VM Operations (20 events):
Event: 0.137 Executing VM operation: HandshakeAllThreads
Event: 0.137 Executing VM operation: HandshakeAllThreads done
Event: 0.320 Executing VM operation: HandshakeAllThreads
Event: 0.320 Executing VM operation: HandshakeAllThreads done
Event: 0.329 Executing VM operation: HandshakeAllThreads
Event: 0.330 Executing VM operation: HandshakeAllThreads done
Event: 0.453 Executing VM operation: HandshakeAllThreads
Event: 0.453 Executing VM operation: HandshakeAllThreads done
Event: 0.492 Executing VM operation: ICBufferFull
Event: 0.493 Executing VM operation: ICBufferFull done
Event: 0.508 Executing VM operation: ParallelGCFailedAllocation
Event: 0.511 Executing VM operation: ParallelGCFailedAllocation done
Event: 0.726 Executing VM operation: HandshakeAllThreads
Event: 0.726 Executing VM operation: HandshakeAllThreads done
Event: 0.726 Executing VM operation: HandshakeAllThreads
Event: 0.726 Executing VM operation: HandshakeAllThreads done
Event: 0.730 Executing VM operation: HandshakeAllThreads
Event: 0.730 Executing VM operation: HandshakeAllThreads done
Event: 0.738 Executing VM operation: HandshakeAllThreads
Event: 0.738 Executing VM operation: HandshakeAllThreads done

Events (20 events):
Event: 0.762 loading class java/net/ContentHandlerFactory done
Event: 0.764 loading class java/net/ContentHandler
Event: 0.764 loading class java/net/ContentHandler done
Event: 0.775 loading class javax/xml/parsers/ParserConfigurationException
Event: 0.775 loading class javax/xml/parsers/ParserConfigurationException done
Event: 0.777 loading class java/security/KeyStoreException
Event: 0.777 loading class java/security/KeyStoreException done
Event: 0.795 loading class java/util/LinkedList$Node
Event: 0.796 loading class java/util/LinkedList$Node done
Event: 0.796 loading class java/util/LinkedList$ListItr
Event: 0.796 loading class java/util/LinkedList$ListItr done
Event: 0.803 loading class sun/nio/fs/WindowsChannelFactory
Event: 0.803 loading class sun/nio/fs/WindowsChannelFactory done
Event: 0.803 loading class sun/nio/fs/WindowsChannelFactory$1
Event: 0.804 loading class sun/nio/fs/WindowsChannelFactory$1 done
Event: 0.804 loading class sun/nio/fs/WindowsChannelFactory$Flags
Event: 0.804 loading class sun/nio/fs/WindowsChannelFactory$Flags done
Event: 0.804 loading class sun/nio/ch/FileChannelImpl$Closer
Event: 0.804 loading class sun/nio/ch/FileChannelImpl$Closer done
Event: 0.834 Thread 0x000001fe874dba20 Thread added: 0x000001fe874dba20


Dynamic libraries:
0x00007ff7891f0000 - 0x00007ff7891fe000 	c:\Users\asus\.vscode\extensions\redhat.java-1.25.1-win32-x64\jre\17.0.9-win32-x86_64\bin\java.exe
0x00007ffd34450000 - 0x00007ffd34667000 	C:\Windows\SYSTEM32\ntdll.dll
0x00007ffd32470000 - 0x00007ffd32534000 	C:\Windows\System32\KERNEL32.DLL
0x00007ffd31be0000 - 0x00007ffd31f86000 	C:\Windows\System32\KERNELBASE.dll
0x00007ffd31fc0000 - 0x00007ffd320d1000 	C:\Windows\System32\ucrtbase.dll
0x00007ffd1b020000 - 0x00007ffd1b03b000 	c:\Users\asus\.vscode\extensions\redhat.java-1.25.1-win32-x64\jre\17.0.9-win32-x86_64\bin\VCRUNTIME140.dll
0x00007ffd1a7f0000 - 0x00007ffd1a807000 	c:\Users\asus\.vscode\extensions\redhat.java-1.25.1-win32-x64\jre\17.0.9-win32-x86_64\bin\jli.dll
0x00007ffd33cf0000 - 0x00007ffd33e9e000 	C:\Windows\System32\USER32.dll
0x00007ffd31f90000 - 0x00007ffd31fb6000 	C:\Windows\System32\win32u.dll
0x00007ffd33420000 - 0x00007ffd33449000 	C:\Windows\System32\GDI32.dll
0x00007ffd31930000 - 0x00007ffd31a48000 	C:\Windows\System32\gdi32full.dll
0x00007ffd31a50000 - 0x00007ffd31aea000 	C:\Windows\System32\msvcp_win.dll
0x00007ffd30ae0000 - 0x00007ffd30d73000 	C:\Windows\WinSxS\amd64_microsoft.windows.common-controls_6595b64144ccf1df_6.0.22621.2506_none_270c5ae97388e100\COMCTL32.dll
0x00007ffd322a0000 - 0x00007ffd32347000 	C:\Windows\System32\msvcrt.dll
0x00007ffd333e0000 - 0x00007ffd33411000 	C:\Windows\System32\IMM32.DLL
0x00007ffd2aba0000 - 0x00007ffd2abac000 	c:\Users\asus\.vscode\extensions\redhat.java-1.25.1-win32-x64\jre\17.0.9-win32-x86_64\bin\vcruntime140_1.dll
0x00007ffd10640000 - 0x00007ffd106cd000 	c:\Users\asus\.vscode\extensions\redhat.java-1.25.1-win32-x64\jre\17.0.9-win32-x86_64\bin\msvcp140.dll
0x00007ffcb8960000 - 0x00007ffcb95c1000 	c:\Users\asus\.vscode\extensions\redhat.java-1.25.1-win32-x64\jre\17.0.9-win32-x86_64\bin\server\jvm.dll
0x00007ffd34020000 - 0x00007ffd340d1000 	C:\Windows\System32\ADVAPI32.dll
0x00007ffd332a0000 - 0x00007ffd33345000 	C:\Windows\System32\sechost.dll
0x00007ffd32350000 - 0x00007ffd32467000 	C:\Windows\System32\RPCRT4.dll
0x00007ffd310e0000 - 0x00007ffd3112d000 	C:\Windows\SYSTEM32\POWRPROF.dll
0x00007ffd09630000 - 0x00007ffd09639000 	C:\Windows\SYSTEM32\WSOCK32.dll
0x00007ffd293c0000 - 0x00007ffd293f4000 	C:\Windows\SYSTEM32\WINMM.dll
0x00007ffd30030000 - 0x00007ffd3003a000 	C:\Windows\SYSTEM32\VERSION.dll
0x00007ffd321b0000 - 0x00007ffd32221000 	C:\Windows\System32\WS2_32.dll
0x00007ffd30f60000 - 0x00007ffd30f73000 	C:\Windows\SYSTEM32\UMPDC.dll
0x00007ffd2f8f0000 - 0x00007ffd2f908000 	C:\Windows\SYSTEM32\kernel.appcore.dll
0x00007ffd2aa50000 - 0x00007ffd2aa5a000 	c:\Users\asus\.vscode\extensions\redhat.java-1.25.1-win32-x64\jre\17.0.9-win32-x86_64\bin\jimage.dll
0x00007ffd31130000 - 0x00007ffd31363000 	C:\Windows\SYSTEM32\DBGHELP.DLL
0x00007ffd33960000 - 0x00007ffd33ce9000 	C:\Windows\System32\combase.dll
0x00007ffd340e0000 - 0x00007ffd341b7000 	C:\Windows\System32\OLEAUT32.dll
0x00007ffd30fa0000 - 0x00007ffd30fd2000 	C:\Windows\SYSTEM32\dbgcore.DLL
0x00007ffd31af0000 - 0x00007ffd31b6a000 	C:\Windows\System32\bcryptPrimitives.dll
0x00007ffd28300000 - 0x00007ffd2830e000 	c:\Users\asus\.vscode\extensions\redhat.java-1.25.1-win32-x64\jre\17.0.9-win32-x86_64\bin\instrument.dll
0x00007ffd15d60000 - 0x00007ffd15d85000 	c:\Users\asus\.vscode\extensions\redhat.java-1.25.1-win32-x64\jre\17.0.9-win32-x86_64\bin\java.dll
0x00007ffd162e0000 - 0x00007ffd162f8000 	c:\Users\asus\.vscode\extensions\redhat.java-1.25.1-win32-x64\jre\17.0.9-win32-x86_64\bin\zip.dll
0x00007ffd329e0000 - 0x00007ffd3323a000 	C:\Windows\System32\SHELL32.dll
0x00007ffd2e780000 - 0x00007ffd2f076000 	C:\Windows\SYSTEM32\windows.storage.dll
0x00007ffd2e640000 - 0x00007ffd2e77e000 	C:\Windows\SYSTEM32\wintypes.dll
0x00007ffd341c0000 - 0x00007ffd342b3000 	C:\Windows\System32\SHCORE.dll
0x00007ffd33fc0000 - 0x00007ffd3401e000 	C:\Windows\System32\shlwapi.dll
0x00007ffd316f0000 - 0x00007ffd31716000 	C:\Windows\SYSTEM32\profapi.dll
0x00007ffd112c0000 - 0x00007ffd112d9000 	C:\Users\asus\.vscode\extensions\redhat.java-1.25.1-win32-x64\jre\17.0.9-win32-x86_64\bin\net.dll
0x00007ffd2d060000 - 0x00007ffd2d197000 	C:\Windows\SYSTEM32\WINHTTP.dll
0x00007ffd2fd00000 - 0x00007ffd2fd69000 	C:\Windows\system32\mswsock.dll
0x00007ffd10d00000 - 0x00007ffd10d16000 	C:\Users\asus\.vscode\extensions\redhat.java-1.25.1-win32-x64\jre\17.0.9-win32-x86_64\bin\nio.dll
0x00007ffd25220000 - 0x00007ffd25230000 	c:\Users\asus\.vscode\extensions\redhat.java-1.25.1-win32-x64\jre\17.0.9-win32-x86_64\bin\verify.dll
0x00007ffd08930000 - 0x00007ffd0896e000 	C:\Users\asus\AppData\Roaming\Code\User\globalStorage\redhat.java\1.25.1\config_ss_win\org.eclipse.equinox.launcher\org.eclipse.equinox.launcher.win32.win32.x86_64_1.2.800.v20231003-1442\eclipse_11802.dll
0x00007ffd337c0000 - 0x00007ffd33960000 	C:\Windows\System32\ole32.dll

dbghelp: loaded successfully - version: 4.0.5 - missing functions: none
symbol engine: initialized successfully - sym options: 0x614 - pdb path: .;c:\Users\asus\.vscode\extensions\redhat.java-1.25.1-win32-x64\jre\17.0.9-win32-x86_64\bin;C:\Windows\SYSTEM32;C:\Windows\WinSxS\amd64_microsoft.windows.common-controls_6595b64144ccf1df_6.0.22621.2506_none_270c5ae97388e100;c:\Users\asus\.vscode\extensions\redhat.java-1.25.1-win32-x64\jre\17.0.9-win32-x86_64\bin\server;C:\Users\asus\AppData\Roaming\Code\User\globalStorage\redhat.java\1.25.1\config_ss_win\org.eclipse.equinox.launcher\org.eclipse.equinox.launcher.win32.win32.x86_64_1.2.800.v20231003-1442

VM Arguments:
jvm_args: --add-modules=ALL-SYSTEM --add-opens=java.base/java.util=ALL-UNNAMED --add-opens=java.base/java.lang=ALL-UNNAMED --add-opens=java.base/sun.nio.fs=ALL-UNNAMED -Declipse.application=org.eclipse.jdt.ls.core.id1 -Dosgi.bundles.defaultStartLevel=4 -Declipse.product=org.eclipse.jdt.ls.core.product -Djava.import.generatesMetadataFilesAtProjectRoot=false -DDetectVMInstallationsJob.disabled=true -Dfile.encoding=utf8 -XX:+UseParallelGC -XX:GCTimeRatio=4 -XX:AdaptiveSizePolicyWeight=90 -Dsun.zip.disableMemoryMapping=true -Xmx1G -Xms100m -Xlog:disable -javaagent:c:\Users\asus\.vscode\extensions\redhat.java-1.25.1-win32-x64\lombok\lombok-1.18.30.jar 
java_command: c:\Users\asus\.vscode\extensions\redhat.java-1.25.1-win32-x64\server\plugins\org.eclipse.equinox.launcher_1.6.600.v20231106-1826.jar -configuration c:\Users\asus\AppData\Roaming\Code\User\globalStorage\redhat.java\1.25.1\config_ss_win -data c:\Users\asus\AppData\Roaming\Code\User\workspaceStorage\790a2ee001d946fde0003750c571a388\redhat.java\ss_ws --stdio
java_class_path (initial): c:\Users\asus\.vscode\extensions\redhat.java-1.25.1-win32-x64\server\plugins\org.eclipse.equinox.launcher_1.6.600.v20231106-1826.jar
Launcher Type: SUN_STANDARD

[Global flags]
    uintx AdaptiveSizePolicyWeight                 = 90                                        {product} {command line}
     intx CICompilerCount                          = 12                                        {product} {ergonomic}
    uintx GCTimeRatio                              = 4                                         {product} {command line}
   size_t InitialHeapSize                          = 104857600                                 {product} {command line}
   size_t MaxHeapSize                              = 1073741824                                {product} {command line}
   size_t MaxNewSize                               = 357564416                                 {product} {ergonomic}
   size_t MinHeapDeltaBytes                        = 524288                                    {product} {ergonomic}
   size_t MinHeapSize                              = 104857600                                 {product} {command line}
   size_t NewSize                                  = 34603008                                  {product} {ergonomic}
    uintx NonNMethodCodeHeapSize                   = 7602480                                {pd product} {ergonomic}
    uintx NonProfiledCodeHeapSize                  = 122027880                              {pd product} {ergonomic}
   size_t OldSize                                  = 70254592                                  {product} {ergonomic}
    uintx ProfiledCodeHeapSize                     = 122027880                              {pd product} {ergonomic}
    uintx ReservedCodeCacheSize                    = 251658240                              {pd product} {ergonomic}
     bool SegmentedCodeCache                       = true                                      {product} {ergonomic}
   size_t SoftMaxHeapSize                          = 1073741824                             {manageable} {ergonomic}
     bool UseCompressedClassPointers               = true                           {product lp64_product} {ergonomic}
     bool UseCompressedOops                        = true                           {product lp64_product} {ergonomic}
     bool UseLargePagesIndividualAllocation        = false                                  {pd product} {ergonomic}
     bool UseParallelGC                            = true                                      {product} {command line}

Logging:
Log output configuration:
 #0: stdout all=off uptime,level,tags
 #1: stderr all=off uptime,level,tags

Environment Variables:
JAVA_HOME=C:\Program Files\Java\jdk-17
PATH=C:\Program Files\NVIDIA GPU Computing Toolkit\CUDA\v12.3\bin;C:\Program Files\NVIDIA GPU Computing Toolkit\CUDA\v12.3\libnvvp;C:\Python312\Scripts\;C:\Python312\;C:\Program Files\Java\jdk-17\bin;C:\Windows\system32;C:\Windows;C:\Windows\System32\Wbem;C:\Windows\System32\WindowsPowerShell\v1.0\;C:\Windows\System32\OpenSSH\;C:\Program Files (x86)\NVIDIA Corporation\PhysX\Common;C:\Program Files\NVIDIA Corporation\NVIDIA NvDLISR;C:\Program Files\dotnet\;C:\Program Files\Git\cmd;C:\Program Files\nodejs\;C:\ProgramData\chocolatey\bin;C:\Program Files (x86)\Microsoft SQL Server\160\Tools\Binn\;C:\Program Files\Microsoft SQL Server\160\Tools\Binn\;C:\Program Files\Microsoft SQL Server\Client SDK\ODBC\170\Tools\Binn\;C:\Program Files\Microsoft SQL Server\160\DTS\Binn\;C:\Program Files (x86)\Microsoft SQL Server\160\DTS\Binn\;C:\Program Files\Azure Data Studio\bin;C:\Program Files\NVIDIA Corporation\Nsight Compute 2023.3.1\;C:\xampp\php;C:\composer;C:\Apache\Maven\apache-maven-3.9.6\bin;C:\Program Files\Java\jdk-17\bin;C:\Users\asus\AppData\Local\Microsoft\WindowsApps;C:\Users\asus\AppData\Local\Programs\Microsoft VS Code\bin;C:\Users\asus\AppData\Roaming\npm;C:\Program Files\Azure Data Studio\bin;C:\Users\asus\AppData\Roaming\Composer\vendor\bin;C:\Users\asus\.dotnet\tools
USERNAME=asus
OS=Windows_NT
PROCESSOR_IDENTIFIER=Intel64 Family 6 Model 154 Stepping 3, GenuineIntel
TMP=C:\Users\asus\AppData\Local\Temp
TEMP=C:\Users\asus\AppData\Local\Temp



Periodic native trim disabled


---------------  S Y S T E M  ---------------

OS:
 Windows 11 , 64 bit Build 22621 (10.0.22621.2506)
OS uptime: 0 days 14:19 hours
Hyper-V role detected

CPU: total 20 (initial active 20) (10 cores per cpu, 2 threads per core) family 6 model 154 stepping 3 microcode 0x421, cx8, cmov, fxsr, ht, mmx, 3dnowpref, sse, sse2, sse3, ssse3, sse4.1, sse4.2, popcnt, lzcnt, tsc, tscinvbit, avx, avx2, aes, erms, clmul, bmi1, bmi2, adx, sha, fma, vzeroupper, clflush, clflushopt, clwb, hv
Processor Information for all 20 processors :
  Max Mhz: 2300, Current Mhz: 2300, Mhz Limit: 2300

Memory: 4k page, system-wide physical 32395M (20202M free)
TotalPageFile size 130699M (AvailPageFile size 121M)
current process WorkingSet (physical memory assigned to process): 86M, peak: 86M
current process commit charge ("private bytes"): 230M, peak: 230M

vm_info: OpenJDK 64-Bit Server VM (17.0.9+9) for windows-amd64 JRE (17.0.9+9), built on Oct 26 2023 14:01:42 by "admin" with MS VC++ 16.10 / 16.11 (VS2019)

END.
