#
# There is insufficient memory for the Java Runtime Environment to continue.
# Native memory allocation (malloc) failed to allocate 935856 bytes for Chunk::new
# Possible reasons:
#   The system is out of physical RAM or swap space
#   The process is running with CompressedOops enabled, and the Java Heap may be blocking the growth of the native heap
# Possible solutions:
#   Reduce memory load on the system
#   Increase physical memory or swap space
#   Check if swap backing store is full
#   Decrease Java heap size (-Xmx/-Xms)
#   Decrease number of Java threads
#   Decrease Java thread stack sizes (-Xss)
#   Set larger code cache with -XX:ReservedCodeCacheSize=
#   JVM is running with Unscaled Compressed Oops mode in which the Java heap is
#     placed in the first 4GB address space. The Java Heap base address is the
#     maximum limit for the native heap growth. Please use -XX:HeapBaseMinAddress
#     to set the Java Heap base and to place the Java Heap above 4GB virtual address.
# This output file may be truncated or incomplete.
#
#  Out of Memory Error (arena.cpp:191), pid=30280, tid=28252
#
# JRE version: OpenJDK Runtime Environment Temurin-17.0.9+9 (17.0.9+9) (build 17.0.9+9)
# Java VM: OpenJDK 64-Bit Server VM Temurin-17.0.9+9 (17.0.9+9, mixed mode, tiered, compressed oops, compressed class ptrs, parallel gc, windows-amd64)
# No core dump will be written. Minidumps are not enabled by default on client versions of Windows
#

---------------  S U M M A R Y ------------

Command Line: --add-modules=ALL-SYSTEM --add-opens=java.base/java.util=ALL-UNNAMED --add-opens=java.base/java.lang=ALL-UNNAMED --add-opens=java.base/sun.nio.fs=ALL-UNNAMED -Declipse.application=org.eclipse.jdt.ls.core.id1 -Dosgi.bundles.defaultStartLevel=4 -Declipse.product=org.eclipse.jdt.ls.core.product -Djava.import.generatesMetadataFilesAtProjectRoot=false -DDetectVMInstallationsJob.disabled=true -Dfile.encoding=utf8 -XX:+UseParallelGC -XX:GCTimeRatio=4 -XX:AdaptiveSizePolicyWeight=90 -Dsun.zip.disableMemoryMapping=true -Xmx1G -Xms100m -Xlog:disable -javaagent:c:\Users\asus\.vscode\extensions\redhat.java-1.25.1-win32-x64\lombok\lombok-1.18.30.jar c:\Users\asus\.vscode\extensions\redhat.java-1.25.1-win32-x64\server\plugins\org.eclipse.equinox.launcher_1.6.600.v20231106-1826.jar -configuration c:\Users\asus\AppData\Roaming\Code\User\globalStorage\redhat.java\1.25.1\config_ss_win -data c:\Users\asus\AppData\Roaming\Code\User\workspaceStorage\790a2ee001d946fde0003750c571a388\redhat.java\ss_ws --stdio

Host: 12th Gen Intel(R) Core(TM) i7-12700H, 20 cores, 31G,  Windows 11 , 64 bit Build 22621 (10.0.22621.2506)
Time: Sat Jan  6 03:56:39 2024 Hora est. Pacífico, Sudamérica elapsed time: 1.737534 seconds (0d 0h 0m 1s)

---------------  T H R E A D  ---------------

Current thread (0x000001d0b9c1e6e0):  JavaThread "C2 CompilerThread0" daemon [_thread_in_native, id=28252, stack(0x0000004a78100000,0x0000004a78200000)]


Current CompileTask:
C2:   1737 2508       4       org.lombokweb.asm.ClassReader::readMethod (1066 bytes)

Stack: [0x0000004a78100000,0x0000004a78200000]
Native frames: (J=compiled Java code, j=interpreted, Vv=VM code, C=native code)
V  [jvm.dll+0x67cf49]
V  [jvm.dll+0x83478a]
V  [jvm.dll+0x83624e]
V  [jvm.dll+0x8368b3]
V  [jvm.dll+0x247f1f]
V  [jvm.dll+0xac43c]
V  [jvm.dll+0xaca8c]
V  [jvm.dll+0x2af45f]
V  [jvm.dll+0x5853f7]
V  [jvm.dll+0x222f62]
V  [jvm.dll+0x22334f]
V  [jvm.dll+0x21c476]
V  [jvm.dll+0x2198c1]
V  [jvm.dll+0x1a57cd]
V  [jvm.dll+0x2297ae]
V  [jvm.dll+0x22797c]
V  [jvm.dll+0x7e9877]
V  [jvm.dll+0x7e3c3a]
V  [jvm.dll+0x67be35]
C  [ucrtbase.dll+0x29363]
C  [KERNEL32.DLL+0x1257d]
C  [ntdll.dll+0x5aa58]


---------------  P R O C E S S  ---------------

Threads class SMR info:
_java_thread_list=0x000001d0bd232ad0, length=25, elements={
0x000001d0a0c1e200, 0x000001d0b4aa5380, 0x000001d0a0cca990, 0x000001d0b4aa81f0,
0x000001d0b4aa9070, 0x000001d0b4aaa690, 0x000001d0b4aacb60, 0x000001d0b9c1e6e0,
0x000001d0b9c1ff30, 0x000001d0b9c298a0, 0x000001d0b9d1ffe0, 0x000001d0b9cb14e0,
0x000001d0a0c81920, 0x000001d0b9d918c0, 0x000001d0bc384de0, 0x000001d0bc4cade0,
0x000001d0bc4f2e10, 0x000001d0bcc346d0, 0x000001d0bd0bf870, 0x000001d0bd002e20,
0x000001d0bccb20d0, 0x000001d0bcca0550, 0x000001d0bd09fc30, 0x000001d0bd1ac740,
0x000001d0bd1acc50
}

Java Threads: ( => current thread )
  0x000001d0a0c1e200 JavaThread "main" [_thread_blocked, id=23192, stack(0x0000004a77800000,0x0000004a77900000)]
  0x000001d0b4aa5380 JavaThread "Reference Handler" daemon [_thread_blocked, id=21192, stack(0x0000004a77b00000,0x0000004a77c00000)]
  0x000001d0a0cca990 JavaThread "Finalizer" daemon [_thread_blocked, id=17224, stack(0x0000004a77c00000,0x0000004a77d00000)]
  0x000001d0b4aa81f0 JavaThread "Signal Dispatcher" daemon [_thread_blocked, id=33016, stack(0x0000004a77d00000,0x0000004a77e00000)]
  0x000001d0b4aa9070 JavaThread "Attach Listener" daemon [_thread_blocked, id=12220, stack(0x0000004a77e00000,0x0000004a77f00000)]
  0x000001d0b4aaa690 JavaThread "Service Thread" daemon [_thread_blocked, id=21944, stack(0x0000004a77f00000,0x0000004a78000000)]
  0x000001d0b4aacb60 JavaThread "Monitor Deflation Thread" daemon [_thread_blocked, id=19204, stack(0x0000004a78000000,0x0000004a78100000)]
=>0x000001d0b9c1e6e0 JavaThread "C2 CompilerThread0" daemon [_thread_in_native, id=28252, stack(0x0000004a78100000,0x0000004a78200000)]
  0x000001d0b9c1ff30 JavaThread "C1 CompilerThread0" daemon [_thread_blocked, id=15368, stack(0x0000004a78200000,0x0000004a78300000)]
  0x000001d0b9c298a0 JavaThread "Sweeper thread" daemon [_thread_blocked, id=3640, stack(0x0000004a78300000,0x0000004a78400000)]
  0x000001d0b9d1ffe0 JavaThread "Common-Cleaner" daemon [_thread_blocked, id=2428, stack(0x0000004a78400000,0x0000004a78500000)]
  0x000001d0b9cb14e0 JavaThread "C1 CompilerThread1" daemon [_thread_blocked, id=21220, stack(0x0000004a78500000,0x0000004a78600000)]
  0x000001d0a0c81920 JavaThread "C1 CompilerThread2" daemon [_thread_blocked, id=2224, stack(0x0000004a78600000,0x0000004a78700000)]
  0x000001d0b9d918c0 JavaThread "C2 CompilerThread1" daemon [_thread_blocked, id=34548, stack(0x0000004a78700000,0x0000004a78800000)]
  0x000001d0bc384de0 JavaThread "C1 CompilerThread3" daemon [_thread_blocked, id=7308, stack(0x0000004a78800000,0x0000004a78900000)]
  0x000001d0bc4cade0 JavaThread "Notification Thread" daemon [_thread_blocked, id=23296, stack(0x0000004a78900000,0x0000004a78a00000)]
  0x000001d0bc4f2e10 JavaThread "C2 CompilerThread2" daemon [_thread_blocked, id=16212, stack(0x0000004a78b00000,0x0000004a78c00000)]
  0x000001d0bcc346d0 JavaThread "Active Thread: Equinox Container: 54f67f7a-15f8-4833-ab04-b061a17d68fd" [_thread_blocked, id=12708, stack(0x0000004a78c00000,0x0000004a78d00000)]
  0x000001d0bd0bf870 JavaThread "Framework Event Dispatcher: Equinox Container: 54f67f7a-15f8-4833-ab04-b061a17d68fd" daemon [_thread_blocked, id=3544, stack(0x0000004a79200000,0x0000004a79300000)]
  0x000001d0bd002e20 JavaThread "Start Level: Equinox Container: 54f67f7a-15f8-4833-ab04-b061a17d68fd" daemon [_thread_in_vm, id=20460, stack(0x0000004a79300000,0x0000004a79400000)]
  0x000001d0bccb20d0 JavaThread "SCR Component Actor" daemon [_thread_blocked, id=30860, stack(0x0000004a79400000,0x0000004a79500000)]
  0x000001d0bcca0550 JavaThread "SCR Component Registry" daemon [_thread_blocked, id=21824, stack(0x0000004a79700000,0x0000004a79800000)]
  0x000001d0bd09fc30 JavaThread "Worker-JM" [_thread_blocked, id=2788, stack(0x0000004a79800000,0x0000004a79900000)]
  0x000001d0bd1ac740 JavaThread "Worker-0" [_thread_blocked, id=11096, stack(0x0000004a79b00000,0x0000004a79c00000)]
  0x000001d0bd1acc50 JavaThread "Worker-1" [_thread_blocked, id=31940, stack(0x0000004a79c00000,0x0000004a79d00000)]

Other Threads:
  0x000001d0a0cc5bc0 VMThread "VM Thread" [stack: 0x0000004a77a00000,0x0000004a77b00000] [id=8964]
  0x000001d0bc440eb0 WatcherThread [stack: 0x0000004a78a00000,0x0000004a78b00000] [id=16036]
  0x000001d0a0c33f00 GCTaskThread "GC Thread#0" [stack: 0x0000004a77900000,0x0000004a77a00000] [id=14380]
  0x000001d0bcae5010 GCTaskThread "GC Thread#1" [stack: 0x0000004a78d00000,0x0000004a78e00000] [id=19384]
  0x000001d0bcae52d0 GCTaskThread "GC Thread#2" [stack: 0x0000004a78e00000,0x0000004a78f00000] [id=21272]
  0x000001d0bcae5590 GCTaskThread "GC Thread#3" [stack: 0x0000004a78f00000,0x0000004a79000000] [id=4476]
  0x000001d0bcd55ac0 GCTaskThread "GC Thread#4" [stack: 0x0000004a79000000,0x0000004a79100000] [id=29872]
  0x000001d0bcd55d80 GCTaskThread "GC Thread#5" [stack: 0x0000004a79100000,0x0000004a79200000] [id=35780]
  0x000001d0bcf5a140 GCTaskThread "GC Thread#6" [stack: 0x0000004a79500000,0x0000004a79600000] [id=23212]
  0x000001d0bca3c580 GCTaskThread "GC Thread#7" [stack: 0x0000004a79600000,0x0000004a79700000] [id=31456]
  0x000001d0bd09bcd0 GCTaskThread "GC Thread#8" [stack: 0x0000004a79900000,0x0000004a79a00000] [id=24476]
  0x000001d0bcfe0700 GCTaskThread "GC Thread#9" [stack: 0x0000004a79a00000,0x0000004a79b00000] [id=24072]
  0x000001d0bd3d3b30 GCTaskThread "GC Thread#10" [stack: 0x0000004a79d00000,0x0000004a79e00000] [id=22252]
  0x000001d0bcec6020 GCTaskThread "GC Thread#11" [stack: 0x0000004a79e00000,0x0000004a79f00000] [id=18360]

Threads with active compile tasks:
C2 CompilerThread0     1752 2508       4       org.lombokweb.asm.ClassReader::readMethod (1066 bytes)

VM state: not at safepoint (normal execution)

VM Mutex/Monitor currently owned by a thread:  ([mutex/lock_event])
[0x000001d0a0c1b880] Threads_lock - owner thread: 0x0000000000000000

Heap address: 0x00000000c0000000, size: 1024 MB, Compressed Oops mode: 32-bit

CDS archive(s) not mapped
Compressed class space mapped at: 0x0000000100000000-0x0000000140000000, reserved size: 1073741824
Narrow klass base: 0x0000000000000000, Narrow klass shift: 3, Narrow klass range: 0x140000000

GC Precious Log:
 CPUs: 20 total, 20 available
 Memory: 32395M
 Large Page Support: Disabled
 NUMA Support: Disabled
 Compressed Oops: Enabled (32-bit)
 Alignments: Space 512K, Generation 512K, Heap 2M
 Heap Min Capacity: 100M
 Heap Initial Capacity: 100M
 Heap Max Capacity: 1G
 Pre-touch: Disabled
 Parallel Workers: 15

Heap:
 PSYoungGen      total 26112K, used 25646K [0x00000000eab00000, 0x00000000ecb80000, 0x0000000100000000)
  eden space 25088K, 98% used [0x00000000eab00000,0x00000000ec336408,0x00000000ec380000)
  from space 1024K, 83% used [0x00000000ec400000,0x00000000ec4d55b8,0x00000000ec500000)
  to   space 4096K, 0% used [0x00000000ec780000,0x00000000ec780000,0x00000000ecb80000)
 ParOldGen       total 68608K, used 10816K [0x00000000c0000000, 0x00000000c4300000, 0x00000000eab00000)
  object space 68608K, 15% used [0x00000000c0000000,0x00000000c0a90268,0x00000000c4300000)
 Metaspace       used 27291K, committed 27840K, reserved 1114112K
  class space    used 2627K, committed 2880K, reserved 1048576K

Card table byte_map: [0x000001d0a05e0000,0x000001d0a07f0000] _byte_map_base: 0x000001d09ffe0000

Marking Bits: (ParMarkBitMap*) 0x00007ffcb94fd0b0
 Begin Bits: [0x000001d0b28b0000, 0x000001d0b38b0000)
 End Bits:   [0x000001d0b38b0000, 0x000001d0b48b0000)

Polling page: 0x000001d0a03d0000

Metaspace:

Usage:
  Non-class:     24.09 MB used.
      Class:      2.57 MB used.
       Both:     26.65 MB used.

Virtual space:
  Non-class space:       64.00 MB reserved,      24.38 MB ( 38%) committed,  1 nodes.
      Class space:        1.00 GB reserved,       2.81 MB ( <1%) committed,  1 nodes.
             Both:        1.06 GB reserved,      27.19 MB (  2%) committed. 

Chunk freelists:
   Non-Class:  6.94 MB
       Class:  13.03 MB
        Both:  19.97 MB

MaxMetaspaceSize: unlimited
CompressedClassSpaceSize: 1.00 GB
Initial GC threshold: 21.00 MB
Current GC threshold: 35.00 MB
CDS: off
MetaspaceReclaimPolicy: balanced
 - commit_granule_bytes: 65536.
 - commit_granule_words: 8192.
 - virtual_space_node_default_size: 8388608.
 - enlarge_chunks_in_place: 1.
 - new_chunks_are_fully_committed: 0.
 - uncommit_free_chunks: 1.
 - use_allocation_guard: 0.
 - handle_deallocations: 1.


Internal statistics:

num_allocs_failed_limit: 3.
num_arena_births: 272.
num_arena_deaths: 14.
num_vsnodes_births: 2.
num_vsnodes_deaths: 0.
num_space_committed: 435.
num_space_uncommitted: 0.
num_chunks_returned_to_freelist: 17.
num_chunks_taken_from_freelist: 1008.
num_chunk_merges: 4.
num_chunk_splits: 674.
num_chunks_enlarged: 470.
num_inconsistent_stats: 0.

CodeHeap 'non-profiled nmethods': size=119168Kb used=1140Kb max_used=1140Kb free=118027Kb
 bounds [0x000001d0ab450000, 0x000001d0ab6c0000, 0x000001d0b28b0000]
CodeHeap 'profiled nmethods': size=119104Kb used=5171Kb max_used=5171Kb free=113932Kb
 bounds [0x000001d0a38b0000, 0x000001d0a3dc0000, 0x000001d0aad00000]
CodeHeap 'non-nmethods': size=7488Kb used=2923Kb max_used=2943Kb free=4564Kb
 bounds [0x000001d0aad00000, 0x000001d0aaff0000, 0x000001d0ab450000]
 total_blobs=3151 nmethods=2607 adapters=455
 compilation: enabled
              stopped_count=0, restarted_count=0
 full_count=0

Compilation events (20 events):
Event: 1.723 Thread 0x000001d0b9cb14e0 2571       3       sun.nio.fs.WindowsPath::addPrefixIfNeeded (72 bytes)
Event: 1.723 Thread 0x000001d0b9c1ff30 2572   !   3       sun.nio.fs.WindowsNativeDispatcher::FindFirstFile (38 bytes)
Event: 1.723 Thread 0x000001d0a0c81920 2573       3       sun.nio.fs.WindowsNativeDispatcher$FirstFile::<init> (5 bytes)
Event: 1.723 Thread 0x000001d0a0c81920 nmethod 2573 0x000001d0a3dad690 code [0x000001d0a3dad820, 0x000001d0a3dad978]
Event: 1.723 Thread 0x000001d0b9c1ff30 nmethod 2572 0x000001d0a3dada10 code [0x000001d0a3dadc00, 0x000001d0a3dae038]
Event: 1.723 Thread 0x000001d0b9cb14e0 nmethod 2571 0x000001d0a3dae290 code [0x000001d0a3dae580, 0x000001d0a3daf298]
Event: 1.725 Thread 0x000001d0b9cb14e0 2576       3       com.sun.org.apache.xerces.internal.parsers.XML11Configuration::getPropertyState (23 bytes)
Event: 1.725 Thread 0x000001d0bc384de0 2577       3       com.sun.org.apache.xerces.internal.util.ParserConfigurationSettings::getPropertyState (35 bytes)
Event: 1.725 Thread 0x000001d0b9c1ff30 2578       3       com.sun.org.apache.xerces.internal.util.PropertyState::<init> (15 bytes)
Event: 1.725 Thread 0x000001d0a0c81920 2579       3       com.sun.org.apache.xerces.internal.util.PropertyState::is (12 bytes)
Event: 1.725 Thread 0x000001d0b9c1ff30 nmethod 2578 0x000001d0a3daf790 code [0x000001d0a3daf920, 0x000001d0a3dafab8]
Event: 1.725 Thread 0x000001d0a0c81920 nmethod 2579 0x000001d0a3dafb90 code [0x000001d0a3dafd40, 0x000001d0a3daff78]
Event: 1.725 Thread 0x000001d0b9c1ff30 2580       3       com.sun.org.apache.xerces.internal.util.FeatureState::<init> (15 bytes)
Event: 1.725 Thread 0x000001d0bc384de0 nmethod 2577 0x000001d0a3db0090 code [0x000001d0a3db0280, 0x000001d0a3db0818]
Event: 1.725 Thread 0x000001d0bc384de0 2581       3       com.sun.org.apache.xerces.internal.parsers.XIncludeAwareParserConfiguration::getFeatureState (40 bytes)
Event: 1.725 Thread 0x000001d0a0c81920 2582       3       com.sun.org.apache.xerces.internal.util.FeatureState::is (12 bytes)
Event: 1.725 Thread 0x000001d0b9c1ff30 nmethod 2580 0x000001d0a3db1810 code [0x000001d0a3db19a0, 0x000001d0a3db1b38]
Event: 1.725 Thread 0x000001d0b9cb14e0 nmethod 2576 0x000001d0a3db0a10 code [0x000001d0a3db0c40, 0x000001d0a3db14e8]
Event: 1.725 Thread 0x000001d0bc384de0 nmethod 2581 0x000001d0a3db1c10 code [0x000001d0a3db1e20, 0x000001d0a3db2468]
Event: 1.725 Thread 0x000001d0a0c81920 nmethod 2582 0x000001d0a3db2690 code [0x000001d0a3db2840, 0x000001d0a3db2a78]

GC Heap History (12 events):
Event: 0.516 GC heap before
{Heap before GC invocations=1 (full 0):
 PSYoungGen      total 29696K, used 25600K [0x00000000eab00000, 0x00000000ecc00000, 0x0000000100000000)
  eden space 25600K, 100% used [0x00000000eab00000,0x00000000ec400000,0x00000000ec400000)
  from space 4096K, 0% used [0x00000000ec800000,0x00000000ec800000,0x00000000ecc00000)
  to   space 4096K, 0% used [0x00000000ec400000,0x00000000ec400000,0x00000000ec800000)
 ParOldGen       total 68608K, used 0K [0x00000000c0000000, 0x00000000c4300000, 0x00000000eab00000)
  object space 68608K, 0% used [0x00000000c0000000,0x00000000c0000000,0x00000000c4300000)
 Metaspace       used 10639K, committed 10816K, reserved 1114112K
  class space    used 1062K, committed 1152K, reserved 1048576K
}
Event: 0.521 GC heap after
{Heap after GC invocations=1 (full 0):
 PSYoungGen      total 29696K, used 3090K [0x00000000eab00000, 0x00000000ecc00000, 0x0000000100000000)
  eden space 25600K, 0% used [0x00000000eab00000,0x00000000eab00000,0x00000000ec400000)
  from space 4096K, 75% used [0x00000000ec400000,0x00000000ec704828,0x00000000ec800000)
  to   space 4096K, 0% used [0x00000000ec800000,0x00000000ec800000,0x00000000ecc00000)
 ParOldGen       total 68608K, used 16K [0x00000000c0000000, 0x00000000c4300000, 0x00000000eab00000)
  object space 68608K, 0% used [0x00000000c0000000,0x00000000c0004000,0x00000000c4300000)
 Metaspace       used 10639K, committed 10816K, reserved 1114112K
  class space    used 1062K, committed 1152K, reserved 1048576K
}
Event: 0.892 GC heap before
{Heap before GC invocations=2 (full 0):
 PSYoungGen      total 29696K, used 28690K [0x00000000eab00000, 0x00000000ecc00000, 0x0000000100000000)
  eden space 25600K, 100% used [0x00000000eab00000,0x00000000ec400000,0x00000000ec400000)
  from space 4096K, 75% used [0x00000000ec400000,0x00000000ec704828,0x00000000ec800000)
  to   space 4096K, 0% used [0x00000000ec800000,0x00000000ec800000,0x00000000ecc00000)
 ParOldGen       total 68608K, used 16K [0x00000000c0000000, 0x00000000c4300000, 0x00000000eab00000)
  object space 68608K, 0% used [0x00000000c0000000,0x00000000c0004000,0x00000000c4300000)
 Metaspace       used 14512K, committed 14720K, reserved 1114112K
  class space    used 1460K, committed 1536K, reserved 1048576K
}
Event: 0.895 GC heap after
{Heap after GC invocations=2 (full 0):
 PSYoungGen      total 29696K, used 4088K [0x00000000eab00000, 0x00000000ecc00000, 0x0000000100000000)
  eden space 25600K, 0% used [0x00000000eab00000,0x00000000eab00000,0x00000000ec400000)
  from space 4096K, 99% used [0x00000000ec800000,0x00000000ecbfe118,0x00000000ecc00000)
  to   space 4096K, 0% used [0x00000000ec400000,0x00000000ec400000,0x00000000ec800000)
 ParOldGen       total 68608K, used 636K [0x00000000c0000000, 0x00000000c4300000, 0x00000000eab00000)
  object space 68608K, 0% used [0x00000000c0000000,0x00000000c009f360,0x00000000c4300000)
 Metaspace       used 14512K, committed 14720K, reserved 1114112K
  class space    used 1460K, committed 1536K, reserved 1048576K
}
Event: 1.254 GC heap before
{Heap before GC invocations=3 (full 0):
 PSYoungGen      total 29696K, used 29688K [0x00000000eab00000, 0x00000000ecc00000, 0x0000000100000000)
  eden space 25600K, 100% used [0x00000000eab00000,0x00000000ec400000,0x00000000ec400000)
  from space 4096K, 99% used [0x00000000ec800000,0x00000000ecbfe118,0x00000000ecc00000)
  to   space 4096K, 0% used [0x00000000ec400000,0x00000000ec400000,0x00000000ec800000)
 ParOldGen       total 68608K, used 636K [0x00000000c0000000, 0x00000000c4300000, 0x00000000eab00000)
  object space 68608K, 0% used [0x00000000c0000000,0x00000000c009f360,0x00000000c4300000)
 Metaspace       used 19724K, committed 20096K, reserved 1114112K
  class space    used 2009K, committed 2176K, reserved 1048576K
}
Event: 1.258 GC heap after
{Heap after GC invocations=3 (full 0):
 PSYoungGen      total 29696K, used 4087K [0x00000000eab00000, 0x00000000ecc00000, 0x0000000100000000)
  eden space 25600K, 0% used [0x00000000eab00000,0x00000000eab00000,0x00000000ec400000)
  from space 4096K, 99% used [0x00000000ec400000,0x00000000ec7fdf78,0x00000000ec800000)
  to   space 4096K, 0% used [0x00000000ec800000,0x00000000ec800000,0x00000000ecc00000)
 ParOldGen       total 68608K, used 2382K [0x00000000c0000000, 0x00000000c4300000, 0x00000000eab00000)
  object space 68608K, 3% used [0x00000000c0000000,0x00000000c0253bf0,0x00000000c4300000)
 Metaspace       used 19724K, committed 20096K, reserved 1114112K
  class space    used 2009K, committed 2176K, reserved 1048576K
}
Event: 1.408 GC heap before
{Heap before GC invocations=4 (full 0):
 PSYoungGen      total 29696K, used 18689K [0x00000000eab00000, 0x00000000ecc00000, 0x0000000100000000)
  eden space 25600K, 57% used [0x00000000eab00000,0x00000000eb942660,0x00000000ec400000)
  from space 4096K, 99% used [0x00000000ec400000,0x00000000ec7fdf78,0x00000000ec800000)
  to   space 4096K, 0% used [0x00000000ec800000,0x00000000ec800000,0x00000000ecc00000)
 ParOldGen       total 68608K, used 2382K [0x00000000c0000000, 0x00000000c4300000, 0x00000000eab00000)
  object space 68608K, 3% used [0x00000000c0000000,0x00000000c0253bf0,0x00000000c4300000)
 Metaspace       used 21072K, committed 21504K, reserved 1114112K
  class space    used 2153K, committed 2368K, reserved 1048576K
}
Event: 1.411 GC heap after
{Heap after GC invocations=4 (full 0):
 PSYoungGen      total 29696K, used 4093K [0x00000000eab00000, 0x00000000ecc00000, 0x0000000100000000)
  eden space 25600K, 0% used [0x00000000eab00000,0x00000000eab00000,0x00000000ec400000)
  from space 4096K, 99% used [0x00000000ec800000,0x00000000ecbff7a8,0x00000000ecc00000)
  to   space 4096K, 0% used [0x00000000ec400000,0x00000000ec400000,0x00000000ec800000)
 ParOldGen       total 68608K, used 6890K [0x00000000c0000000, 0x00000000c4300000, 0x00000000eab00000)
  object space 68608K, 10% used [0x00000000c0000000,0x00000000c06ba858,0x00000000c4300000)
 Metaspace       used 21072K, committed 21504K, reserved 1114112K
  class space    used 2153K, committed 2368K, reserved 1048576K
}
Event: 1.411 GC heap before
{Heap before GC invocations=5 (full 1):
 PSYoungGen      total 29696K, used 4093K [0x00000000eab00000, 0x00000000ecc00000, 0x0000000100000000)
  eden space 25600K, 0% used [0x00000000eab00000,0x00000000eab00000,0x00000000ec400000)
  from space 4096K, 99% used [0x00000000ec800000,0x00000000ecbff7a8,0x00000000ecc00000)
  to   space 4096K, 0% used [0x00000000ec400000,0x00000000ec400000,0x00000000ec800000)
 ParOldGen       total 68608K, used 6890K [0x00000000c0000000, 0x00000000c4300000, 0x00000000eab00000)
  object space 68608K, 10% used [0x00000000c0000000,0x00000000c06ba858,0x00000000c4300000)
 Metaspace       used 21072K, committed 21504K, reserved 1114112K
  class space    used 2153K, committed 2368K, reserved 1048576K
}
Event: 1.429 GC heap after
{Heap after GC invocations=5 (full 1):
 PSYoungGen      total 29696K, used 0K [0x00000000eab00000, 0x00000000ecc00000, 0x0000000100000000)
  eden space 25600K, 0% used [0x00000000eab00000,0x00000000eab00000,0x00000000ec400000)
  from space 4096K, 0% used [0x00000000ec800000,0x00000000ec800000,0x00000000ecc00000)
  to   space 4096K, 0% used [0x00000000ec400000,0x00000000ec400000,0x00000000ec800000)
 ParOldGen       total 68608K, used 10808K [0x00000000c0000000, 0x00000000c4300000, 0x00000000eab00000)
  object space 68608K, 15% used [0x00000000c0000000,0x00000000c0a8e268,0x00000000c4300000)
 Metaspace       used 21059K, committed 21504K, reserved 1114112K
  class space    used 2150K, committed 2368K, reserved 1048576K
}
Event: 1.603 GC heap before
{Heap before GC invocations=6 (full 1):
 PSYoungGen      total 29696K, used 25600K [0x00000000eab00000, 0x00000000ecc00000, 0x0000000100000000)
  eden space 25600K, 100% used [0x00000000eab00000,0x00000000ec400000,0x00000000ec400000)
  from space 4096K, 0% used [0x00000000ec800000,0x00000000ec800000,0x00000000ecc00000)
  to   space 4096K, 0% used [0x00000000ec400000,0x00000000ec400000,0x00000000ec800000)
 ParOldGen       total 68608K, used 10808K [0x00000000c0000000, 0x00000000c4300000, 0x00000000eab00000)
  object space 68608K, 15% used [0x00000000c0000000,0x00000000c0a8e268,0x00000000c4300000)
 Metaspace       used 24536K, committed 25024K, reserved 1114112K
  class space    used 2406K, committed 2624K, reserved 1048576K
}
Event: 1.603 GC heap after
{Heap after GC invocations=6 (full 1):
 PSYoungGen      total 26112K, used 853K [0x00000000eab00000, 0x00000000ecb80000, 0x0000000100000000)
  eden space 25088K, 0% used [0x00000000eab00000,0x00000000eab00000,0x00000000ec380000)
  from space 1024K, 83% used [0x00000000ec400000,0x00000000ec4d55b8,0x00000000ec500000)
  to   space 4096K, 0% used [0x00000000ec780000,0x00000000ec780000,0x00000000ecb80000)
 ParOldGen       total 68608K, used 10816K [0x00000000c0000000, 0x00000000c4300000, 0x00000000eab00000)
  object space 68608K, 15% used [0x00000000c0000000,0x00000000c0a90268,0x00000000c4300000)
 Metaspace       used 24536K, committed 25024K, reserved 1114112K
  class space    used 2406K, committed 2624K, reserved 1048576K
}

Dll operation events (9 events):
Event: 0.011 Loaded shared library c:\Users\asus\.vscode\extensions\redhat.java-1.25.1-win32-x64\jre\17.0.9-win32-x86_64\bin\java.dll
Event: 0.101 Loaded shared library c:\Users\asus\.vscode\extensions\redhat.java-1.25.1-win32-x64\jre\17.0.9-win32-x86_64\bin\zip.dll
Event: 0.103 Loaded shared library C:\Users\asus\.vscode\extensions\redhat.java-1.25.1-win32-x64\jre\17.0.9-win32-x86_64\bin\instrument.dll
Event: 0.114 Loaded shared library C:\Users\asus\.vscode\extensions\redhat.java-1.25.1-win32-x64\jre\17.0.9-win32-x86_64\bin\net.dll
Event: 0.116 Loaded shared library C:\Users\asus\.vscode\extensions\redhat.java-1.25.1-win32-x64\jre\17.0.9-win32-x86_64\bin\nio.dll
Event: 0.122 Loaded shared library C:\Users\asus\.vscode\extensions\redhat.java-1.25.1-win32-x64\jre\17.0.9-win32-x86_64\bin\zip.dll
Event: 0.135 Loaded shared library C:\Users\asus\.vscode\extensions\redhat.java-1.25.1-win32-x64\jre\17.0.9-win32-x86_64\bin\jimage.dll
Event: 0.174 Loaded shared library c:\Users\asus\.vscode\extensions\redhat.java-1.25.1-win32-x64\jre\17.0.9-win32-x86_64\bin\verify.dll
Event: 0.838 Loaded shared library C:\Users\asus\AppData\Roaming\Code\User\globalStorage\redhat.java\1.25.1\config_ss_win\org.eclipse.equinox.launcher\org.eclipse.equinox.launcher.win32.win32.x86_64_1.2.800.v20231003-1442\eclipse_11802.dll

Deoptimization events (20 events):
Event: 1.468 Thread 0x000001d0bd002e20 DEOPT PACKING pc=0x000001d0ab54cd2c sp=0x0000004a793f8640
Event: 1.468 Thread 0x000001d0bd002e20 DEOPT UNPACKING pc=0x000001d0aad566a3 sp=0x0000004a793f85c8 mode 2
Event: 1.468 Thread 0x000001d0bd002e20 Uncommon trap: trap_request=0xffffffde fr.pc=0x000001d0ab54cd2c relative=0x000000000000010c
Event: 1.468 Thread 0x000001d0bd002e20 Uncommon trap: reason=class_check action=maybe_recompile pc=0x000001d0ab54cd2c method=jdk.internal.misc.Unsafe.allocateUninitializedArray(Ljava/lang/Class;I)Ljava/lang/Object; @ 51 c2
Event: 1.468 Thread 0x000001d0bd002e20 DEOPT PACKING pc=0x000001d0ab54cd2c sp=0x0000004a793f85d0
Event: 1.468 Thread 0x000001d0bd002e20 DEOPT UNPACKING pc=0x000001d0aad566a3 sp=0x0000004a793f8558 mode 2
Event: 1.470 Thread 0x000001d0bd002e20 Uncommon trap: trap_request=0xffffffde fr.pc=0x000001d0ab54cd2c relative=0x000000000000010c
Event: 1.470 Thread 0x000001d0bd002e20 Uncommon trap: reason=class_check action=maybe_recompile pc=0x000001d0ab54cd2c method=jdk.internal.misc.Unsafe.allocateUninitializedArray(Ljava/lang/Class;I)Ljava/lang/Object; @ 51 c2
Event: 1.470 Thread 0x000001d0bd002e20 DEOPT PACKING pc=0x000001d0ab54cd2c sp=0x0000004a793f4cc0
Event: 1.470 Thread 0x000001d0bd002e20 DEOPT UNPACKING pc=0x000001d0aad566a3 sp=0x0000004a793f4c48 mode 2
Event: 1.470 Thread 0x000001d0bd002e20 Uncommon trap: trap_request=0xffffffde fr.pc=0x000001d0ab54cd2c relative=0x000000000000010c
Event: 1.470 Thread 0x000001d0bd002e20 Uncommon trap: reason=class_check action=maybe_recompile pc=0x000001d0ab54cd2c method=jdk.internal.misc.Unsafe.allocateUninitializedArray(Ljava/lang/Class;I)Ljava/lang/Object; @ 51 c2
Event: 1.470 Thread 0x000001d0bd002e20 DEOPT PACKING pc=0x000001d0ab54cd2c sp=0x0000004a793f4e00
Event: 1.470 Thread 0x000001d0bd002e20 DEOPT UNPACKING pc=0x000001d0aad566a3 sp=0x0000004a793f4d88 mode 2
Event: 1.714 Thread 0x000001d0bd002e20 DEOPT PACKING pc=0x000001d0a3a1bf9e sp=0x0000004a793f7f60
Event: 1.714 Thread 0x000001d0bd002e20 DEOPT UNPACKING pc=0x000001d0aad56e43 sp=0x0000004a793f7458 mode 0
Event: 1.715 Thread 0x000001d0bd002e20 DEOPT PACKING pc=0x000001d0a3a1bf9e sp=0x0000004a793f7f60
Event: 1.715 Thread 0x000001d0bd002e20 DEOPT UNPACKING pc=0x000001d0aad56e43 sp=0x0000004a793f7458 mode 0
Event: 1.716 Thread 0x000001d0bd002e20 DEOPT PACKING pc=0x000001d0a3a1bf9e sp=0x0000004a793f7f60
Event: 1.716 Thread 0x000001d0bd002e20 DEOPT UNPACKING pc=0x000001d0aad56e43 sp=0x0000004a793f7458 mode 0

Classes unloaded (7 events):
Event: 1.414 Thread 0x000001d0a0cc5bc0 Unloading class 0x000000010021a000 'java/lang/invoke/LambdaForm$MH+0x000000010021a000'
Event: 1.414 Thread 0x000001d0a0cc5bc0 Unloading class 0x0000000100219c00 'java/lang/invoke/LambdaForm$MH+0x0000000100219c00'
Event: 1.414 Thread 0x000001d0a0cc5bc0 Unloading class 0x0000000100219800 'java/lang/invoke/LambdaForm$MH+0x0000000100219800'
Event: 1.414 Thread 0x000001d0a0cc5bc0 Unloading class 0x0000000100219400 'java/lang/invoke/LambdaForm$MH+0x0000000100219400'
Event: 1.414 Thread 0x000001d0a0cc5bc0 Unloading class 0x0000000100219000 'java/lang/invoke/LambdaForm$BMH+0x0000000100219000'
Event: 1.414 Thread 0x000001d0a0cc5bc0 Unloading class 0x0000000100218c00 'java/lang/invoke/LambdaForm$DMH+0x0000000100218c00'
Event: 1.414 Thread 0x000001d0a0cc5bc0 Unloading class 0x0000000100216000 'java/lang/invoke/LambdaForm$DMH+0x0000000100216000'

Classes redefined (0 events):
No events

Internal exceptions (20 events):
Event: 1.189 Thread 0x000001d0bd002e20 Exception <a 'java/lang/NoSuchMethodError'{0x00000000ec065330}: 'int java.lang.invoke.DirectMethodHandle$Holder.invokeSpecial(java.lang.Object, java.lang.Object, java.lang.Object)'> (0x00000000ec065330) 
thrown [s\src\hotspot\share\interpreter\linkResolver.cpp, line 759]
Event: 1.190 Thread 0x000001d0bd002e20 Exception <a 'java/lang/NoSuchMethodError'{0x00000000ec076b28}: 'int java.lang.invoke.DirectMethodHandle$Holder.invokeStatic(java.lang.Object, java.lang.Object, int)'> (0x00000000ec076b28) 
thrown [s\src\hotspot\share\interpreter\linkResolver.cpp, line 759]
Event: 1.190 Thread 0x000001d0bd002e20 Exception <a 'java/lang/NoSuchMethodError'{0x00000000ec07ab50}: 'int java.lang.invoke.DirectMethodHandle$Holder.invokeSpecial(java.lang.Object, java.lang.Object, java.lang.Object, int)'> (0x00000000ec07ab50) 
thrown [s\src\hotspot\share\interpreter\linkResolver.cpp, line 759]
Event: 1.192 Thread 0x000001d0bd002e20 Exception <a 'java/lang/NoSuchMethodError'{0x00000000ec096968}: 'java.lang.Object java.lang.invoke.DirectMethodHandle$Holder.invokeStatic(java.lang.Object, java.lang.Object, java.lang.Object, java.lang.Object, int)'> (0x00000000ec096968) 
thrown [s\src\hotspot\share\interpreter\linkResolver.cpp, line 759]
Event: 1.193 Thread 0x000001d0bd002e20 Exception <a 'java/lang/NoSuchMethodError'{0x00000000ec0a2bd0}: 'java.lang.Object java.lang.invoke.DelegatingMethodHandle$Holder.reinvoke_L(java.lang.Object, java.lang.Object, java.lang.Object, java.lang.Object, int, int)'> (0x00000000ec0a2bd0) 
thrown [s\src\hotspot\share\interpreter\linkResolver.cpp, line 759]
Event: 1.195 Thread 0x000001d0bd002e20 Exception <a 'java/lang/NoSuchMethodError'{0x00000000ec0b73f0}: 'java.lang.Object java.lang.invoke.Invokers$Holder.invokeExact_MT(java.lang.Object, java.lang.Object, java.lang.Object, java.lang.Object)'> (0x00000000ec0b73f0) 
thrown [s\src\hotspot\share\interpreter\linkResolver.cpp, line 759]
Event: 1.244 Thread 0x000001d0bd002e20 Exception <a 'java/io/FileNotFoundException'{0x00000000ec329220}> (0x00000000ec329220) 
thrown [s\src\hotspot\share\prims\jni.cpp, line 516]
Event: 1.321 Thread 0x000001d0bd002e20 Exception <a 'java/lang/NoSuchMethodError'{0x00000000eb364fa0}: 'java.lang.Object java.lang.invoke.DirectMethodHandle$Holder.newInvokeSpecial(java.lang.Object, java.lang.Object, java.lang.Object, java.lang.Object, java.lang.Object)'> (0x00000000eb364fa0) 
thrown [s\src\hotspot\share\interpreter\linkResolver.cpp, line 759]
Event: 1.382 Thread 0x000001d0bd002e20 Exception <a 'java/lang/NoSuchMethodError'{0x00000000eb6e8c00}: 'java.lang.Object java.lang.invoke.DirectMethodHandle$Holder.invokeSpecial(java.lang.Object, java.lang.Object, java.lang.Object, long, java.lang.Object)'> (0x00000000eb6e8c00) 
thrown [s\src\hotspot\share\interpreter\linkResolver.cpp, line 759]
Event: 1.383 Thread 0x000001d0bd002e20 Exception <a 'java/lang/NoSuchMethodError'{0x00000000eb6f0db8}: 'java.lang.Object java.lang.invoke.DirectMethodHandle$Holder.newInvokeSpecial(java.lang.Object, java.lang.Object, java.lang.Object, long)'> (0x00000000eb6f0db8) 
thrown [s\src\hotspot\share\interpreter\linkResolver.cpp, line 759]
Event: 1.383 Thread 0x000001d0bd002e20 Exception <a 'java/lang/NoSuchMethodError'{0x00000000eb6f5358}: 'java.lang.Object java.lang.invoke.DirectMethodHandle$Holder.invokeSpecial(java.lang.Object, java.lang.Object, java.lang.Object, java.lang.Object, long)'> (0x00000000eb6f5358) 
thrown [s\src\hotspot\share\interpreter\linkResolver.cpp, line 759]
Event: 1.383 Thread 0x000001d0bd002e20 Exception <a 'java/lang/NoSuchMethodError'{0x00000000eb6f91d0}: 'java.lang.Object java.lang.invoke.Invokers$Holder.linkToTargetMethod(java.lang.Object, java.lang.Object, long, java.lang.Object)'> (0x00000000eb6f91d0) 
thrown [s\src\hotspot\share\interpreter\linkResolver.cpp, line 759]
Event: 1.390 Thread 0x000001d0bd002e20 Exception <a 'java/lang/NoSuchMethodError'{0x00000000eb76aa50}: 'int java.lang.invoke.DirectMethodHandle$Holder.invokeStaticInit(java.lang.Object, java.lang.Object, java.lang.Object)'> (0x00000000eb76aa50) 
thrown [s\src\hotspot\share\interpreter\linkResolver.cpp, line 759]
Event: 1.394 Thread 0x000001d0bd002e20 Exception <a 'java/lang/IncompatibleClassChangeError'{0x00000000eb7d2d88}: Found class java.lang.Object, but interface was expected> (0x00000000eb7d2d88) 
thrown [s\src\hotspot\share\interpreter\linkResolver.cpp, line 826]
Event: 1.397 Thread 0x000001d0bd002e20 Exception <a 'java/lang/NoSuchMethodError'{0x00000000eb7e5f28}: 'java.lang.Object java.lang.invoke.DirectMethodHandle$Holder.invokeSpecial(java.lang.Object, java.lang.Object, java.lang.Object, int, java.lang.Object, java.lang.Object)'> (0x00000000eb7e5f28) 
thrown [s\src\hotspot\share\interpreter\linkResolver.cpp, line 759]
Event: 1.398 Thread 0x000001d0bd002e20 Exception <a 'java/lang/NoSuchMethodError'{0x00000000eb7ee6b0}: 'java.lang.Object java.lang.invoke.DirectMethodHandle$Holder.newInvokeSpecial(java.lang.Object, java.lang.Object, java.lang.Object, int, java.lang.Object)'> (0x00000000eb7ee6b0) 
thrown [s\src\hotspot\share\interpreter\linkResolver.cpp, line 759]
Event: 1.398 Thread 0x000001d0bd002e20 Exception <a 'java/lang/NoSuchMethodError'{0x00000000eb7f2b08}: 'java.lang.Object java.lang.invoke.DirectMethodHandle$Holder.invokeSpecial(java.lang.Object, java.lang.Object, java.lang.Object, java.lang.Object, int, java.lang.Object)'> (0x00000000eb7f2b08) 
thrown [s\src\hotspot\share\interpreter\linkResolver.cpp, line 759]
Event: 1.398 Thread 0x000001d0bd1ac740 Exception <a 'java/lang/NoSuchMethodError'{0x00000000eb748b48}: 'java.lang.Object java.lang.invoke.DirectMethodHandle$Holder.invokeSpecial(java.lang.Object, java.lang.Object, int, java.lang.Object, java.lang.Object)'> (0x00000000eb748b48) 
thrown [s\src\hotspot\share\interpreter\linkResolver.cpp, line 759]
Event: 1.399 Thread 0x000001d0bd1ac740 Exception <a 'java/lang/NoSuchMethodError'{0x00000000eb750218}: 'java.lang.Object java.lang.invoke.DirectMethodHandle$Holder.newInvokeSpecial(java.lang.Object, java.lang.Object, int, java.lang.Object)'> (0x00000000eb750218) 
thrown [s\src\hotspot\share\interpreter\linkResolver.cpp, line 759]
Event: 1.399 Thread 0x000001d0bd1ac740 Exception <a 'java/lang/NoSuchMethodError'{0x00000000eb753d28}: 'java.lang.Object java.lang.invoke.DirectMethodHandle$Holder.invokeSpecial(java.lang.Object, java.lang.Object, java.lang.Object, int, java.lang.Object)'> (0x00000000eb753d28) 
thrown [s\src\hotspot\share\interpreter\linkResolver.cpp, line 759]

VM Operations (20 events):
Event: 0.732 Executing VM operation: HandshakeAllThreads
Event: 0.732 Executing VM operation: HandshakeAllThreads done
Event: 0.742 Executing VM operation: HandshakeAllThreads
Event: 0.742 Executing VM operation: HandshakeAllThreads done
Event: 0.884 Executing VM operation: HandshakeAllThreads
Event: 0.884 Executing VM operation: HandshakeAllThreads done
Event: 0.892 Executing VM operation: ParallelGCFailedAllocation
Event: 0.895 Executing VM operation: ParallelGCFailedAllocation done
Event: 1.109 Executing VM operation: HandshakeAllThreads
Event: 1.109 Executing VM operation: HandshakeAllThreads done
Event: 1.188 Executing VM operation: HandshakeAllThreads
Event: 1.188 Executing VM operation: HandshakeAllThreads done
Event: 1.254 Executing VM operation: ParallelGCFailedAllocation
Event: 1.258 Executing VM operation: ParallelGCFailedAllocation done
Event: 1.407 Executing VM operation: HandshakeAllThreads
Event: 1.407 Executing VM operation: HandshakeAllThreads done
Event: 1.408 Executing VM operation: CollectForMetadataAllocation
Event: 1.429 Executing VM operation: CollectForMetadataAllocation done
Event: 1.602 Executing VM operation: ParallelGCFailedAllocation
Event: 1.603 Executing VM operation: ParallelGCFailedAllocation done

Events (20 events):
Event: 1.484 loading class java/io/FileWriter done
Event: 1.523 loading class java/lang/NegativeArraySizeException
Event: 1.523 loading class java/lang/NegativeArraySizeException done
Event: 1.703 loading class org/w3c/dom/DOMException
Event: 1.703 loading class org/w3c/dom/DOMException done
Event: 1.726 loading class com/sun/org/apache/xerces/internal/dom/DeferredDocumentImpl
Event: 1.726 loading class com/sun/org/apache/xerces/internal/dom/DeferredNode
Event: 1.726 loading class org/w3c/dom/Node
Event: 1.727 loading class org/w3c/dom/Node done
Event: 1.727 loading class com/sun/org/apache/xerces/internal/dom/DeferredNode done
Event: 1.727 loading class com/sun/org/apache/xerces/internal/dom/DocumentImpl
Event: 1.727 loading class org/w3c/dom/traversal/DocumentTraversal
Event: 1.727 loading class org/w3c/dom/traversal/DocumentTraversal done
Event: 1.727 loading class org/w3c/dom/events/DocumentEvent
Event: 1.727 loading class org/w3c/dom/events/DocumentEvent done
Event: 1.727 loading class org/w3c/dom/ranges/DocumentRange
Event: 1.727 loading class org/w3c/dom/ranges/DocumentRange done
Event: 1.727 loading class com/sun/org/apache/xerces/internal/dom/CoreDocumentImpl
Event: 1.728 loading class org/w3c/dom/Document
Event: 1.728 loading class org/w3c/dom/Document done


Dynamic libraries:
0x00007ff7891f0000 - 0x00007ff7891fe000 	c:\Users\asus\.vscode\extensions\redhat.java-1.25.1-win32-x64\jre\17.0.9-win32-x86_64\bin\java.exe
0x00007ffd34450000 - 0x00007ffd34667000 	C:\Windows\SYSTEM32\ntdll.dll
0x00007ffd32470000 - 0x00007ffd32534000 	C:\Windows\System32\KERNEL32.DLL
0x00007ffd31be0000 - 0x00007ffd31f86000 	C:\Windows\System32\KERNELBASE.dll
0x00007ffd31fc0000 - 0x00007ffd320d1000 	C:\Windows\System32\ucrtbase.dll
0x00007ffd1b020000 - 0x00007ffd1b03b000 	c:\Users\asus\.vscode\extensions\redhat.java-1.25.1-win32-x64\jre\17.0.9-win32-x86_64\bin\VCRUNTIME140.dll
0x00007ffd1a7f0000 - 0x00007ffd1a807000 	c:\Users\asus\.vscode\extensions\redhat.java-1.25.1-win32-x64\jre\17.0.9-win32-x86_64\bin\jli.dll
0x00007ffd33cf0000 - 0x00007ffd33e9e000 	C:\Windows\System32\USER32.dll
0x00007ffd31f90000 - 0x00007ffd31fb6000 	C:\Windows\System32\win32u.dll
0x00007ffd33420000 - 0x00007ffd33449000 	C:\Windows\System32\GDI32.dll
0x00007ffd31930000 - 0x00007ffd31a48000 	C:\Windows\System32\gdi32full.dll
0x00007ffd31a50000 - 0x00007ffd31aea000 	C:\Windows\System32\msvcp_win.dll
0x00007ffd30ae0000 - 0x00007ffd30d73000 	C:\Windows\WinSxS\amd64_microsoft.windows.common-controls_6595b64144ccf1df_6.0.22621.2506_none_270c5ae97388e100\COMCTL32.dll
0x00007ffd322a0000 - 0x00007ffd32347000 	C:\Windows\System32\msvcrt.dll
0x00007ffd333e0000 - 0x00007ffd33411000 	C:\Windows\System32\IMM32.DLL
0x00007ffd2aba0000 - 0x00007ffd2abac000 	c:\Users\asus\.vscode\extensions\redhat.java-1.25.1-win32-x64\jre\17.0.9-win32-x86_64\bin\vcruntime140_1.dll
0x00007ffd10640000 - 0x00007ffd106cd000 	c:\Users\asus\.vscode\extensions\redhat.java-1.25.1-win32-x64\jre\17.0.9-win32-x86_64\bin\msvcp140.dll
0x00007ffcb8960000 - 0x00007ffcb95c1000 	c:\Users\asus\.vscode\extensions\redhat.java-1.25.1-win32-x64\jre\17.0.9-win32-x86_64\bin\server\jvm.dll
0x00007ffd34020000 - 0x00007ffd340d1000 	C:\Windows\System32\ADVAPI32.dll
0x00007ffd332a0000 - 0x00007ffd33345000 	C:\Windows\System32\sechost.dll
0x00007ffd32350000 - 0x00007ffd32467000 	C:\Windows\System32\RPCRT4.dll
0x00007ffd293c0000 - 0x00007ffd293f4000 	C:\Windows\SYSTEM32\WINMM.dll
0x00007ffd30030000 - 0x00007ffd3003a000 	C:\Windows\SYSTEM32\VERSION.dll
0x00007ffd310e0000 - 0x00007ffd3112d000 	C:\Windows\SYSTEM32\POWRPROF.dll
0x00007ffd09630000 - 0x00007ffd09639000 	C:\Windows\SYSTEM32\WSOCK32.dll
0x00007ffd321b0000 - 0x00007ffd32221000 	C:\Windows\System32\WS2_32.dll
0x00007ffd30f60000 - 0x00007ffd30f73000 	C:\Windows\SYSTEM32\UMPDC.dll
0x00007ffd2f8f0000 - 0x00007ffd2f908000 	C:\Windows\SYSTEM32\kernel.appcore.dll
0x00007ffd2aa50000 - 0x00007ffd2aa5a000 	c:\Users\asus\.vscode\extensions\redhat.java-1.25.1-win32-x64\jre\17.0.9-win32-x86_64\bin\jimage.dll
0x00007ffd31130000 - 0x00007ffd31363000 	C:\Windows\SYSTEM32\DBGHELP.DLL
0x00007ffd33960000 - 0x00007ffd33ce9000 	C:\Windows\System32\combase.dll
0x00007ffd340e0000 - 0x00007ffd341b7000 	C:\Windows\System32\OLEAUT32.dll
0x00007ffd30fa0000 - 0x00007ffd30fd2000 	C:\Windows\SYSTEM32\dbgcore.DLL
0x00007ffd31af0000 - 0x00007ffd31b6a000 	C:\Windows\System32\bcryptPrimitives.dll
0x00007ffd28300000 - 0x00007ffd2830e000 	c:\Users\asus\.vscode\extensions\redhat.java-1.25.1-win32-x64\jre\17.0.9-win32-x86_64\bin\instrument.dll
0x00007ffd15d60000 - 0x00007ffd15d85000 	c:\Users\asus\.vscode\extensions\redhat.java-1.25.1-win32-x64\jre\17.0.9-win32-x86_64\bin\java.dll
0x00007ffd162e0000 - 0x00007ffd162f8000 	c:\Users\asus\.vscode\extensions\redhat.java-1.25.1-win32-x64\jre\17.0.9-win32-x86_64\bin\zip.dll
0x00007ffd329e0000 - 0x00007ffd3323a000 	C:\Windows\System32\SHELL32.dll
0x00007ffd2e780000 - 0x00007ffd2f076000 	C:\Windows\SYSTEM32\windows.storage.dll
0x00007ffd2e640000 - 0x00007ffd2e77e000 	C:\Windows\SYSTEM32\wintypes.dll
0x00007ffd341c0000 - 0x00007ffd342b3000 	C:\Windows\System32\SHCORE.dll
0x00007ffd33fc0000 - 0x00007ffd3401e000 	C:\Windows\System32\shlwapi.dll
0x00007ffd316f0000 - 0x00007ffd31716000 	C:\Windows\SYSTEM32\profapi.dll
0x00007ffd112c0000 - 0x00007ffd112d9000 	C:\Users\asus\.vscode\extensions\redhat.java-1.25.1-win32-x64\jre\17.0.9-win32-x86_64\bin\net.dll
0x00007ffd2d060000 - 0x00007ffd2d197000 	C:\Windows\SYSTEM32\WINHTTP.dll
0x00007ffd2fd00000 - 0x00007ffd2fd69000 	C:\Windows\system32\mswsock.dll
0x00007ffd10d00000 - 0x00007ffd10d16000 	C:\Users\asus\.vscode\extensions\redhat.java-1.25.1-win32-x64\jre\17.0.9-win32-x86_64\bin\nio.dll
0x00007ffd25220000 - 0x00007ffd25230000 	c:\Users\asus\.vscode\extensions\redhat.java-1.25.1-win32-x64\jre\17.0.9-win32-x86_64\bin\verify.dll
0x00007ffd08930000 - 0x00007ffd0896e000 	C:\Users\asus\AppData\Roaming\Code\User\globalStorage\redhat.java\1.25.1\config_ss_win\org.eclipse.equinox.launcher\org.eclipse.equinox.launcher.win32.win32.x86_64_1.2.800.v20231003-1442\eclipse_11802.dll
0x00007ffd337c0000 - 0x00007ffd33960000 	C:\Windows\System32\ole32.dll

dbghelp: loaded successfully - version: 4.0.5 - missing functions: none
symbol engine: initialized successfully - sym options: 0x614 - pdb path: .;c:\Users\asus\.vscode\extensions\redhat.java-1.25.1-win32-x64\jre\17.0.9-win32-x86_64\bin;C:\Windows\SYSTEM32;C:\Windows\WinSxS\amd64_microsoft.windows.common-controls_6595b64144ccf1df_6.0.22621.2506_none_270c5ae97388e100;c:\Users\asus\.vscode\extensions\redhat.java-1.25.1-win32-x64\jre\17.0.9-win32-x86_64\bin\server;C:\Users\asus\AppData\Roaming\Code\User\globalStorage\redhat.java\1.25.1\config_ss_win\org.eclipse.equinox.launcher\org.eclipse.equinox.launcher.win32.win32.x86_64_1.2.800.v20231003-1442

VM Arguments:
jvm_args: --add-modules=ALL-SYSTEM --add-opens=java.base/java.util=ALL-UNNAMED --add-opens=java.base/java.lang=ALL-UNNAMED --add-opens=java.base/sun.nio.fs=ALL-UNNAMED -Declipse.application=org.eclipse.jdt.ls.core.id1 -Dosgi.bundles.defaultStartLevel=4 -Declipse.product=org.eclipse.jdt.ls.core.product -Djava.import.generatesMetadataFilesAtProjectRoot=false -DDetectVMInstallationsJob.disabled=true -Dfile.encoding=utf8 -XX:+UseParallelGC -XX:GCTimeRatio=4 -XX:AdaptiveSizePolicyWeight=90 -Dsun.zip.disableMemoryMapping=true -Xmx1G -Xms100m -Xlog:disable -javaagent:c:\Users\asus\.vscode\extensions\redhat.java-1.25.1-win32-x64\lombok\lombok-1.18.30.jar 
java_command: c:\Users\asus\.vscode\extensions\redhat.java-1.25.1-win32-x64\server\plugins\org.eclipse.equinox.launcher_1.6.600.v20231106-1826.jar -configuration c:\Users\asus\AppData\Roaming\Code\User\globalStorage\redhat.java\1.25.1\config_ss_win -data c:\Users\asus\AppData\Roaming\Code\User\workspaceStorage\790a2ee001d946fde0003750c571a388\redhat.java\ss_ws --stdio
java_class_path (initial): c:\Users\asus\.vscode\extensions\redhat.java-1.25.1-win32-x64\server\plugins\org.eclipse.equinox.launcher_1.6.600.v20231106-1826.jar
Launcher Type: SUN_STANDARD

[Global flags]
    uintx AdaptiveSizePolicyWeight                 = 90                                        {product} {command line}
     intx CICompilerCount                          = 12                                        {product} {ergonomic}
    uintx GCTimeRatio                              = 4                                         {product} {command line}
   size_t InitialHeapSize                          = 104857600                                 {product} {command line}
   size_t MaxHeapSize                              = 1073741824                                {product} {command line}
   size_t MaxNewSize                               = 357564416                                 {product} {ergonomic}
   size_t MinHeapDeltaBytes                        = 524288                                    {product} {ergonomic}
   size_t MinHeapSize                              = 104857600                                 {product} {command line}
   size_t NewSize                                  = 34603008                                  {product} {ergonomic}
    uintx NonNMethodCodeHeapSize                   = 7602480                                {pd product} {ergonomic}
    uintx NonProfiledCodeHeapSize                  = 122027880                              {pd product} {ergonomic}
   size_t OldSize                                  = 70254592                                  {product} {ergonomic}
    uintx ProfiledCodeHeapSize                     = 122027880                              {pd product} {ergonomic}
    uintx ReservedCodeCacheSize                    = 251658240                              {pd product} {ergonomic}
     bool SegmentedCodeCache                       = true                                      {product} {ergonomic}
   size_t SoftMaxHeapSize                          = 1073741824                             {manageable} {ergonomic}
     bool UseCompressedClassPointers               = true                           {product lp64_product} {ergonomic}
     bool UseCompressedOops                        = true                           {product lp64_product} {ergonomic}
     bool UseLargePagesIndividualAllocation        = false                                  {pd product} {ergonomic}
     bool UseParallelGC                            = true                                      {product} {command line}

Logging:
Log output configuration:
 #0: stdout all=off uptime,level,tags
 #1: stderr all=off uptime,level,tags

Environment Variables:
JAVA_HOME=C:\Program Files\Java\jdk-17
PATH=C:\Program Files\NVIDIA GPU Computing Toolkit\CUDA\v12.3\bin;C:\Program Files\NVIDIA GPU Computing Toolkit\CUDA\v12.3\libnvvp;C:\Python312\Scripts\;C:\Python312\;C:\Program Files\Java\jdk-17\bin;C:\Windows\system32;C:\Windows;C:\Windows\System32\Wbem;C:\Windows\System32\WindowsPowerShell\v1.0\;C:\Windows\System32\OpenSSH\;C:\Program Files (x86)\NVIDIA Corporation\PhysX\Common;C:\Program Files\NVIDIA Corporation\NVIDIA NvDLISR;C:\Program Files\dotnet\;C:\Program Files\Git\cmd;C:\Program Files\nodejs\;C:\ProgramData\chocolatey\bin;C:\Program Files (x86)\Microsoft SQL Server\160\Tools\Binn\;C:\Program Files\Microsoft SQL Server\160\Tools\Binn\;C:\Program Files\Microsoft SQL Server\Client SDK\ODBC\170\Tools\Binn\;C:\Program Files\Microsoft SQL Server\160\DTS\Binn\;C:\Program Files (x86)\Microsoft SQL Server\160\DTS\Binn\;C:\Program Files\Azure Data Studio\bin;C:\Program Files\NVIDIA Corporation\Nsight Compute 2023.3.1\;C:\xampp\php;C:\composer;C:\Apache\Maven\apache-maven-3.9.6\bin;C:\Program Files\Java\jdk-17\bin;C:\Users\asus\AppData\Local\Microsoft\WindowsApps;C:\Users\asus\AppData\Local\Programs\Microsoft VS Code\bin;C:\Users\asus\AppData\Roaming\npm;C:\Program Files\Azure Data Studio\bin;C:\Users\asus\AppData\Roaming\Composer\vendor\bin;C:\Users\asus\.dotnet\tools
USERNAME=asus
OS=Windows_NT
PROCESSOR_IDENTIFIER=Intel64 Family 6 Model 154 Stepping 3, GenuineIntel
TMP=C:\Users\asus\AppData\Local\Temp
TEMP=C:\Users\asus\AppData\Local\Temp



Periodic native trim disabled


---------------  S Y S T E M  ---------------

OS:
 Windows 11 , 64 bit Build 22621 (10.0.22621.2506)
OS uptime: 0 days 14:19 hours
Hyper-V role detected

CPU: total 20 (initial active 20) (10 cores per cpu, 2 threads per core) family 6 model 154 stepping 3 microcode 0x421, cx8, cmov, fxsr, ht, mmx, 3dnowpref, sse, sse2, sse3, ssse3, sse4.1, sse4.2, popcnt, lzcnt, tsc, tscinvbit, avx, avx2, aes, erms, clmul, bmi1, bmi2, adx, sha, fma, vzeroupper, clflush, clflushopt, clwb, hv
Processor Information for all 20 processors :
  Max Mhz: 2300, Current Mhz: 2300, Mhz Limit: 2300

Memory: 4k page, system-wide physical 32395M (20044M free)
TotalPageFile size 130699M (AvailPageFile size 7M)
current process WorkingSet (physical memory assigned to process): 136M, peak: 141M
current process commit charge ("private bytes"): 262M, peak: 268M

vm_info: OpenJDK 64-Bit Server VM (17.0.9+9) for windows-amd64 JRE (17.0.9+9), built on Oct 26 2023 14:01:42 by "admin" with MS VC++ 16.10 / 16.11 (VS2019)

END.
