#
# There is insufficient memory for the Java Runtime Environment to continue.
# Native memory allocation (malloc) failed to allocate 605456 bytes for Chunk::new
# Possible reasons:
#   The system is out of physical RAM or swap space
#   The process is running with CompressedOops enabled, and the Java Heap may be blocking the growth of the native heap
# Possible solutions:
#   Reduce memory load on the system
#   Increase physical memory or swap space
#   Check if swap backing store is full
#   Decrease Java heap size (-Xmx/-Xms)
#   Decrease number of Java threads
#   Decrease Java thread stack sizes (-Xss)
#   Set larger code cache with -XX:ReservedCodeCacheSize=
#   JVM is running with Unscaled Compressed Oops mode in which the Java heap is
#     placed in the first 4GB address space. The Java Heap base address is the
#     maximum limit for the native heap growth. Please use -XX:HeapBaseMinAddress
#     to set the Java Heap base and to place the Java Heap above 4GB virtual address.
# This output file may be truncated or incomplete.
#
#  Out of Memory Error (arena.cpp:191), pid=18676, tid=3276
#
# JRE version: OpenJDK Runtime Environment Temurin-17.0.9+9 (17.0.9+9) (build 17.0.9+9)
# Java VM: OpenJDK 64-Bit Server VM Temurin-17.0.9+9 (17.0.9+9, mixed mode, tiered, compressed oops, compressed class ptrs, parallel gc, windows-amd64)
# No core dump will be written. Minidumps are not enabled by default on client versions of Windows
#

---------------  S U M M A R Y ------------

Command Line: --add-modules=ALL-SYSTEM --add-opens=java.base/java.util=ALL-UNNAMED --add-opens=java.base/java.lang=ALL-UNNAMED --add-opens=java.base/sun.nio.fs=ALL-UNNAMED -Declipse.application=org.eclipse.jdt.ls.core.id1 -Dosgi.bundles.defaultStartLevel=4 -Declipse.product=org.eclipse.jdt.ls.core.product -Djava.import.generatesMetadataFilesAtProjectRoot=false -DDetectVMInstallationsJob.disabled=true -Dfile.encoding=utf8 -XX:+UseParallelGC -XX:GCTimeRatio=4 -XX:AdaptiveSizePolicyWeight=90 -Dsun.zip.disableMemoryMapping=true -Xmx1G -Xms100m -Xlog:disable -javaagent:c:\Users\asus\.vscode\extensions\redhat.java-1.25.1-win32-x64\lombok\lombok-1.18.30.jar -XX:+HeapDumpOnOutOfMemoryError -XX:HeapDumpPath=c:\Users\asus\AppData\Roaming\Code\User\workspaceStorage\790a2ee001d946fde0003750c571a388\redhat.java -Daether.dependencyCollector.impl=bf c:\Users\asus\.vscode\extensions\redhat.java-1.25.1-win32-x64\server\plugins\org.eclipse.equinox.launcher_1.6.600.v20231106-1826.jar -configuration c:\Users\asus\AppData\Roaming\Code\User\globalStorage\redhat.java\1.25.1\config_win -data c:\Users\asus\AppData\Roaming\Code\User\workspaceStorage\790a2ee001d946fde0003750c571a388\redhat.java\jdt_ws --stdio

Host: 12th Gen Intel(R) Core(TM) i7-12700H, 20 cores, 31G,  Windows 11 , 64 bit Build 22621 (10.0.22621.2506)
Time: Sat Jan  6 03:56:31 2024 Hora est. Pacífico, Sudamérica elapsed time: 2.777534 seconds (0d 0h 0m 2s)

---------------  T H R E A D  ---------------

Current thread (0x000001394b1446b0):  JavaThread "C2 CompilerThread0" daemon [_thread_in_native, id=3276, stack(0x0000003185e00000,0x0000003185f00000)]


Current CompileTask:
C2:   2777 4269       4       sun.util.locale.BaseLocale::getInstance (149 bytes)

Stack: [0x0000003185e00000,0x0000003185f00000]
Native frames: (J=compiled Java code, j=interpreted, Vv=VM code, C=native code)
V  [jvm.dll+0x67cf49]
V  [jvm.dll+0x83478a]
V  [jvm.dll+0x83624e]
V  [jvm.dll+0x8368b3]
V  [jvm.dll+0x247f1f]
V  [jvm.dll+0xac43c]
V  [jvm.dll+0xaca8c]
V  [jvm.dll+0x367012]
V  [jvm.dll+0x3313ba]
V  [jvm.dll+0x33085a]
V  [jvm.dll+0x21a5b1]
V  [jvm.dll+0x2199d1]
V  [jvm.dll+0x1a57cd]
V  [jvm.dll+0x2297ae]
V  [jvm.dll+0x22797c]
V  [jvm.dll+0x7e9877]
V  [jvm.dll+0x7e3c3a]
V  [jvm.dll+0x67be35]
C  [ucrtbase.dll+0x29363]
C  [KERNEL32.DLL+0x1257d]
C  [ntdll.dll+0x5aa58]


---------------  P R O C E S S  ---------------

Threads class SMR info:
_java_thread_list=0x00000139501a4c00, length=28, elements={
0x000001393209c1b0, 0x0000013945f25020, 0x0000013932147700, 0x000001394b13d420,
0x000001394b13e1b0, 0x000001394b13f030, 0x000001394b140c00, 0x000001394b1446b0,
0x000001394b14b180, 0x000001394b14f860, 0x000001394b2302c0, 0x000001394b230ba0,
0x000001394b2c45f0, 0x000001394b3e7f70, 0x000001394b3e8490, 0x000001394d944800,
0x000001394e3ab280, 0x000001394ea02820, 0x000001394e4bf860, 0x000001394e7ad1c0,
0x000001394e797e40, 0x000001394e69e800, 0x000001394e32d3d0, 0x000001394e32bf90,
0x000001394e32c9b0, 0x000001394f00c510, 0x000001394ff9d9d0, 0x000001394e32cec0
}

Java Threads: ( => current thread )
  0x000001393209c1b0 JavaThread "main" [_thread_blocked, id=25788, stack(0x0000003185500000,0x0000003185600000)]
  0x0000013945f25020 JavaThread "Reference Handler" daemon [_thread_blocked, id=22468, stack(0x0000003185800000,0x0000003185900000)]
  0x0000013932147700 JavaThread "Finalizer" daemon [_thread_blocked, id=25944, stack(0x0000003185900000,0x0000003185a00000)]
  0x000001394b13d420 JavaThread "Signal Dispatcher" daemon [_thread_blocked, id=25248, stack(0x0000003185a00000,0x0000003185b00000)]
  0x000001394b13e1b0 JavaThread "Attach Listener" daemon [_thread_blocked, id=11552, stack(0x0000003185b00000,0x0000003185c00000)]
  0x000001394b13f030 JavaThread "Service Thread" daemon [_thread_blocked, id=24516, stack(0x0000003185c00000,0x0000003185d00000)]
  0x000001394b140c00 JavaThread "Monitor Deflation Thread" daemon [_thread_blocked, id=30248, stack(0x0000003185d00000,0x0000003185e00000)]
=>0x000001394b1446b0 JavaThread "C2 CompilerThread0" daemon [_thread_in_native, id=3276, stack(0x0000003185e00000,0x0000003185f00000)]
  0x000001394b14b180 JavaThread "C1 CompilerThread0" daemon [_thread_blocked, id=22884, stack(0x0000003185f00000,0x0000003186000000)]
  0x000001394b14f860 JavaThread "Sweeper thread" daemon [_thread_blocked, id=17428, stack(0x0000003186000000,0x0000003186100000)]
  0x000001394b2302c0 JavaThread "Common-Cleaner" daemon [_thread_blocked, id=19692, stack(0x0000003186100000,0x0000003186200000)]
  0x000001394b230ba0 JavaThread "C1 CompilerThread1" daemon [_thread_blocked, id=14688, stack(0x0000003186200000,0x0000003186300000)]
  0x000001394b2c45f0 JavaThread "C2 CompilerThread1" daemon [_thread_in_native, id=11588, stack(0x0000003186300000,0x0000003186400000)]
  0x000001394b3e7f70 JavaThread "C1 CompilerThread2" daemon [_thread_blocked, id=31016, stack(0x0000003186400000,0x0000003186500000)]
  0x000001394b3e8490 JavaThread "C1 CompilerThread3" daemon [_thread_blocked, id=5504, stack(0x0000003186500000,0x0000003186600000)]
  0x000001394d944800 JavaThread "Notification Thread" daemon [_thread_blocked, id=12780, stack(0x0000003186600000,0x0000003186700000)]
  0x000001394e3ab280 JavaThread "Active Thread: Equinox Container: 207a8f8a-c79e-4490-8081-0bed640e84c9" [_thread_blocked, id=1280, stack(0x0000003186e00000,0x0000003186f00000)]
  0x000001394ea02820 JavaThread "Framework Event Dispatcher: Equinox Container: 207a8f8a-c79e-4490-8081-0bed640e84c9" daemon [_thread_blocked, id=8428, stack(0x0000003186f00000,0x0000003187000000)]
  0x000001394e4bf860 JavaThread "Start Level: Equinox Container: 207a8f8a-c79e-4490-8081-0bed640e84c9" daemon [_thread_in_native, id=8036, stack(0x0000003187000000,0x0000003187100000)]
  0x000001394e7ad1c0 JavaThread "Bundle File Closer" daemon [_thread_blocked, id=29240, stack(0x0000003187300000,0x0000003187400000)]
  0x000001394e797e40 JavaThread "SCR Component Actor" daemon [_thread_blocked, id=11632, stack(0x0000003187400000,0x0000003187500000)]
  0x000001394e69e800 JavaThread "SCR Component Registry" daemon [_thread_blocked, id=22408, stack(0x0000003187700000,0x0000003187800000)]
  0x000001394e32d3d0 JavaThread "Worker-JM" [_thread_blocked, id=31728, stack(0x0000003186800000,0x0000003186900000)]
  0x000001394e32bf90 JavaThread "Worker-0" [_thread_blocked, id=35392, stack(0x0000003187a00000,0x0000003187b00000)]
  0x000001394e32c9b0 JavaThread "Worker-1" [_thread_blocked, id=7764, stack(0x0000003187b00000,0x0000003187c00000)]
  0x000001394f00c510 JavaThread "C2 CompilerThread2" daemon [_thread_in_native, id=22888, stack(0x0000003187f00000,0x0000003188000000)]
  0x000001394ff9d9d0 JavaThread "C2 CompilerThread3" daemon [_thread_in_native, id=4860, stack(0x0000003188000000,0x0000003188100000)]
  0x000001394e32cec0 JavaThread "Java indexing" daemon [_thread_blocked, id=17968, stack(0x0000003188100000,0x0000003188200000)]

Other Threads:
  0x0000013945f11ba0 VMThread "VM Thread" [stack: 0x0000003185700000,0x0000003185800000] [id=30904]
  0x000001394d9455d0 WatcherThread [stack: 0x0000003186700000,0x0000003186800000] [id=30600]
  0x00000139320b0f90 GCTaskThread "GC Thread#0" [stack: 0x0000003185600000,0x0000003185700000] [id=30380]
  0x000001394e0c06c0 GCTaskThread "GC Thread#1" [stack: 0x0000003186900000,0x0000003186a00000] [id=15836]
  0x000001394e0c13a0 GCTaskThread "GC Thread#2" [stack: 0x0000003186a00000,0x0000003186b00000] [id=14808]
  0x000001394e161400 GCTaskThread "GC Thread#3" [stack: 0x0000003186b00000,0x0000003186c00000] [id=28452]
  0x000001394e1616c0 GCTaskThread "GC Thread#4" [stack: 0x0000003186c00000,0x0000003186d00000] [id=15232]
  0x000001394e161980 GCTaskThread "GC Thread#5" [stack: 0x0000003186d00000,0x0000003186e00000] [id=31860]
  0x000001394e5ee7c0 GCTaskThread "GC Thread#6" [stack: 0x0000003187100000,0x0000003187200000] [id=34552]
  0x000001394e5ed7c0 GCTaskThread "GC Thread#7" [stack: 0x0000003187200000,0x0000003187300000] [id=18252]
  0x000001394e5fd350 GCTaskThread "GC Thread#8" [stack: 0x0000003187500000,0x0000003187600000] [id=28420]
  0x000001394e7a0ba0 GCTaskThread "GC Thread#9" [stack: 0x0000003187600000,0x0000003187700000] [id=35536]
  0x000001394e9e7880 GCTaskThread "GC Thread#10" [stack: 0x0000003187800000,0x0000003187900000] [id=34328]
  0x000001394e9da040 GCTaskThread "GC Thread#11" [stack: 0x0000003187900000,0x0000003187a00000] [id=15288]
  0x000001394e401850 GCTaskThread "GC Thread#12" [stack: 0x0000003187c00000,0x0000003187d00000] [id=25864]
  0x000001394ef08fd0 GCTaskThread "GC Thread#13" [stack: 0x0000003187d00000,0x0000003187e00000] [id=28612]
  0x000001394ef09ad0 GCTaskThread "GC Thread#14" [stack: 0x0000003187e00000,0x0000003187f00000] [id=15340]

Threads with active compile tasks:
C2 CompilerThread0     2792 4269       4       sun.util.locale.BaseLocale::getInstance (149 bytes)
C2 CompilerThread1     2792 4281       4       java.io.WinNTFileSystem::normalize (143 bytes)
C2 CompilerThread2     2792 3933       4       org.lombokweb.asm.ClassReader::readMethod (1066 bytes)
C2 CompilerThread3     2792 4284   !   4       org.eclipse.osgi.internal.serviceregistry.ServiceRegistry::lookupServiceRegistrations (214 bytes)

VM state: not at safepoint (normal execution)

VM Mutex/Monitor currently owned by a thread: None

Heap address: 0x00000000c0000000, size: 1024 MB, Compressed Oops mode: 32-bit

CDS archive(s) not mapped
Compressed class space mapped at: 0x0000000100000000-0x0000000140000000, reserved size: 1073741824
Narrow klass base: 0x0000000000000000, Narrow klass shift: 3, Narrow klass range: 0x140000000

GC Precious Log:
 CPUs: 20 total, 20 available
 Memory: 32395M
 Large Page Support: Disabled
 NUMA Support: Disabled
 Compressed Oops: Enabled (32-bit)
 Alignments: Space 512K, Generation 512K, Heap 2M
 Heap Min Capacity: 100M
 Heap Initial Capacity: 100M
 Heap Max Capacity: 1G
 Pre-touch: Disabled
 Parallel Workers: 15

Heap:
 PSYoungGen      total 25600K, used 1102K [0x00000000eab00000, 0x00000000ec880000, 0x0000000100000000)
  eden space 23552K, 4% used [0x00000000eab00000,0x00000000eac13870,0x00000000ec200000)
  from space 2048K, 0% used [0x00000000ec680000,0x00000000ec680000,0x00000000ec880000)
  to   space 2048K, 0% used [0x00000000ec480000,0x00000000ec480000,0x00000000ec680000)
 ParOldGen       total 68608K, used 14242K [0x00000000c0000000, 0x00000000c4300000, 0x00000000eab00000)
  object space 68608K, 20% used [0x00000000c0000000,0x00000000c0de8a38,0x00000000c4300000)
 Metaspace       used 35275K, committed 36032K, reserved 1114112K
  class space    used 3490K, committed 3840K, reserved 1048576K

Card table byte_map: [0x0000013931a30000,0x0000013931c40000] _byte_map_base: 0x0000013931430000

Marking Bits: (ParMarkBitMap*) 0x00007ffcb94fd0b0
 Begin Bits: [0x0000013943d30000, 0x0000013944d30000)
 End Bits:   [0x0000013944d30000, 0x0000013945d30000)

Polling page: 0x000001392ff90000

Metaspace:

Usage:
  Non-class:     31.04 MB used.
      Class:      3.41 MB used.
       Both:     34.45 MB used.

Virtual space:
  Non-class space:       64.00 MB reserved,      31.44 MB ( 49%) committed,  1 nodes.
      Class space:        1.00 GB reserved,       3.75 MB ( <1%) committed,  1 nodes.
             Both:        1.06 GB reserved,      35.19 MB (  3%) committed. 

Chunk freelists:
   Non-Class:  256.00 KB
       Class:  12.11 MB
        Both:  12.36 MB

MaxMetaspaceSize: unlimited
CompressedClassSpaceSize: 1.00 GB
Initial GC threshold: 21.00 MB
Current GC threshold: 58.38 MB
CDS: off
MetaspaceReclaimPolicy: balanced
 - commit_granule_bytes: 65536.
 - commit_granule_words: 8192.
 - virtual_space_node_default_size: 8388608.
 - enlarge_chunks_in_place: 1.
 - new_chunks_are_fully_committed: 0.
 - uncommit_free_chunks: 1.
 - use_allocation_guard: 0.
 - handle_deallocations: 1.


Internal statistics:

num_allocs_failed_limit: 6.
num_arena_births: 588.
num_arena_deaths: 14.
num_vsnodes_births: 2.
num_vsnodes_deaths: 0.
num_space_committed: 563.
num_space_uncommitted: 0.
num_chunks_returned_to_freelist: 20.
num_chunks_taken_from_freelist: 1714.
num_chunk_merges: 10.
num_chunk_splits: 1083.
num_chunks_enlarged: 663.
num_inconsistent_stats: 0.

CodeHeap 'non-profiled nmethods': size=119168Kb used=1820Kb max_used=1820Kb free=117347Kb
 bounds [0x000001393c8d0000, 0x000001393cb40000, 0x0000013943d30000]
CodeHeap 'profiled nmethods': size=119104Kb used=9164Kb max_used=9164Kb free=109939Kb
 bounds [0x0000013934d30000, 0x0000013935630000, 0x000001393c180000]
CodeHeap 'non-nmethods': size=7488Kb used=3001Kb max_used=3017Kb free=4486Kb
 bounds [0x000001393c180000, 0x000001393c480000, 0x000001393c8d0000]
 total_blobs=4871 nmethods=4283 adapters=497
 compilation: enabled
              stopped_count=0, restarted_count=0
 full_count=0

Compilation events (20 events):
Event: 2.727 Thread 0x000001394b2c45f0 4275   !   4       org.eclipse.osgi.internal.container.AtomicLazyInitializer::getInitialized (70 bytes)
Event: 2.727 Thread 0x000001394ff9d9d0 nmethod 4272 0x000001393ca94710 code [0x000001393ca948c0, 0x000001393ca94b10]
Event: 2.728 Thread 0x000001394b3e8490 nmethod 4274 0x000001393561e390 code [0x000001393561e740, 0x000001393561fee8]
Event: 2.729 Thread 0x000001394b2c45f0 nmethod 4275 0x000001393ca94d90 code [0x000001393ca94f20, 0x000001393ca95348]
Event: 2.730 Thread 0x000001394b3e7f70 4276       3       sun.nio.fs.WindowsPath::checkRead (17 bytes)
Event: 2.731 Thread 0x000001394b3e7f70 nmethod 4276 0x0000013935620810 code [0x00000139356209c0, 0x0000013935620d48]
Event: 2.731 Thread 0x000001394ff9d9d0 4277       4       java.lang.invoke.DirectMethodHandle$Holder::newInvokeSpecial (21 bytes)
Event: 2.732 Thread 0x000001394b3e7f70 4278       3       org.eclipse.osgi.internal.framework.FilterImpl::newInstance (13 bytes)
Event: 2.732 Thread 0x000001394b14b180 4279       3       org.eclipse.osgi.internal.framework.FilterImpl$Parser::<init> (28 bytes)
Event: 2.732 Thread 0x000001394b230ba0 4280   !   3       org.eclipse.osgi.internal.framework.FilterImpl$Parser::parse (68 bytes)
Event: 2.732 Thread 0x000001394b14b180 nmethod 4279 0x0000013935620e90 code [0x0000013935621060, 0x00000139356213f8]
Event: 2.732 Thread 0x000001394b3e7f70 nmethod 4278 0x0000013935621590 code [0x0000013935621780, 0x0000013935621be8]
Event: 2.732 Thread 0x000001394b230ba0 nmethod 4280 0x0000013935621e10 code [0x0000013935622040, 0x0000013935622768]
Event: 2.732 Thread 0x000001394ff9d9d0 nmethod 4277 0x000001393ca95590 code [0x000001393ca95720, 0x000001393ca95908]
Event: 2.733 Thread 0x000001394b2c45f0 4281       4       java.io.WinNTFileSystem::normalize (143 bytes)
Event: 2.757 Thread 0x000001394ff9d9d0 4282       4       java.util.LinkedList$ListItr::hasNext (20 bytes)
Event: 2.758 Thread 0x000001394ff9d9d0 nmethod 4282 0x000001393ca95b10 code [0x000001393ca95c80, 0x000001393ca95d18]
Event: 2.758 Thread 0x000001394ff9d9d0 4283   !   4       java.util.WeakHashMap::expungeStaleEntries (139 bytes)
Event: 2.765 Thread 0x000001394ff9d9d0 nmethod 4283 0x000001393ca95e10 code [0x000001393ca95fc0, 0x000001393ca96958]
Event: 2.765 Thread 0x000001394ff9d9d0 4284   !   4       org.eclipse.osgi.internal.serviceregistry.ServiceRegistry::lookupServiceRegistrations (214 bytes)

GC Heap History (20 events):
Event: 1.375 GC heap before
{Heap before GC invocations=3 (full 0):
 PSYoungGen      total 29696K, used 29683K [0x00000000eab00000, 0x00000000ecc00000, 0x0000000100000000)
  eden space 25600K, 100% used [0x00000000eab00000,0x00000000ec400000,0x00000000ec400000)
  from space 4096K, 99% used [0x00000000ec800000,0x00000000ecbfcc18,0x00000000ecc00000)
  to   space 4096K, 0% used [0x00000000ec400000,0x00000000ec400000,0x00000000ec800000)
 ParOldGen       total 68608K, used 1399K [0x00000000c0000000, 0x00000000c4300000, 0x00000000eab00000)
  object space 68608K, 2% used [0x00000000c0000000,0x00000000c015dfe0,0x00000000c4300000)
 Metaspace       used 16317K, committed 16576K, reserved 1114112K
  class space    used 1638K, committed 1728K, reserved 1048576K
}
Event: 1.379 GC heap after
{Heap after GC invocations=3 (full 0):
 PSYoungGen      total 29696K, used 4094K [0x00000000eab00000, 0x00000000ecc00000, 0x0000000100000000)
  eden space 25600K, 0% used [0x00000000eab00000,0x00000000eab00000,0x00000000ec400000)
  from space 4096K, 99% used [0x00000000ec400000,0x00000000ec7ff808,0x00000000ec800000)
  to   space 4096K, 0% used [0x00000000ec800000,0x00000000ec800000,0x00000000ecc00000)
 ParOldGen       total 68608K, used 5276K [0x00000000c0000000, 0x00000000c4300000, 0x00000000eab00000)
  object space 68608K, 7% used [0x00000000c0000000,0x00000000c0527178,0x00000000c4300000)
 Metaspace       used 16317K, committed 16576K, reserved 1114112K
  class space    used 1638K, committed 1728K, reserved 1048576K
}
Event: 1.736 GC heap before
{Heap before GC invocations=4 (full 0):
 PSYoungGen      total 29696K, used 29631K [0x00000000eab00000, 0x00000000ecc00000, 0x0000000100000000)
  eden space 25600K, 99% used [0x00000000eab00000,0x00000000ec3f07b0,0x00000000ec400000)
  from space 4096K, 99% used [0x00000000ec400000,0x00000000ec7ff808,0x00000000ec800000)
  to   space 4096K, 0% used [0x00000000ec800000,0x00000000ec800000,0x00000000ecc00000)
 ParOldGen       total 68608K, used 5276K [0x00000000c0000000, 0x00000000c4300000, 0x00000000eab00000)
  object space 68608K, 7% used [0x00000000c0000000,0x00000000c0527178,0x00000000c4300000)
 Metaspace       used 20949K, committed 21440K, reserved 1114112K
  class space    used 2120K, committed 2304K, reserved 1048576K
}
Event: 1.738 GC heap after
{Heap after GC invocations=4 (full 0):
 PSYoungGen      total 29696K, used 4085K [0x00000000eab00000, 0x00000000ecc00000, 0x0000000100000000)
  eden space 25600K, 0% used [0x00000000eab00000,0x00000000eab00000,0x00000000ec400000)
  from space 4096K, 99% used [0x00000000ec800000,0x00000000ecbfd6a0,0x00000000ecc00000)
  to   space 4096K, 0% used [0x00000000ec400000,0x00000000ec400000,0x00000000ec800000)
 ParOldGen       total 68608K, used 6716K [0x00000000c0000000, 0x00000000c4300000, 0x00000000eab00000)
  object space 68608K, 9% used [0x00000000c0000000,0x00000000c068f240,0x00000000c4300000)
 Metaspace       used 20949K, committed 21440K, reserved 1114112K
  class space    used 2120K, committed 2304K, reserved 1048576K
}
Event: 1.759 GC heap before
{Heap before GC invocations=5 (full 0):
 PSYoungGen      total 29696K, used 5444K [0x00000000eab00000, 0x00000000ecc00000, 0x0000000100000000)
  eden space 25600K, 5% used [0x00000000eab00000,0x00000000eac539f8,0x00000000ec400000)
  from space 4096K, 99% used [0x00000000ec800000,0x00000000ecbfd6a0,0x00000000ecc00000)
  to   space 4096K, 0% used [0x00000000ec400000,0x00000000ec400000,0x00000000ec800000)
 ParOldGen       total 68608K, used 6716K [0x00000000c0000000, 0x00000000c4300000, 0x00000000eab00000)
  object space 68608K, 9% used [0x00000000c0000000,0x00000000c068f240,0x00000000c4300000)
 Metaspace       used 21085K, committed 21504K, reserved 1114112K
  class space    used 2132K, committed 2304K, reserved 1048576K
}
Event: 1.761 GC heap after
{Heap after GC invocations=5 (full 0):
 PSYoungGen      total 29696K, used 4073K [0x00000000eab00000, 0x00000000ece00000, 0x0000000100000000)
  eden space 25600K, 0% used [0x00000000eab00000,0x00000000eab00000,0x00000000ec400000)
  from space 4096K, 99% used [0x00000000ec400000,0x00000000ec7fa5c0,0x00000000ec800000)
  to   space 5120K, 0% used [0x00000000ec900000,0x00000000ec900000,0x00000000ece00000)
 ParOldGen       total 68608K, used 6822K [0x00000000c0000000, 0x00000000c4300000, 0x00000000eab00000)
  object space 68608K, 9% used [0x00000000c0000000,0x00000000c06a9a20,0x00000000c4300000)
 Metaspace       used 21085K, committed 21504K, reserved 1114112K
  class space    used 2132K, committed 2304K, reserved 1048576K
}
Event: 1.761 GC heap before
{Heap before GC invocations=6 (full 1):
 PSYoungGen      total 29696K, used 4073K [0x00000000eab00000, 0x00000000ece00000, 0x0000000100000000)
  eden space 25600K, 0% used [0x00000000eab00000,0x00000000eab00000,0x00000000ec400000)
  from space 4096K, 99% used [0x00000000ec400000,0x00000000ec7fa5c0,0x00000000ec800000)
  to   space 5120K, 0% used [0x00000000ec900000,0x00000000ec900000,0x00000000ece00000)
 ParOldGen       total 68608K, used 6822K [0x00000000c0000000, 0x00000000c4300000, 0x00000000eab00000)
  object space 68608K, 9% used [0x00000000c0000000,0x00000000c06a9a20,0x00000000c4300000)
 Metaspace       used 21085K, committed 21504K, reserved 1114112K
  class space    used 2132K, committed 2304K, reserved 1048576K
}
Event: 1.779 GC heap after
{Heap after GC invocations=6 (full 1):
 PSYoungGen      total 29696K, used 0K [0x00000000eab00000, 0x00000000ece00000, 0x0000000100000000)
  eden space 25600K, 0% used [0x00000000eab00000,0x00000000eab00000,0x00000000ec400000)
  from space 4096K, 0% used [0x00000000ec400000,0x00000000ec400000,0x00000000ec800000)
  to   space 5120K, 0% used [0x00000000ec900000,0x00000000ec900000,0x00000000ece00000)
 ParOldGen       total 68608K, used 10486K [0x00000000c0000000, 0x00000000c4300000, 0x00000000eab00000)
  object space 68608K, 15% used [0x00000000c0000000,0x00000000c0a3da28,0x00000000c4300000)
 Metaspace       used 21072K, committed 21504K, reserved 1114112K
  class space    used 2129K, committed 2304K, reserved 1048576K
}
Event: 2.045 GC heap before
{Heap before GC invocations=7 (full 1):
 PSYoungGen      total 29696K, used 25600K [0x00000000eab00000, 0x00000000ece00000, 0x0000000100000000)
  eden space 25600K, 100% used [0x00000000eab00000,0x00000000ec400000,0x00000000ec400000)
  from space 4096K, 0% used [0x00000000ec400000,0x00000000ec400000,0x00000000ec800000)
  to   space 5120K, 0% used [0x00000000ec900000,0x00000000ec900000,0x00000000ece00000)
 ParOldGen       total 68608K, used 10486K [0x00000000c0000000, 0x00000000c4300000, 0x00000000eab00000)
  object space 68608K, 15% used [0x00000000c0000000,0x00000000c0a3da28,0x00000000c4300000)
 Metaspace       used 24465K, committed 25088K, reserved 1114112K
  class space    used 2479K, committed 2688K, reserved 1048576K
}
Event: 2.047 GC heap after
{Heap after GC invocations=7 (full 1):
 PSYoungGen      total 26624K, used 1317K [0x00000000eab00000, 0x00000000eca80000, 0x0000000100000000)
  eden space 25088K, 0% used [0x00000000eab00000,0x00000000eab00000,0x00000000ec380000)
  from space 1536K, 85% used [0x00000000ec900000,0x00000000eca496c8,0x00000000eca80000)
  to   space 2560K, 0% used [0x00000000ec580000,0x00000000ec580000,0x00000000ec800000)
 ParOldGen       total 68608K, used 10494K [0x00000000c0000000, 0x00000000c4300000, 0x00000000eab00000)
  object space 68608K, 15% used [0x00000000c0000000,0x00000000c0a3fa28,0x00000000c4300000)
 Metaspace       used 24465K, committed 25088K, reserved 1114112K
  class space    used 2479K, committed 2688K, reserved 1048576K
}
Event: 2.272 GC heap before
{Heap before GC invocations=8 (full 1):
 PSYoungGen      total 26624K, used 26405K [0x00000000eab00000, 0x00000000eca80000, 0x0000000100000000)
  eden space 25088K, 100% used [0x00000000eab00000,0x00000000ec380000,0x00000000ec380000)
  from space 1536K, 85% used [0x00000000ec900000,0x00000000eca496c8,0x00000000eca80000)
  to   space 2560K, 0% used [0x00000000ec580000,0x00000000ec580000,0x00000000ec800000)
 ParOldGen       total 68608K, used 10494K [0x00000000c0000000, 0x00000000c4300000, 0x00000000eab00000)
  object space 68608K, 15% used [0x00000000c0000000,0x00000000c0a3fa28,0x00000000c4300000)
 Metaspace       used 27669K, committed 28352K, reserved 1114112K
  class space    used 2848K, committed 3136K, reserved 1048576K
}
Event: 2.273 GC heap after
{Heap after GC invocations=8 (full 1):
 PSYoungGen      total 27136K, used 2548K [0x00000000eab00000, 0x00000000eca00000, 0x0000000100000000)
  eden space 24576K, 0% used [0x00000000eab00000,0x00000000eab00000,0x00000000ec300000)
  from space 2560K, 99% used [0x00000000ec580000,0x00000000ec7fd208,0x00000000ec800000)
  to   space 2048K, 0% used [0x00000000ec800000,0x00000000ec800000,0x00000000eca00000)
 ParOldGen       total 68608K, used 11006K [0x00000000c0000000, 0x00000000c4300000, 0x00000000eab00000)
  object space 68608K, 16% used [0x00000000c0000000,0x00000000c0abfa28,0x00000000c4300000)
 Metaspace       used 27669K, committed 28352K, reserved 1114112K
  class space    used 2848K, committed 3136K, reserved 1048576K
}
Event: 2.375 GC heap before
{Heap before GC invocations=9 (full 1):
 PSYoungGen      total 27136K, used 27124K [0x00000000eab00000, 0x00000000eca00000, 0x0000000100000000)
  eden space 24576K, 100% used [0x00000000eab00000,0x00000000ec300000,0x00000000ec300000)
  from space 2560K, 99% used [0x00000000ec580000,0x00000000ec7fd208,0x00000000ec800000)
  to   space 2048K, 0% used [0x00000000ec800000,0x00000000ec800000,0x00000000eca00000)
 ParOldGen       total 68608K, used 11006K [0x00000000c0000000, 0x00000000c4300000, 0x00000000eab00000)
  object space 68608K, 16% used [0x00000000c0000000,0x00000000c0abfa28,0x00000000c4300000)
 Metaspace       used 30567K, committed 31232K, reserved 1114112K
  class space    used 3038K, committed 3328K, reserved 1048576K
}
Event: 2.376 GC heap after
{Heap after GC invocations=9 (full 1):
 PSYoungGen      total 26112K, used 2040K [0x00000000eab00000, 0x00000000eca00000, 0x0000000100000000)
  eden space 24064K, 0% used [0x00000000eab00000,0x00000000eab00000,0x00000000ec280000)
  from space 2048K, 99% used [0x00000000ec800000,0x00000000ec9fe130,0x00000000eca00000)
  to   space 3072K, 0% used [0x00000000ec400000,0x00000000ec400000,0x00000000ec700000)
 ParOldGen       total 68608K, used 11849K [0x00000000c0000000, 0x00000000c4300000, 0x00000000eab00000)
  object space 68608K, 17% used [0x00000000c0000000,0x00000000c0b926c8,0x00000000c4300000)
 Metaspace       used 30567K, committed 31232K, reserved 1114112K
  class space    used 3038K, committed 3328K, reserved 1048576K
}
Event: 2.471 GC heap before
{Heap before GC invocations=10 (full 1):
 PSYoungGen      total 26112K, used 26051K [0x00000000eab00000, 0x00000000eca00000, 0x0000000100000000)
  eden space 24064K, 99% used [0x00000000eab00000,0x00000000ec272ec8,0x00000000ec280000)
  from space 2048K, 99% used [0x00000000ec800000,0x00000000ec9fe130,0x00000000eca00000)
  to   space 3072K, 0% used [0x00000000ec400000,0x00000000ec400000,0x00000000ec700000)
 ParOldGen       total 68608K, used 11849K [0x00000000c0000000, 0x00000000c4300000, 0x00000000eab00000)
  object space 68608K, 17% used [0x00000000c0000000,0x00000000c0b926c8,0x00000000c4300000)
 Metaspace       used 32679K, committed 33408K, reserved 1114112K
  class space    used 3198K, committed 3520K, reserved 1048576K
}
Event: 2.472 GC heap after
{Heap after GC invocations=10 (full 1):
 PSYoungGen      total 26112K, used 2055K [0x00000000eab00000, 0x00000000ec880000, 0x0000000100000000)
  eden space 23552K, 0% used [0x00000000eab00000,0x00000000eab00000,0x00000000ec200000)
  from space 2560K, 80% used [0x00000000ec400000,0x00000000ec601d28,0x00000000ec680000)
  to   space 2048K, 0% used [0x00000000ec680000,0x00000000ec680000,0x00000000ec880000)
 ParOldGen       total 68608K, used 12567K [0x00000000c0000000, 0x00000000c4300000, 0x00000000eab00000)
  object space 68608K, 18% used [0x00000000c0000000,0x00000000c0c45d68,0x00000000c4300000)
 Metaspace       used 32679K, committed 33408K, reserved 1114112K
  class space    used 3198K, committed 3520K, reserved 1048576K
}
Event: 2.734 GC heap before
{Heap before GC invocations=11 (full 1):
 PSYoungGen      total 26112K, used 17226K [0x00000000eab00000, 0x00000000ec880000, 0x0000000100000000)
  eden space 23552K, 64% used [0x00000000eab00000,0x00000000eb9d0c68,0x00000000ec200000)
  from space 2560K, 80% used [0x00000000ec400000,0x00000000ec601d28,0x00000000ec680000)
  to   space 2048K, 0% used [0x00000000ec680000,0x00000000ec680000,0x00000000ec880000)
 ParOldGen       total 68608K, used 12567K [0x00000000c0000000, 0x00000000c4300000, 0x00000000eab00000)
  object space 68608K, 18% used [0x00000000c0000000,0x00000000c0c45d68,0x00000000c4300000)
 Metaspace       used 35134K, committed 35840K, reserved 1114112K
  class space    used 3470K, committed 3776K, reserved 1048576K
}
Event: 2.735 GC heap after
{Heap after GC invocations=11 (full 1):
 PSYoungGen      total 25600K, used 1713K [0x00000000eab00000, 0x00000000ec880000, 0x0000000100000000)
  eden space 23552K, 0% used [0x00000000eab00000,0x00000000eab00000,0x00000000ec200000)
  from space 2048K, 83% used [0x00000000ec680000,0x00000000ec82c5d8,0x00000000ec880000)
  to   space 2048K, 0% used [0x00000000ec480000,0x00000000ec480000,0x00000000ec680000)
 ParOldGen       total 68608K, used 13959K [0x00000000c0000000, 0x00000000c4300000, 0x00000000eab00000)
  object space 68608K, 20% used [0x00000000c0000000,0x00000000c0da1ca0,0x00000000c4300000)
 Metaspace       used 35134K, committed 35840K, reserved 1114112K
  class space    used 3470K, committed 3776K, reserved 1048576K
}
Event: 2.735 GC heap before
{Heap before GC invocations=12 (full 2):
 PSYoungGen      total 25600K, used 1713K [0x00000000eab00000, 0x00000000ec880000, 0x0000000100000000)
  eden space 23552K, 0% used [0x00000000eab00000,0x00000000eab00000,0x00000000ec200000)
  from space 2048K, 83% used [0x00000000ec680000,0x00000000ec82c5d8,0x00000000ec880000)
  to   space 2048K, 0% used [0x00000000ec480000,0x00000000ec480000,0x00000000ec680000)
 ParOldGen       total 68608K, used 13959K [0x00000000c0000000, 0x00000000c4300000, 0x00000000eab00000)
  object space 68608K, 20% used [0x00000000c0000000,0x00000000c0da1ca0,0x00000000c4300000)
 Metaspace       used 35134K, committed 35840K, reserved 1114112K
  class space    used 3470K, committed 3776K, reserved 1048576K
}
Event: 2.755 GC heap after
{Heap after GC invocations=12 (full 2):
 PSYoungGen      total 25600K, used 0K [0x00000000eab00000, 0x00000000ec880000, 0x0000000100000000)
  eden space 23552K, 0% used [0x00000000eab00000,0x00000000eab00000,0x00000000ec200000)
  from space 2048K, 0% used [0x00000000ec680000,0x00000000ec680000,0x00000000ec880000)
  to   space 2048K, 0% used [0x00000000ec480000,0x00000000ec480000,0x00000000ec680000)
 ParOldGen       total 68608K, used 14242K [0x00000000c0000000, 0x00000000c4300000, 0x00000000eab00000)
  object space 68608K, 20% used [0x00000000c0000000,0x00000000c0de8a38,0x00000000c4300000)
 Metaspace       used 35134K, committed 35840K, reserved 1114112K
  class space    used 3470K, committed 3776K, reserved 1048576K
}

Dll operation events (9 events):
Event: 0.006 Loaded shared library c:\Users\asus\.vscode\extensions\redhat.java-1.25.1-win32-x64\jre\17.0.9-win32-x86_64\bin\java.dll
Event: 0.132 Loaded shared library c:\Users\asus\.vscode\extensions\redhat.java-1.25.1-win32-x64\jre\17.0.9-win32-x86_64\bin\zip.dll
Event: 0.138 Loaded shared library C:\Users\asus\.vscode\extensions\redhat.java-1.25.1-win32-x64\jre\17.0.9-win32-x86_64\bin\instrument.dll
Event: 0.156 Loaded shared library C:\Users\asus\.vscode\extensions\redhat.java-1.25.1-win32-x64\jre\17.0.9-win32-x86_64\bin\net.dll
Event: 0.159 Loaded shared library C:\Users\asus\.vscode\extensions\redhat.java-1.25.1-win32-x64\jre\17.0.9-win32-x86_64\bin\nio.dll
Event: 0.167 Loaded shared library C:\Users\asus\.vscode\extensions\redhat.java-1.25.1-win32-x64\jre\17.0.9-win32-x86_64\bin\zip.dll
Event: 0.185 Loaded shared library C:\Users\asus\.vscode\extensions\redhat.java-1.25.1-win32-x64\jre\17.0.9-win32-x86_64\bin\jimage.dll
Event: 0.230 Loaded shared library c:\Users\asus\.vscode\extensions\redhat.java-1.25.1-win32-x64\jre\17.0.9-win32-x86_64\bin\verify.dll
Event: 1.020 Loaded shared library C:\Users\asus\AppData\Roaming\Code\User\globalStorage\redhat.java\1.25.1\config_win\org.eclipse.equinox.launcher\org.eclipse.equinox.launcher.win32.win32.x86_64_1.2.800.v20231003-1442\eclipse_11802.dll

Deoptimization events (20 events):
Event: 2.535 Thread 0x000001394e4bf860 DEOPT PACKING pc=0x000001393c96c270 sp=0x00000031870fd960
Event: 2.535 Thread 0x000001394e4bf860 DEOPT UNPACKING pc=0x000001393c1d66a3 sp=0x00000031870fd8b8 mode 2
Event: 2.535 Thread 0x000001394e4bf860 Uncommon trap: trap_request=0xffffffc6 fr.pc=0x000001393c96c270 relative=0x0000000000000930
Event: 2.535 Thread 0x000001394e4bf860 Uncommon trap: reason=bimorphic_or_optimized_type_check action=maybe_recompile pc=0x000001393c96c270 method=java.util.HashMap.putVal(ILjava/lang/Object;Ljava/lang/Object;ZZ)Ljava/lang/Object; @ 56 c2
Event: 2.535 Thread 0x000001394e4bf860 DEOPT PACKING pc=0x000001393c96c270 sp=0x00000031870fd960
Event: 2.535 Thread 0x000001394e4bf860 DEOPT UNPACKING pc=0x000001393c1d66a3 sp=0x00000031870fd8b8 mode 2
Event: 2.535 Thread 0x000001394e4bf860 Uncommon trap: trap_request=0xffffffc6 fr.pc=0x000001393c96c270 relative=0x0000000000000930
Event: 2.535 Thread 0x000001394e4bf860 Uncommon trap: reason=bimorphic_or_optimized_type_check action=maybe_recompile pc=0x000001393c96c270 method=java.util.HashMap.putVal(ILjava/lang/Object;Ljava/lang/Object;ZZ)Ljava/lang/Object; @ 56 c2
Event: 2.535 Thread 0x000001394e4bf860 DEOPT PACKING pc=0x000001393c96c270 sp=0x00000031870fd960
Event: 2.535 Thread 0x000001394e4bf860 DEOPT UNPACKING pc=0x000001393c1d66a3 sp=0x00000031870fd8b8 mode 2
Event: 2.535 Thread 0x000001394e4bf860 Uncommon trap: trap_request=0xffffffc6 fr.pc=0x000001393c96c270 relative=0x0000000000000930
Event: 2.535 Thread 0x000001394e4bf860 Uncommon trap: reason=bimorphic_or_optimized_type_check action=maybe_recompile pc=0x000001393c96c270 method=java.util.HashMap.putVal(ILjava/lang/Object;Ljava/lang/Object;ZZ)Ljava/lang/Object; @ 56 c2
Event: 2.535 Thread 0x000001394e4bf860 DEOPT PACKING pc=0x000001393c96c270 sp=0x00000031870fd960
Event: 2.535 Thread 0x000001394e4bf860 DEOPT UNPACKING pc=0x000001393c1d66a3 sp=0x00000031870fd8b8 mode 2
Event: 2.733 Thread 0x000001394e4bf860 DEOPT PACKING pc=0x00000139351b6188 sp=0x00000031870f8120
Event: 2.733 Thread 0x000001394e4bf860 DEOPT UNPACKING pc=0x000001393c1d6e43 sp=0x00000031870f7628 mode 0
Event: 2.773 Thread 0x000001394e4bf860 Uncommon trap: trap_request=0xffffff45 fr.pc=0x000001393c921894 relative=0x0000000000000694
Event: 2.773 Thread 0x000001394e4bf860 Uncommon trap: reason=unstable_if action=reinterpret pc=0x000001393c921894 method=java.lang.String.replace(Ljava/lang/CharSequence;Ljava/lang/CharSequence;)Ljava/lang/String; @ 42 c2
Event: 2.773 Thread 0x000001394e4bf860 DEOPT PACKING pc=0x000001393c921894 sp=0x00000031870fb6e0
Event: 2.774 Thread 0x000001394e4bf860 DEOPT UNPACKING pc=0x000001393c1d66a3 sp=0x00000031870fb670 mode 2

Classes unloaded (7 events):
Event: 1.764 Thread 0x0000013945f11ba0 Unloading class 0x0000000100248000 'java/lang/invoke/LambdaForm$MH+0x0000000100248000'
Event: 1.764 Thread 0x0000013945f11ba0 Unloading class 0x0000000100247c00 'java/lang/invoke/LambdaForm$MH+0x0000000100247c00'
Event: 1.764 Thread 0x0000013945f11ba0 Unloading class 0x0000000100247800 'java/lang/invoke/LambdaForm$MH+0x0000000100247800'
Event: 1.764 Thread 0x0000013945f11ba0 Unloading class 0x0000000100247400 'java/lang/invoke/LambdaForm$MH+0x0000000100247400'
Event: 1.764 Thread 0x0000013945f11ba0 Unloading class 0x0000000100247000 'java/lang/invoke/LambdaForm$BMH+0x0000000100247000'
Event: 1.764 Thread 0x0000013945f11ba0 Unloading class 0x0000000100246c00 'java/lang/invoke/LambdaForm$DMH+0x0000000100246c00'
Event: 1.764 Thread 0x0000013945f11ba0 Unloading class 0x0000000100244000 'java/lang/invoke/LambdaForm$DMH+0x0000000100244000'

Classes redefined (0 events):
No events

Internal exceptions (20 events):
Event: 2.156 Thread 0x000001394e4bf860 Exception <a 'java/lang/NoSuchMethodError'{0x00000000eb9d2478}: 'int java.lang.invoke.Invokers$Holder.linkToTargetMethod(java.lang.Object, java.lang.Object)'> (0x00000000eb9d2478) 
thrown [s\src\hotspot\share\interpreter\linkResolver.cpp, line 759]
Event: 2.176 Thread 0x000001394e4bf860 Exception <a 'java/lang/NoSuchMethodError'{0x00000000ebab28a0}: 'java.lang.Object java.lang.invoke.DirectMethodHandle$Holder.invokeSpecial(java.lang.Object, java.lang.Object, java.lang.Object, java.lang.Object, java.lang.Object, java.lang.Object, java.lang.Object, java.lang.Object, java.lang.Object, java.lang.Object, java.lang.Object)'> (0x00000000ebab28a0) 
thrown [s\src\hotspot\share\interpreter\linkResolver.cpp, line 759]
Event: 2.176 Thread 0x000001394e4bf860 Exception <a 'java/lang/NoSuchMethodError'{0x00000000ebab7db8}: 'java.lang.Object java.lang.invoke.Invokers$Holder.invoke_MT(java.lang.Object, java.lang.Object, java.lang.Object, java.lang.Object, java.lang.Object, java.lang.Object, java.lang.Object, java.lang.Object, java.lang.Object, java.lang.Object, java.lang.Object)'> (0x00000000ebab7db8) 
thrown [s\src\hotspot\share\interpreter\linkResolver.cpp, line 759]
Event: 2.184 Thread 0x000001394e4bf860 Exception <a 'java/lang/NoSuchMethodError'{0x00000000ebb43920}: 'java.lang.Object java.lang.invoke.DirectMethodHandle$Holder.invokeSpecial(java.lang.Object, java.lang.Object, java.lang.Object, java.lang.Object, java.lang.Object, java.lang.Object, java.lang.Object, java.lang.Object, java.lang.Object, java.lang.Object)'> (0x00000000ebb43920) 
thrown [s\src\hotspot\share\interpreter\linkResolver.cpp, line 759]
Event: 2.184 Thread 0x000001394e4bf860 Exception <a 'java/lang/NoSuchMethodError'{0x00000000ebb48b70}: 'java.lang.Object java.lang.invoke.Invokers$Holder.invoke_MT(java.lang.Object, java.lang.Object, java.lang.Object, java.lang.Object, java.lang.Object, java.lang.Object, java.lang.Object, java.lang.Object, java.lang.Object, java.lang.Object)'> (0x00000000ebb48b70) 
thrown [s\src\hotspot\share\interpreter\linkResolver.cpp, line 759]
Event: 2.192 Thread 0x000001394e4bf860 Exception <a 'java/lang/NoSuchMethodError'{0x00000000ebbe4b70}: 'java.lang.Object java.lang.invoke.DirectMethodHandle$Holder.newInvokeSpecial(java.lang.Object, java.lang.Object, java.lang.Object, java.lang.Object, java.lang.Object, java.lang.Object, java.lang.Object)'> (0x00000000ebbe4b70) 
thrown [s\src\hotspot\share\interpreter\linkResolver.cpp, line 759]
Event: 2.197 Thread 0x000001394e4bf860 Exception <a 'java/lang/NoSuchMethodError'{0x00000000ebc524c0}: 'java.lang.Object java.lang.invoke.DirectMethodHandle$Holder.invokeSpecial(java.lang.Object, java.lang.Object, java.lang.Object, java.lang.Object, java.lang.Object, java.lang.Object, java.lang.Object, java.lang.Object, java.lang.Object, java.lang.Object, java.lang.Object, java.lang.Object, java.lang.Object)'> (0x00000000ebc524c0) 
thrown [s\src\hotspot\share\interpreter\linkResolver.cpp, line 759]
Event: 2.197 Thread 0x000001394e4bf860 Exception <a 'java/lang/NoSuchMethodError'{0x00000000ebc57ff0}: 'java.lang.Object java.lang.invoke.Invokers$Holder.invoker(java.lang.Object, java.lang.Object, java.lang.Object, java.lang.Object, java.lang.Object, java.lang.Object, java.lang.Object, java.lang.Object, java.lang.Object, java.lang.Object, java.lang.Object, java.lang.Object, java.lang.Object)'> (0x00000000ebc57ff0) 
thrown [s\src\hotspot\share\interpreter\linkResolver.cpp, line 759]
Event: 2.198 Thread 0x000001394e4bf860 Exception <a 'java/lang/NoSuchMethodError'{0x00000000ebc5ed50}: 'java.lang.Object java.lang.invoke.DirectMethodHandle$Holder.invokeSpecial(java.lang.Object, java.lang.Object, java.lang.Object, java.lang.Object, java.lang.Object, java.lang.Object, java.lang.Object, java.lang.Object, java.lang.Object, java.lang.Object, java.lang.Object, java.lang.Object, java.lang.Object, java.lang.Object)'> (0x00000000ebc5ed50) 
thrown [s\src\hotspot\share\interpreter\linkResolver.cpp, line 759]
Event: 2.202 Thread 0x000001394e4bf860 Exception <a 'java/lang/NoSuchMethodError'{0x00000000ebcc5548}: static Lorg/eclipse/m2e/core/internal/lifecyclemapping/model/PluginExecutionMetadata;.<clinit>()V> (0x00000000ebcc5548) 
thrown [s\src\hotspot\share\prims\jni.cpp, line 1107]
Event: 2.206 Thread 0x000001394e4bf860 Exception <a 'java/lang/NoSuchMethodError'{0x00000000ebd21410}: static Lorg/eclipse/m2e/core/internal/lifecyclemapping/model/PluginExecutionFilter;.<clinit>()V> (0x00000000ebd21410) 
thrown [s\src\hotspot\share\prims\jni.cpp, line 1107]
Event: 2.208 Thread 0x000001394e4bf860 Exception <a 'java/lang/NoSuchMethodError'{0x00000000ebd55230}: static Lorg/eclipse/m2e/core/internal/project/registry/MavenProjectFacade$MavenProjectConfiguration;.<clinit>()V> (0x00000000ebd55230) 
thrown [s\src\hotspot\share\prims\jni.cpp, line 1107]
Event: 2.485 Thread 0x000001394e4bf860 Exception <a 'java/lang/ClassNotFoundException'{0x00000000eabefcb8}: com/sun/org/apache/xerces/internal/impl/msg/spi/DOMMessagesProvider> (0x00000000eabefcb8) 
thrown [s\src\hotspot\share\classfile\systemDictionary.cpp, line 256]
Event: 2.486 Thread 0x000001394e4bf860 Exception <a 'java/lang/ClassNotFoundException'{0x00000000eac13fe0}: com/sun/org/apache/xerces/internal/impl/msg/spi/XMLSerializerMessagesProvider> (0x00000000eac13fe0) 
thrown [s\src\hotspot\share\classfile\systemDictionary.cpp, line 256]
Event: 2.487 Thread 0x000001394e4bf860 Exception <a 'java/lang/ClassNotFoundException'{0x00000000eac2c520}: com/sun/org/apache/xerces/internal/impl/msg/spi/XMLMessagesProvider> (0x00000000eac2c520) 
thrown [s\src\hotspot\share\classfile\systemDictionary.cpp, line 256]
Event: 2.511 Thread 0x000001394e4bf860 Exception <a 'java/lang/NoSuchMethodError'{0x00000000eae06240}: 'void java.lang.invoke.DirectMethodHandle$Holder.invokeVirtual(java.lang.Object, java.lang.Object)'> (0x00000000eae06240) 
thrown [s\src\hotspot\share\interpreter\linkResolver.cpp, line 759]
Event: 2.545 Thread 0x000001394e4bf860 Exception <a 'java/lang/NoSuchMethodError'{0x00000000eb098d68}: 'java.lang.Object java.lang.invoke.DirectMethodHandle$Holder.invokeStaticInit(java.lang.Object, int, int, int, int)'> (0x00000000eb098d68) 
thrown [s\src\hotspot\share\interpreter\linkResolver.cpp, line 759]
Event: 2.617 Thread 0x000001394e4bf860 Exception <a 'java/lang/NoSuchMethodError'{0x00000000eb1c6740}: 'java.lang.Object java.lang.invoke.DirectMethodHandle$Holder.invokeStaticInit(java.lang.Object, java.lang.Object, int, int, int, int)'> (0x00000000eb1c6740) 
thrown [s\src\hotspot\share\interpreter\linkResolver.cpp, line 759]
Event: 2.666 Thread 0x000001394e4bf860 Exception <a 'java/lang/ClassNotFoundException'{0x00000000eb5221d0}: com/sun/org/apache/xml/internal/serializer/spi/XMLEntitiesProvider> (0x00000000eb5221d0) 
thrown [s\src\hotspot\share\classfile\systemDictionary.cpp, line 256]
Event: 2.727 Thread 0x000001394e4bf860 Exception <a 'java/io/FileNotFoundException'{0x00000000eb914ad0}> (0x00000000eb914ad0) 
thrown [s\src\hotspot\share\prims\jni.cpp, line 516]

VM Operations (20 events):
Event: 2.142 Executing VM operation: HandshakeAllThreads
Event: 2.142 Executing VM operation: HandshakeAllThreads done
Event: 2.142 Executing VM operation: HandshakeAllThreads
Event: 2.142 Executing VM operation: HandshakeAllThreads done
Event: 2.272 Executing VM operation: ParallelGCFailedAllocation
Event: 2.274 Executing VM operation: ParallelGCFailedAllocation done
Event: 2.375 Executing VM operation: ParallelGCFailedAllocation
Event: 2.376 Executing VM operation: ParallelGCFailedAllocation done
Event: 2.471 Executing VM operation: ParallelGCFailedAllocation
Event: 2.472 Executing VM operation: ParallelGCFailedAllocation done
Event: 2.535 Executing VM operation: HandshakeAllThreads
Event: 2.535 Executing VM operation: HandshakeAllThreads done
Event: 2.609 Executing VM operation: HandshakeAllThreads
Event: 2.609 Executing VM operation: HandshakeAllThreads done
Event: 2.644 Executing VM operation: HandshakeAllThreads
Event: 2.644 Executing VM operation: HandshakeAllThreads done
Event: 2.687 Executing VM operation: HandshakeAllThreads
Event: 2.687 Executing VM operation: HandshakeAllThreads done
Event: 2.734 Executing VM operation: CollectForMetadataAllocation
Event: 2.755 Executing VM operation: CollectForMetadataAllocation done

Events (20 events):
Event: 2.704 loading class com/sun/org/apache/xml/internal/serializer/NamespaceMappings$MappingRecord done
Event: 2.704 loading class javax/xml/transform/stream/StreamSource
Event: 2.704 loading class javax/xml/transform/stream/StreamSource done
Event: 2.704 loading class javax/xml/transform/sax/SAXSource
Event: 2.704 loading class javax/xml/transform/sax/SAXSource done
Event: 2.704 loading class javax/xml/transform/stax/StAXSource
Event: 2.704 loading class javax/xml/transform/stax/StAXSource done
Event: 2.704 loading class com/sun/org/apache/xalan/internal/xsltc/trax/DOM2TO
Event: 2.705 loading class com/sun/org/apache/xalan/internal/xsltc/trax/DOM2TO done
Event: 2.706 loading class com/sun/org/apache/xml/internal/serializer/WriterToUTF8Buffered
Event: 2.707 loading class com/sun/org/apache/xml/internal/serializer/WriterChain
Event: 2.707 loading class com/sun/org/apache/xml/internal/serializer/WriterChain done
Event: 2.707 loading class com/sun/org/apache/xml/internal/serializer/WriterToUTF8Buffered done
Event: 2.707 loading class com/sun/org/apache/xml/internal/serializer/WriterToASCI
Event: 2.707 loading class com/sun/org/apache/xml/internal/serializer/WriterToASCI done
Event: 2.721 loading class java/io/FileOutputStream$1
Event: 2.721 loading class java/io/FileOutputStream$1 done
Event: 2.768 loading class java/nio/charset/IllegalCharsetNameException
Event: 2.768 loading class java/nio/charset/IllegalCharsetNameException done
Event: 2.775 loading class java/io/File$TempDirectory


Dynamic libraries:
0x00007ff7891f0000 - 0x00007ff7891fe000 	c:\Users\asus\.vscode\extensions\redhat.java-1.25.1-win32-x64\jre\17.0.9-win32-x86_64\bin\java.exe
0x00007ffd34450000 - 0x00007ffd34667000 	C:\Windows\SYSTEM32\ntdll.dll
0x00007ffd32470000 - 0x00007ffd32534000 	C:\Windows\System32\KERNEL32.DLL
0x00007ffd31be0000 - 0x00007ffd31f86000 	C:\Windows\System32\KERNELBASE.dll
0x00007ffd31fc0000 - 0x00007ffd320d1000 	C:\Windows\System32\ucrtbase.dll
0x00007ffd1a7f0000 - 0x00007ffd1a80b000 	c:\Users\asus\.vscode\extensions\redhat.java-1.25.1-win32-x64\jre\17.0.9-win32-x86_64\bin\VCRUNTIME140.dll
0x00007ffd1b020000 - 0x00007ffd1b037000 	c:\Users\asus\.vscode\extensions\redhat.java-1.25.1-win32-x64\jre\17.0.9-win32-x86_64\bin\jli.dll
0x00007ffd33cf0000 - 0x00007ffd33e9e000 	C:\Windows\System32\USER32.dll
0x00007ffd31f90000 - 0x00007ffd31fb6000 	C:\Windows\System32\win32u.dll
0x00007ffd30ae0000 - 0x00007ffd30d73000 	C:\Windows\WinSxS\amd64_microsoft.windows.common-controls_6595b64144ccf1df_6.0.22621.2506_none_270c5ae97388e100\COMCTL32.dll
0x00007ffd322a0000 - 0x00007ffd32347000 	C:\Windows\System32\msvcrt.dll
0x00007ffd33420000 - 0x00007ffd33449000 	C:\Windows\System32\GDI32.dll
0x00007ffd31930000 - 0x00007ffd31a48000 	C:\Windows\System32\gdi32full.dll
0x00007ffd31a50000 - 0x00007ffd31aea000 	C:\Windows\System32\msvcp_win.dll
0x00007ffd333e0000 - 0x00007ffd33411000 	C:\Windows\System32\IMM32.DLL
0x00007ffd2aba0000 - 0x00007ffd2abac000 	c:\Users\asus\.vscode\extensions\redhat.java-1.25.1-win32-x64\jre\17.0.9-win32-x86_64\bin\vcruntime140_1.dll
0x00007ffd10640000 - 0x00007ffd106cd000 	c:\Users\asus\.vscode\extensions\redhat.java-1.25.1-win32-x64\jre\17.0.9-win32-x86_64\bin\msvcp140.dll
0x00007ffcb8960000 - 0x00007ffcb95c1000 	c:\Users\asus\.vscode\extensions\redhat.java-1.25.1-win32-x64\jre\17.0.9-win32-x86_64\bin\server\jvm.dll
0x00007ffd34020000 - 0x00007ffd340d1000 	C:\Windows\System32\ADVAPI32.dll
0x00007ffd332a0000 - 0x00007ffd33345000 	C:\Windows\System32\sechost.dll
0x00007ffd32350000 - 0x00007ffd32467000 	C:\Windows\System32\RPCRT4.dll
0x00007ffd310e0000 - 0x00007ffd3112d000 	C:\Windows\SYSTEM32\POWRPROF.dll
0x00007ffd09630000 - 0x00007ffd09639000 	C:\Windows\SYSTEM32\WSOCK32.dll
0x00007ffd293c0000 - 0x00007ffd293f4000 	C:\Windows\SYSTEM32\WINMM.dll
0x00007ffd321b0000 - 0x00007ffd32221000 	C:\Windows\System32\WS2_32.dll
0x00007ffd30030000 - 0x00007ffd3003a000 	C:\Windows\SYSTEM32\VERSION.dll
0x00007ffd30f60000 - 0x00007ffd30f73000 	C:\Windows\SYSTEM32\UMPDC.dll
0x00007ffd2f8f0000 - 0x00007ffd2f908000 	C:\Windows\SYSTEM32\kernel.appcore.dll
0x00007ffd2aa50000 - 0x00007ffd2aa5a000 	c:\Users\asus\.vscode\extensions\redhat.java-1.25.1-win32-x64\jre\17.0.9-win32-x86_64\bin\jimage.dll
0x00007ffd31130000 - 0x00007ffd31363000 	C:\Windows\SYSTEM32\DBGHELP.DLL
0x00007ffd33960000 - 0x00007ffd33ce9000 	C:\Windows\System32\combase.dll
0x00007ffd340e0000 - 0x00007ffd341b7000 	C:\Windows\System32\OLEAUT32.dll
0x00007ffd30fa0000 - 0x00007ffd30fd2000 	C:\Windows\SYSTEM32\dbgcore.DLL
0x00007ffd31af0000 - 0x00007ffd31b6a000 	C:\Windows\System32\bcryptPrimitives.dll
0x00007ffd28300000 - 0x00007ffd2830e000 	c:\Users\asus\.vscode\extensions\redhat.java-1.25.1-win32-x64\jre\17.0.9-win32-x86_64\bin\instrument.dll
0x00007ffd15d60000 - 0x00007ffd15d85000 	c:\Users\asus\.vscode\extensions\redhat.java-1.25.1-win32-x64\jre\17.0.9-win32-x86_64\bin\java.dll
0x00007ffd162e0000 - 0x00007ffd162f8000 	c:\Users\asus\.vscode\extensions\redhat.java-1.25.1-win32-x64\jre\17.0.9-win32-x86_64\bin\zip.dll
0x00007ffd329e0000 - 0x00007ffd3323a000 	C:\Windows\System32\SHELL32.dll
0x00007ffd2e780000 - 0x00007ffd2f076000 	C:\Windows\SYSTEM32\windows.storage.dll
0x00007ffd2e640000 - 0x00007ffd2e77e000 	C:\Windows\SYSTEM32\wintypes.dll
0x00007ffd341c0000 - 0x00007ffd342b3000 	C:\Windows\System32\SHCORE.dll
0x00007ffd33fc0000 - 0x00007ffd3401e000 	C:\Windows\System32\shlwapi.dll
0x00007ffd316f0000 - 0x00007ffd31716000 	C:\Windows\SYSTEM32\profapi.dll
0x00007ffd112c0000 - 0x00007ffd112d9000 	C:\Users\asus\.vscode\extensions\redhat.java-1.25.1-win32-x64\jre\17.0.9-win32-x86_64\bin\net.dll
0x00007ffd2d060000 - 0x00007ffd2d197000 	C:\Windows\SYSTEM32\WINHTTP.dll
0x00007ffd2fd00000 - 0x00007ffd2fd69000 	C:\Windows\system32\mswsock.dll
0x00007ffd10d00000 - 0x00007ffd10d16000 	C:\Users\asus\.vscode\extensions\redhat.java-1.25.1-win32-x64\jre\17.0.9-win32-x86_64\bin\nio.dll
0x00007ffd25220000 - 0x00007ffd25230000 	c:\Users\asus\.vscode\extensions\redhat.java-1.25.1-win32-x64\jre\17.0.9-win32-x86_64\bin\verify.dll
0x00007ffd088f0000 - 0x00007ffd0892e000 	C:\Users\asus\AppData\Roaming\Code\User\globalStorage\redhat.java\1.25.1\config_win\org.eclipse.equinox.launcher\org.eclipse.equinox.launcher.win32.win32.x86_64_1.2.800.v20231003-1442\eclipse_11802.dll
0x00007ffd337c0000 - 0x00007ffd33960000 	C:\Windows\System32\ole32.dll
0x00007ffd31460000 - 0x00007ffd3147b000 	C:\Windows\SYSTEM32\CRYPTSP.dll
0x00007ffd2f840000 - 0x00007ffd2f875000 	C:\Windows\system32\rsaenh.dll
0x00007ffd2fdf0000 - 0x00007ffd2fe1c000 	C:\Windows\SYSTEM32\USERENV.dll
0x00007ffd30fe0000 - 0x00007ffd31008000 	C:\Windows\SYSTEM32\bcrypt.dll
0x00007ffd2ff50000 - 0x00007ffd2ff5c000 	C:\Windows\SYSTEM32\CRYPTBASE.dll
0x00007ffd2f350000 - 0x00007ffd2f37d000 	C:\Windows\SYSTEM32\IPHLPAPI.DLL
0x00007ffd33350000 - 0x00007ffd33359000 	C:\Windows\System32\NSI.dll
0x00007ffd2b360000 - 0x00007ffd2b379000 	C:\Windows\SYSTEM32\dhcpcsvc6.DLL
0x00007ffd2b310000 - 0x00007ffd2b32f000 	C:\Windows\SYSTEM32\dhcpcsvc.DLL
0x00007ffd2f380000 - 0x00007ffd2f479000 	C:\Windows\SYSTEM32\DNSAPI.dll

dbghelp: loaded successfully - version: 4.0.5 - missing functions: none
symbol engine: initialized successfully - sym options: 0x614 - pdb path: .;c:\Users\asus\.vscode\extensions\redhat.java-1.25.1-win32-x64\jre\17.0.9-win32-x86_64\bin;C:\Windows\SYSTEM32;C:\Windows\WinSxS\amd64_microsoft.windows.common-controls_6595b64144ccf1df_6.0.22621.2506_none_270c5ae97388e100;c:\Users\asus\.vscode\extensions\redhat.java-1.25.1-win32-x64\jre\17.0.9-win32-x86_64\bin\server;C:\Users\asus\AppData\Roaming\Code\User\globalStorage\redhat.java\1.25.1\config_win\org.eclipse.equinox.launcher\org.eclipse.equinox.launcher.win32.win32.x86_64_1.2.800.v20231003-1442

VM Arguments:
jvm_args: --add-modules=ALL-SYSTEM --add-opens=java.base/java.util=ALL-UNNAMED --add-opens=java.base/java.lang=ALL-UNNAMED --add-opens=java.base/sun.nio.fs=ALL-UNNAMED -Declipse.application=org.eclipse.jdt.ls.core.id1 -Dosgi.bundles.defaultStartLevel=4 -Declipse.product=org.eclipse.jdt.ls.core.product -Djava.import.generatesMetadataFilesAtProjectRoot=false -DDetectVMInstallationsJob.disabled=true -Dfile.encoding=utf8 -XX:+UseParallelGC -XX:GCTimeRatio=4 -XX:AdaptiveSizePolicyWeight=90 -Dsun.zip.disableMemoryMapping=true -Xmx1G -Xms100m -Xlog:disable -javaagent:c:\Users\asus\.vscode\extensions\redhat.java-1.25.1-win32-x64\lombok\lombok-1.18.30.jar -XX:+HeapDumpOnOutOfMemoryError -XX:HeapDumpPath=c:\Users\asus\AppData\Roaming\Code\User\workspaceStorage\790a2ee001d946fde0003750c571a388\redhat.java -Daether.dependencyCollector.impl=bf 
java_command: c:\Users\asus\.vscode\extensions\redhat.java-1.25.1-win32-x64\server\plugins\org.eclipse.equinox.launcher_1.6.600.v20231106-1826.jar -configuration c:\Users\asus\AppData\Roaming\Code\User\globalStorage\redhat.java\1.25.1\config_win -data c:\Users\asus\AppData\Roaming\Code\User\workspaceStorage\790a2ee001d946fde0003750c571a388\redhat.java\jdt_ws --stdio
java_class_path (initial): c:\Users\asus\.vscode\extensions\redhat.java-1.25.1-win32-x64\server\plugins\org.eclipse.equinox.launcher_1.6.600.v20231106-1826.jar
Launcher Type: SUN_STANDARD

[Global flags]
    uintx AdaptiveSizePolicyWeight                 = 90                                        {product} {command line}
     intx CICompilerCount                          = 12                                        {product} {ergonomic}
    uintx GCTimeRatio                              = 4                                         {product} {command line}
     bool HeapDumpOnOutOfMemoryError               = true                                   {manageable} {command line}
    ccstr HeapDumpPath                             = c:\Users\asus\AppData\Roaming\Code\User\workspaceStorage\790a2ee001d946fde0003750c571a388\redhat.java         {manageable} {command line}
   size_t InitialHeapSize                          = 104857600                                 {product} {command line}
   size_t MaxHeapSize                              = 1073741824                                {product} {command line}
   size_t MaxNewSize                               = 357564416                                 {product} {ergonomic}
   size_t MinHeapDeltaBytes                        = 524288                                    {product} {ergonomic}
   size_t MinHeapSize                              = 104857600                                 {product} {command line}
   size_t NewSize                                  = 34603008                                  {product} {ergonomic}
    uintx NonNMethodCodeHeapSize                   = 7602480                                {pd product} {ergonomic}
    uintx NonProfiledCodeHeapSize                  = 122027880                              {pd product} {ergonomic}
   size_t OldSize                                  = 70254592                                  {product} {ergonomic}
    uintx ProfiledCodeHeapSize                     = 122027880                              {pd product} {ergonomic}
    uintx ReservedCodeCacheSize                    = 251658240                              {pd product} {ergonomic}
     bool SegmentedCodeCache                       = true                                      {product} {ergonomic}
   size_t SoftMaxHeapSize                          = 1073741824                             {manageable} {ergonomic}
     bool UseCompressedClassPointers               = true                           {product lp64_product} {ergonomic}
     bool UseCompressedOops                        = true                           {product lp64_product} {ergonomic}
     bool UseLargePagesIndividualAllocation        = false                                  {pd product} {ergonomic}
     bool UseParallelGC                            = true                                      {product} {command line}

Logging:
Log output configuration:
 #0: stdout all=off uptime,level,tags
 #1: stderr all=off uptime,level,tags

Environment Variables:
JAVA_HOME=C:\Program Files\Java\jdk-17
PATH=C:\Program Files\NVIDIA GPU Computing Toolkit\CUDA\v12.3\bin;C:\Program Files\NVIDIA GPU Computing Toolkit\CUDA\v12.3\libnvvp;C:\Python312\Scripts\;C:\Python312\;C:\Program Files\Java\jdk-17\bin;C:\Windows\system32;C:\Windows;C:\Windows\System32\Wbem;C:\Windows\System32\WindowsPowerShell\v1.0\;C:\Windows\System32\OpenSSH\;C:\Program Files (x86)\NVIDIA Corporation\PhysX\Common;C:\Program Files\NVIDIA Corporation\NVIDIA NvDLISR;C:\Program Files\dotnet\;C:\Program Files\Git\cmd;C:\Program Files\nodejs\;C:\ProgramData\chocolatey\bin;C:\Program Files (x86)\Microsoft SQL Server\160\Tools\Binn\;C:\Program Files\Microsoft SQL Server\160\Tools\Binn\;C:\Program Files\Microsoft SQL Server\Client SDK\ODBC\170\Tools\Binn\;C:\Program Files\Microsoft SQL Server\160\DTS\Binn\;C:\Program Files (x86)\Microsoft SQL Server\160\DTS\Binn\;C:\Program Files\Azure Data Studio\bin;C:\Program Files\NVIDIA Corporation\Nsight Compute 2023.3.1\;C:\xampp\php;C:\composer;C:\Apache\Maven\apache-maven-3.9.6\bin;C:\Program Files\Java\jdk-17\bin;C:\Users\asus\AppData\Local\Microsoft\WindowsApps;C:\Users\asus\AppData\Local\Programs\Microsoft VS Code\bin;C:\Users\asus\AppData\Roaming\npm;C:\Program Files\Azure Data Studio\bin;C:\Users\asus\AppData\Roaming\Composer\vendor\bin;C:\Users\asus\.dotnet\tools
USERNAME=asus
OS=Windows_NT
PROCESSOR_IDENTIFIER=Intel64 Family 6 Model 154 Stepping 3, GenuineIntel
TMP=C:\Users\asus\AppData\Local\Temp
TEMP=C:\Users\asus\AppData\Local\Temp



Periodic native trim disabled


---------------  S Y S T E M  ---------------

OS:
 Windows 11 , 64 bit Build 22621 (10.0.22621.2506)
OS uptime: 0 days 14:19 hours
Hyper-V role detected

CPU: total 20 (initial active 20) (10 cores per cpu, 2 threads per core) family 6 model 154 stepping 3 microcode 0x421, cx8, cmov, fxsr, ht, mmx, 3dnowpref, sse, sse2, sse3, ssse3, sse4.1, sse4.2, popcnt, lzcnt, tsc, tscinvbit, avx, avx2, aes, erms, clmul, bmi1, bmi2, adx, sha, fma, vzeroupper, clflush, clflushopt, clwb, hv
Processor Information for all 20 processors :
  Max Mhz: 2300, Current Mhz: 2300, Mhz Limit: 2300

Memory: 4k page, system-wide physical 32395M (19998M free)
TotalPageFile size 130699M (AvailPageFile size 8M)
current process WorkingSet (physical memory assigned to process): 176M, peak: 184M
current process commit charge ("private bytes"): 296M, peak: 308M

vm_info: OpenJDK 64-Bit Server VM (17.0.9+9) for windows-amd64 JRE (17.0.9+9), built on Oct 26 2023 14:01:42 by "admin" with MS VC++ 16.10 / 16.11 (VS2019)

END.
