#
# There is insufficient memory for the Java Runtime Environment to continue.
# Native memory allocation (malloc) failed to allocate 367136 bytes for Chunk::new
# Possible reasons:
#   The system is out of physical RAM or swap space
#   The process is running with CompressedOops enabled, and the Java Heap may be blocking the growth of the native heap
# Possible solutions:
#   Reduce memory load on the system
#   Increase physical memory or swap space
#   Check if swap backing store is full
#   Decrease Java heap size (-Xmx/-Xms)
#   Decrease number of Java threads
#   Decrease Java thread stack sizes (-Xss)
#   Set larger code cache with -XX:ReservedCodeCacheSize=
#   JVM is running with Unscaled Compressed Oops mode in which the Java heap is
#     placed in the first 4GB address space. The Java Heap base address is the
#     maximum limit for the native heap growth. Please use -XX:HeapBaseMinAddress
#     to set the Java Heap base and to place the Java Heap above 4GB virtual address.
# This output file may be truncated or incomplete.
#
#  Out of Memory Error (arena.cpp:191), pid=18224, tid=18884
#
# JRE version: OpenJDK Runtime Environment Temurin-17.0.9+9 (17.0.9+9) (build 17.0.9+9)
# Java VM: OpenJDK 64-Bit Server VM Temurin-17.0.9+9 (17.0.9+9, mixed mode, tiered, compressed oops, compressed class ptrs, parallel gc, windows-amd64)
# No core dump will be written. Minidumps are not enabled by default on client versions of Windows
#

---------------  S U M M A R Y ------------

Command Line: --add-modules=ALL-SYSTEM --add-opens=java.base/java.util=ALL-UNNAMED --add-opens=java.base/java.lang=ALL-UNNAMED --add-opens=java.base/sun.nio.fs=ALL-UNNAMED -Declipse.application=org.eclipse.jdt.ls.core.id1 -Dosgi.bundles.defaultStartLevel=4 -Declipse.product=org.eclipse.jdt.ls.core.product -Djava.import.generatesMetadataFilesAtProjectRoot=false -DDetectVMInstallationsJob.disabled=true -Dfile.encoding=utf8 -XX:+UseParallelGC -XX:GCTimeRatio=4 -XX:AdaptiveSizePolicyWeight=90 -Dsun.zip.disableMemoryMapping=true -Xmx1G -Xms100m -Xlog:disable -javaagent:c:\Users\asus\.vscode\extensions\redhat.java-1.25.1-win32-x64\lombok\lombok-1.18.30.jar -XX:+HeapDumpOnOutOfMemoryError -XX:HeapDumpPath=c:\Users\asus\AppData\Roaming\Code\User\workspaceStorage\790a2ee001d946fde0003750c571a388\redhat.java -Daether.dependencyCollector.impl=bf c:\Users\asus\.vscode\extensions\redhat.java-1.25.1-win32-x64\server\plugins\org.eclipse.equinox.launcher_1.6.600.v20231106-1826.jar -configuration c:\Users\asus\AppData\Roaming\Code\User\globalStorage\redhat.java\1.25.1\config_win -data c:\Users\asus\AppData\Roaming\Code\User\workspaceStorage\790a2ee001d946fde0003750c571a388\redhat.java\jdt_ws --stdio

Host: 12th Gen Intel(R) Core(TM) i7-12700H, 20 cores, 31G,  Windows 11 , 64 bit Build 22621 (10.0.22621.2506)
Time: Sat Jan  6 03:56:42 2024 Hora est. Pacífico, Sudamérica elapsed time: 1.183777 seconds (0d 0h 0m 1s)

---------------  T H R E A D  ---------------

Current thread (0x000001f02e219030):  JavaThread "C2 CompilerThread2" daemon [_thread_in_native, id=18884, stack(0x000000cc9fb00000,0x000000cc9fc00000)]


Current CompileTask:
C2:   1183 2148   !   4       java.util.jar.Attributes::read (498 bytes)

Stack: [0x000000cc9fb00000,0x000000cc9fc00000]
Native frames: (J=compiled Java code, j=interpreted, Vv=VM code, C=native code)
V  [jvm.dll+0x67cf49]
V  [jvm.dll+0x83478a]
V  [jvm.dll+0x83624e]
V  [jvm.dll+0x8368b3]
V  [jvm.dll+0x247f1f]
V  [jvm.dll+0xac43c]
V  [jvm.dll+0xaca8c]
V  [jvm.dll+0x2af45f]
V  [jvm.dll+0x5853f7]
V  [jvm.dll+0x222f62]
V  [jvm.dll+0x22334f]
V  [jvm.dll+0x21c476]
V  [jvm.dll+0x2198c1]
V