#
# There is insufficient memory for the Java Runtime Environment to continue.
# Native memory allocation (malloc) failed to allocate 2097152 bytes for AllocateHeap
# Possible reasons:
#   The system is out of physical RAM or swap space
#   The process is running with CompressedOops enabled, and the Java Heap may be blocking the growth of the native heap
# Possible solutions:
#   Reduce memory load on the system
#   Increase physical memory or swap space
#   Check if swap backing store is full
#   Decrease Java heap size (-Xmx/-Xms)
#   Decrease number of Java threads
#   Decrease Java thread stack sizes (-Xss)
#   Set larger code cache with -XX:ReservedCodeCacheSize=
#   JVM is running with Unscaled Compressed Oops mode in which the Java heap is
#     placed in the first 4GB address space. The Java Heap base address is the
#     maximum limit for the native heap growth. Please use -XX:HeapBaseMinAddress
#     to set the Java Heap base and to place the Java Heap above 4GB virtual address.
# This output file may be truncated or incomplete.
#
#  Out of Memory Error (allocation.cpp:44), pid=35024, tid=32508
#
# JRE version: OpenJDK Runtime Environment Temurin-17.0.9+9 (17.0.9+9) (build 17.0.9+9)
# Java VM: OpenJDK 64-Bit Server VM Temurin-17.0.9+9 (17.0.9+9, mixed mode, emulated-client, tiered, compressed oops, compressed class ptrs, g1 gc, windows-amd64)
# No core dump will be written. Minidumps are not enabled by default on client versions of Windows
#

---------------  S U M M A R Y ------------

Command Line: -XX:+HeapDumpOnOutOfMemoryError -Xmx1024m -Dsts.lsp.client=vscode -Dsts.log.file=/dev/null -XX:TieredStopAtLevel=1 -Xlog:jni+resolve=off -Dspring.config.location=file:c:\Users\asus\.vscode\extensions\vmware.vscode-spring-boot-1.51.0\language-server\BOOT-INF\classes\application.properties org.springframework.ide.vscode.boot.app.BootLanguageServerBootApp

Host: 12th Gen Intel(R) Core(TM) i7-12700H, 20 cores, 31G,  Windows 11 , 64 bit Build 22621 (10.0.22621.2506)
Time: Sat Jan  6 03:53:59 2024 Hora est. Pacífico, Sudamérica elapsed time: 1495.315387 seconds (0d 0h 24m 55s)

---------------  T H R E A D  ---------------

Current thread (0x000001db0341ec30):  VMThread "VM Thread" [stack: 0x0000004760700000,0x0000004760800000] [id=32508]

Stack: [0x0000004760700000,0x0000004760800000]
Native frames: (J=compiled Java code, j=interpreted, Vv=VM code, C=native code)
V  [jvm.dll+0x67cf49]
V  [jvm.dll+0x83478a]
V  [jvm.dll+0x83624e]
V  [jvm.dll+0x8368b3]
V  [jvm.dll+0x247f1f]
V  [jvm.dll+0xa6b4b]
V  [jvm.dll+0x2f8f01]
V  [jvm.dll+0x2f4af0]
V  [jvm.dll+0x2dd0d7]
V  [jvm.dll+0x320357]
V  [jvm.dll+0x83adab]
V  [jvm.dll+0x83baf1]
V  [jvm.dll+0x83c00d]
V  [jvm.dll+0x83c3e4]
V  [jvm.dll+0x83c4b0]
V  [jvm.dll+0x7e3c3a]
V  [jvm.dll+0x67be35]
C  [ucrtbase.dll+0x29363]
C  [KERNEL32.DLL+0x1257d]
C  [ntdll.dll+0x5aa58]

VM_Operation (0x0000004762efee40): G1CollectFull, mode: safepoint, requested by thread 0x000001db09643470


---------------  P R O C E S S  ---------------

Threads class SMR info:
_java_thread_list=0x000001db0941f010, length=20, elements={
0x000001db03506380, 0x000001db03507110, 0x000001db03532a70, 0x000001db03536f70,
0x000001db03537840, 0x000001db03538110, 0x000001db0353a9f0, 0x000001db03564530,
0x000001db03751d50, 0x000001db0375ad30, 0x000001db0951c8c0, 0x000001db09643470,
0x000001db0969a720, 0x000001db775cba90, 0x000001db092ba8a0, 0x000001db096cf270,
0x000001db096d7c50, 0x000001db096d6d20, 0x000001db096d8160, 0x000001db096d7230
}

Java Threads: ( => current thread )
  0x000001db03506380 JavaThread "Reference Handler" daemon [_thread_blocked, id=20832, stack(0x0000004760800000,0x0000004760900000)]
  0x000001db03507110 JavaThread "Finalizer" daemon [_thread_blocked, id=20124, stack(0x0000004760900000,0x0000004760a00000)]
  0x000001db03532a70 JavaThread "Signal Dispatcher" daemon [_thread_blocked, id=34416, stack(0x0000004760a00000,0x0000004760b00000)]
  0x000001db03536f70 JavaThread "Attach Listener" daemon [_thread_blocked, id=14968, stack(0x0000004760b00000,0x0000004760c00000)]
  0x000001db03537840 JavaThread "Service Thread" daemon [_thread_blocked, id=20296, stack(0x0000004760c00000,0x0000004760d00000)]
  0x000001db03538110 JavaThread "Monitor Deflation Thread" daemon [_thread_blocked, id=15516, stack(0x0000004760d00000,0x0000004760e00000)]
  0x000001db0353a9f0 JavaThread "C1 CompilerThread0" daemon [_thread_blocked, id=34140, stack(0x0000004760e00000,0x0000004760f00000)]
  0x000001db03564530 JavaThread "Sweeper thread" daemon [_thread_blocked, id=16028, stack(0x0000004760f00000,0x0000004761000000)]
  0x000001db03751d50 JavaThread "Notification Thread" daemon [_thread_blocked, id=3456, stack(0x0000004761200000,0x0000004761300000)]
  0x000001db0375ad30 JavaThread "Common-Cleaner" daemon [_thread_blocked, id=15656, stack(0x0000004761400000,0x0000004761500000)]
  0x000001db0951c8c0 JavaThread "boundedElastic-evictor-1" daemon [_thread_blocked, id=21020, stack(0x0000004762d00000,0x0000004762e00000)]
  0x000001db09643470 JavaThread "pool-12-thread-1" [_thread_blocked, id=31424, stack(0x0000004762e00000,0x0000004762f00000)]
  0x000001db0969a720 JavaThread "LanguageServerApp-lifecycle" [_thread_blocked, id=31092, stack(0x0000004762f00000,0x0000004763000000)]
  0x000001db775cba90 JavaThread "DestroyJavaVM" [_thread_blocked, id=5168, stack(0x0000004760100000,0x0000004760200000)]
  0x000001db092ba8a0 JavaThread "pool-13-thread-1" [_thread_in_native, id=18696, stack(0x0000004763000000,0x0000004763100000)]
  0x000001db096cf270 JavaThread "Simple-Language-Server main thread" daemon [_thread_blocked, id=20952, stack(0x0000004763100000,0x0000004763200000)]
  0x000001db096d7c50 JavaThread "parallel-1" daemon [_thread_blocked, id=16320, stack(0x0000004763500000,0x0000004763600000)]
  0x000001db096d6d20 JavaThread "pool-6-thread-1" [_thread_blocked, id=5980, stack(0x0000004763600000,0x0000004763700000)]
  0x000001db096d8160 JavaThread "parallel-2" daemon [_thread_blocked, id=13064, stack(0x0000004763700000,0x0000004763800000)]
  0x000001db096d7230 JavaThread "pool-3-thread-6" [_thread_blocked, id=18756, stack(0x000000475fe00000,0x000000475ff00000)]

Other Threads:
=>0x000001db0341ec30 VMThread "VM Thread" [stack: 0x0000004760700000,0x0000004760800000] [id=32508]
  0x000001db03752230 WatcherThread [stack: 0x0000004761300000,0x0000004761400000] [id=30492]
  0x000001db7760cd90 GCTaskThread "GC Thread#0" [stack: 0x0000004760200000,0x0000004760300000] [id=23012]
  0x000001db08a3f7c0 GCTaskThread "GC Thread#1" [stack: 0x0000004761600000,0x0000004761700000] [id=12616]
  0x000001db08a748f0 GCTaskThread "GC Thread#2" [stack: 0x0000004761700000,0x0000004761800000] [id=3160]
  0x000001db08a74bb0 GCTaskThread "GC Thread#3" [stack: 0x0000004761800000,0x0000004761900000] [id=16828]
  0x000001db08a29040 GCTaskThread "GC Thread#4" [stack: 0x0000004761900000,0x0000004761a00000] [id=26460]
  0x000001db08a29300 GCTaskThread "GC Thread#5" [stack: 0x0000004761a00000,0x0000004761b00000] [id=17884]
  0x000001db08a77190 GCTaskThread "GC Thread#6" [stack: 0x0000004761b00000,0x0000004761c00000] [id=16844]
  0x000001db08a77f50 GCTaskThread "GC Thread#7" [stack: 0x0000004761c00000,0x0000004761d00000] [id=24588]
  0x000001db08a77450 GCTaskThread "GC Thread#8" [stack: 0x0000004761d00000,0x0000004761e00000] [id=10764]
  0x000001db08a77710 GCTaskThread "GC Thread#9" [stack: 0x0000004761e00000,0x0000004761f00000] [id=26304]
  0x000001db08a779d0 GCTaskThread "GC Thread#10" [stack: 0x0000004761f00000,0x0000004762000000] [id=3416]
  0x000001db08a77c90 GCTaskThread "GC Thread#11" [stack: 0x0000004762000000,0x0000004762100000] [id=10692]
  0x000001db09286120 GCTaskThread "GC Thread#12" [stack: 0x0000004762200000,0x0000004762300000] [id=19644]
  0x000001db092887a0 GCTaskThread "GC Thread#13" [stack: 0x0000004762b00000,0x0000004762c00000] [id=20392]
  0x000001db092866a0 GCTaskThread "GC Thread#14" [stack: 0x0000004762c00000,0x0000004762d00000] [id=4012]
  0x000001db77615bf0 ConcurrentGCThread "G1 Main Marker" [stack: 0x0000004760300000,0x0000004760400000] [id=18572]
  0x000001db77616520 ConcurrentGCThread "G1 Conc#0" [stack: 0x0000004760400000,0x0000004760500000] [id=25848]
  0x000001db08a784d0 ConcurrentGCThread "G1 Conc#1" [stack: 0x0000004762800000,0x0000004762900000] [id=32496]
  0x000001db08a78790 ConcurrentGCThread "G1 Conc#2" [stack: 0x0000004762900000,0x0000004762a00000] [id=14824]
  0x000001db08a78a50 ConcurrentGCThread "G1 Conc#3" [stack: 0x0000004762a00000,0x0000004762b00000] [id=14396]
  0x000001db7766e120 ConcurrentGCThread "G1 Refine#0" [stack: 0x0000004760500000,0x0000004760600000] [id=27344]
  0x000001db7766ea60 ConcurrentGCThread "G1 Service" [stack: 0x0000004760600000,0x0000004760700000] [id=17856]

Threads with active compile tasks:

VM state: at safepoint (normal execution)

VM Mutex/Monitor currently owned by a thread:  ([mutex/lock_event])
[0x000001db752805f0] Threads_lock - owner thread: 0x000001db0341ec30
[0x000001db775c9b30] Heap_lock - owner thread: 0x000001db09643470

Heap address: 0x00000000c0000000, size: 1024 MB, Compressed Oops mode: 32-bit

CDS archive(s) not mapped
Compressed class space mapped at: 0x0000000100000000-0x0000000140000000, reserved size: 1073741824
Narrow klass base: 0x0000000000000000, Narrow klass shift: 3, Narrow klass range: 0x140000000

GC Precious Log:
 CPUs: 20 total, 20 available
 Memory: 32395M
 Large Page Support: Disabled
 NUMA Support: Disabled
 Compressed Oops: Enabled (32-bit)
 Heap Region Size: 1M
 Heap Min Capacity: 8M
 Heap Initial Capacity: 508M
 Heap Max Capacity: 1G
 Pre-touch: Disabled
 Parallel Workers: 15
 Concurrent Workers: 4
 Concurrent Refinement Workers: 15
 Periodic GC: Disabled

Heap:
 garbage-first heap   total 96256K, used 28136K [0x00000000c0000000, 0x0000000100000000)
  region size 1024K, 1 young (1024K), 0 survivors (0K)
 Metaspace       used 57076K, committed 57856K, reserved 1114112K
  class space    used 7044K, committed 7360K, reserved 1048576K

Heap Regions: E=young(eden), S=young(survivor), O=old, HS=humongous(starts), HC=humongous(continues), CS=collection set, F=free, OA=open archive, CA=closed archive, TAMS=top-at-mark-start (previous, next)
|   0|0x00000000c0000000, 0x00000000c0100000, 0x00000000c0100000|100%|HS|  |TAMS 0x00000000c0100000, 0x00000000c0000000| Untracked 
|   1|0x00000000c0100000, 0x00000000c0200000, 0x00000000c0200000|100%|HC|  |TAMS 0x00000000c0200000, 0x00000000c0100000| Untracked 
|   2|0x00000000c0200000, 0x00000000c0300000, 0x00000000c0300000|100%|HC|  |TAMS 0x00000000c0300000, 0x00000000c0200000| Untracked 
|   3|0x00000000c0300000, 0x00000000c0400000, 0x00000000c0400000|100%|HC|  |TAMS 0x00000000c0400000, 0x00000000c0300000| Untracked 
|   4|0x00000000c0400000, 0x00000000c0500000, 0x00000000c0500000|100%| O|  |TAMS 0x00000000c0500000, 0x00000000c0400000| Untracked 
|   5|0x00000000c0500000, 0x00000000c0600000, 0x00000000c0600000|100%| O|  |TAMS 0x00000000c0600000, 0x00000000c0500000| Untracked 
|   6|0x00000000c0600000, 0x00000000c0700000, 0x00000000c0700000|100%| O|  |TAMS 0x00000000c0700000, 0x00000000c0600000| Untracked 
|   7|0x00000000c0700000, 0x00000000c0800000, 0x00000000c0800000|100%| O|  |TAMS 0x00000000c0800000, 0x00000000c0700000| Untracked 
|   8|0x00000000c0800000, 0x00000000c0900000, 0x00000000c0900000|100%| O|  |TAMS 0x00000000c0900000, 0x00000000c0800000| Untracked 
|   9|0x00000000c0900000, 0x00000000c09fffc0, 0x00000000c0a00000| 99%| O|  |TAMS 0x00000000c09fffc0, 0x00000000c0900000| Untracked 
|  10|0x00000000c0a00000, 0x00000000c0affff8, 0x00000000c0b00000| 99%| O|  |TAMS 0x00000000c0affff8, 0x00000000c0a00000| Untracked 
|  11|0x00000000c0b00000, 0x00000000c0bffff8, 0x00000000c0c00000| 99%| O|  |TAMS 0x00000000c0bffff8, 0x00000000c0b00000| Untracked 
|  12|0x00000000c0c00000, 0x00000000c0d00000, 0x00000000c0d00000|100%| O|  |TAMS 0x00000000c0d00000, 0x00000000c0c00000| Untracked 
|  13|0x00000000c0d00000, 0x00000000c0dffff0, 0x00000000c0e00000| 99%| O|  |TAMS 0x00000000c0dffff0, 0x00000000c0d00000| Untracked 
|  14|0x00000000c0e00000, 0x00000000c0effff0, 0x00000000c0f00000| 99%| O|  |TAMS 0x00000000c0effff0, 0x00000000c0e00000| Untracked 
|  15|0x00000000c0f00000, 0x00000000c0fffff8, 0x00000000c1000000| 99%| O|  |TAMS 0x00000000c0fffff8, 0x00000000c0f00000| Untracked 
|  16|0x00000000c1000000, 0x00000000c10fffe8, 0x00000000c1100000| 99%| O|  |TAMS 0x00000000c10fffe8, 0x00000000c1000000| Untracked 
|  17|0x00000000c1100000, 0x00000000c1200000, 0x00000000c1200000|100%| O|  |TAMS 0x00000000c1200000, 0x00000000c1100000| Untracked 
|  18|0x00000000c1200000, 0x00000000c1300000, 0x00000000c1300000|100%| O|  |TAMS 0x00000000c1300000, 0x00000000c1200000| Untracked 
|  19|0x00000000c1300000, 0x00000000c13ffff8, 0x00000000c1400000| 99%| O|  |TAMS 0x00000000c13ffff8, 0x00000000c1300000| Untracked 
|  20|0x00000000c1400000, 0x00000000c14fb748, 0x00000000c1500000| 98%| O|  |TAMS 0x00000000c14fb748, 0x00000000c1400000| Untracked 
|  21|0x00000000c1500000, 0x00000000c15fffa8, 0x00000000c1600000| 99%| O|  |TAMS 0x00000000c15fffa8, 0x00000000c1500000| Untracked 
|  22|0x00000000c1600000, 0x00000000c16fff10, 0x00000000c1700000| 99%| O|  |TAMS 0x00000000c16fff10, 0x00000000c1600000| Untracked 
|  23|0x00000000c1700000, 0x00000000c17fffe0, 0x00000000c1800000| 99%| O|  |TAMS 0x00000000c17fffe0, 0x00000000c1700000| Untracked 
|  24|0x00000000c1800000, 0x00000000c18fffe0, 0x00000000c1900000| 99%| O|  |TAMS 0x00000000c18fffe0, 0x00000000c1800000| Untracked 
|  25|0x00000000c1900000, 0x00000000c19fe970, 0x00000000c1a00000| 99%| O|  |TAMS 0x00000000c19fe970, 0x00000000c1900000| Untracked 
|  26|0x00000000c1a00000, 0x00000000c1afffd8, 0x00000000c1b00000| 99%| O|  |TAMS 0x00000000c1afffd8, 0x00000000c1a00000| Untracked 
|  27|0x00000000c1b00000, 0x00000000c1b7dc00, 0x00000000c1c00000| 49%| O|  |TAMS 0x00000000c1b00000, 0x00000000c1b00000| Untracked 
|  28|0x00000000c1c00000, 0x00000000c1c027b8, 0x00000000c1d00000|  0%| O|  |TAMS 0x00000000c1c00000, 0x00000000c1c00000| Untracked 
|  29|0x00000000c1d00000, 0x00000000c1d00000, 0x00000000c1e00000|  0%| F|  |TAMS 0x00000000c1d00000, 0x00000000c1d00000| Untracked 
|  30|0x00000000c1e00000, 0x00000000c1e00000, 0x00000000c1f00000|  0%| F|  |TAMS 0x00000000c1e00000, 0x00000000c1e00000| Untracked 
|  31|0x00000000c1f00000, 0x00000000c1f00000, 0x00000000c2000000|  0%| F|  |TAMS 0x00000000c1f00000, 0x00000000c1f00000| Untracked 
|  32|0x00000000c2000000, 0x00000000c2000000, 0x00000000c2100000|  0%| F|  |TAMS 0x00000000c2000000, 0x00000000c2000000| Untracked 
|  33|0x00000000c2100000, 0x00000000c2100000, 0x00000000c2200000|  0%| F|  |TAMS 0x00000000c2100000, 0x00000000c2100000| Untracked 
|  34|0x00000000c2200000, 0x00000000c2200000, 0x00000000c2300000|  0%| F|  |TAMS 0x00000000c2200000, 0x00000000c2200000| Untracked 
|  35|0x00000000c2300000, 0x00000000c2300000, 0x00000000c2400000|  0%| F|  |TAMS 0x00000000c2300000, 0x00000000c2300000| Untracked 
|  36|0x00000000c2400000, 0x00000000c2400000, 0x00000000c2500000|  0%| F|  |TAMS 0x00000000c2400000, 0x00000000c2400000| Untracked 
|  37|0x00000000c2500000, 0x00000000c2500000, 0x00000000c2600000|  0%| F|  |TAMS 0x00000000c2500000, 0x00000000c2500000| Untracked 
|  38|0x00000000c2600000, 0x00000000c2600000, 0x00000000c2700000|  0%| F|  |TAMS 0x00000000c2600000, 0x00000000c2600000| Untracked 
|  39|0x00000000c2700000, 0x00000000c2700000, 0x00000000c2800000|  0%| F|  |TAMS 0x00000000c2700000, 0x00000000c2700000| Untracked 
|  40|0x00000000c2800000, 0x00000000c2800000, 0x00000000c2900000|  0%| F|  |TAMS 0x00000000c2800000, 0x00000000c2800000| Untracked 
|  41|0x00000000c2900000, 0x00000000c2900000, 0x00000000c2a00000|  0%| F|  |TAMS 0x00000000c2900000, 0x00000000c2900000| Untracked 
|  42|0x00000000c2a00000, 0x00000000c2a00000, 0x00000000c2b00000|  0%| F|  |TAMS 0x00000000c2a00000, 0x00000000c2a00000| Untracked 
|  43|0x00000000c2b00000, 0x00000000c2b00000, 0x00000000c2c00000|  0%| F|  |TAMS 0x00000000c2b00000, 0x00000000c2b00000| Untracked 
|  44|0x00000000c2c00000, 0x00000000c2c00000, 0x00000000c2d00000|  0%| F|  |TAMS 0x00000000c2c00000, 0x00000000c2c00000| Untracked 
|  45|0x00000000c2d00000, 0x00000000c2d00000, 0x00000000c2e00000|  0%| F|  |TAMS 0x00000000c2d00000, 0x00000000c2d00000| Untracked 
|  46|0x00000000c2e00000, 0x00000000c2e00000, 0x00000000c2f00000|  0%| F|  |TAMS 0x00000000c2e00000, 0x00000000c2e00000| Untracked 
|  47|0x00000000c2f00000, 0x00000000c2f00000, 0x00000000c3000000|  0%| F|  |TAMS 0x00000000c2f00000, 0x00000000c2f00000| Untracked 
|  48|0x00000000c3000000, 0x00000000c3000000, 0x00000000c3100000|  0%| F|  |TAMS 0x00000000c3000000, 0x00000000c3000000| Untracked 
|  49|0x00000000c3100000, 0x00000000c3100000, 0x00000000c3200000|  0%| F|  |TAMS 0x00000000c3100000, 0x00000000c3100000| Untracked 
|  50|0x00000000c3200000, 0x00000000c3200000, 0x00000000c3300000|  0%| F|  |TAMS 0x00000000c3200000, 0x00000000c3200000| Untracked 
|  51|0x00000000c3300000, 0x00000000c3300000, 0x00000000c3400000|  0%| F|  |TAMS 0x00000000c3300000, 0x00000000c3300000| Untracked 
|  52|0x00000000c3400000, 0x00000000c3400000, 0x00000000c3500000|  0%| F|  |TAMS 0x00000000c3400000, 0x00000000c3400000| Untracked 
|  53|0x00000000c3500000, 0x00000000c3500000, 0x00000000c3600000|  0%| F|  |TAMS 0x00000000c3500000, 0x00000000c3500000| Untracked 
|  54|0x00000000c3600000, 0x00000000c3600000, 0x00000000c3700000|  0%| F|  |TAMS 0x00000000c3600000, 0x00000000c3600000| Untracked 
|  55|0x00000000c3700000, 0x00000000c3700000, 0x00000000c3800000|  0%| F|  |TAMS 0x00000000c3700000, 0x00000000c3700000| Untracked 
|  56|0x00000000c3800000, 0x00000000c3800000, 0x00000000c3900000|  0%| F|  |TAMS 0x00000000c3800000, 0x00000000c3800000| Untracked 
|  57|0x00000000c3900000, 0x00000000c3900000, 0x00000000c3a00000|  0%| F|  |TAMS 0x00000000c3900000, 0x00000000c3900000| Untracked 
|  58|0x00000000c3a00000, 0x00000000c3a00000, 0x00000000c3b00000|  0%| F|  |TAMS 0x00000000c3a00000, 0x00000000c3a00000| Untracked 
|  59|0x00000000c3b00000, 0x00000000c3b00000, 0x00000000c3c00000|  0%| F|  |TAMS 0x00000000c3b00000, 0x00000000c3b00000| Untracked 
|  60|0x00000000c3c00000, 0x00000000c3c00000, 0x00000000c3d00000|  0%| F|  |TAMS 0x00000000c3c00000, 0x00000000c3c00000| Untracked 
|  61|0x00000000c3d00000, 0x00000000c3d00000, 0x00000000c3e00000|  0%| F|  |TAMS 0x00000000c3d00000, 0x00000000c3d00000| Untracked 
|  62|0x00000000c3e00000, 0x00000000c3e00000, 0x00000000c3f00000|  0%| F|  |TAMS 0x00000000c3e00000, 0x00000000c3e00000| Untracked 
|  63|0x00000000c3f00000, 0x00000000c3f00000, 0x00000000c4000000|  0%| F|  |TAMS 0x00000000c3f00000, 0x00000000c3f00000| Untracked 
|  64|0x00000000c4000000, 0x00000000c4000000, 0x00000000c4100000|  0%| F|  |TAMS 0x00000000c4000000, 0x00000000c4000000| Untracked 
|  65|0x00000000c4100000, 0x00000000c4100000, 0x00000000c4200000|  0%| F|  |TAMS 0x00000000c4100000, 0x00000000c4100000| Untracked 
|  66|0x00000000c4200000, 0x00000000c4200000, 0x00000000c4300000|  0%| F|  |TAMS 0x00000000c4200000, 0x00000000c4200000| Untracked 
|  67|0x00000000c4300000, 0x00000000c4300000, 0x00000000c4400000|  0%| F|  |TAMS 0x00000000c4300000, 0x00000000c4300000| Untracked 
|  68|0x00000000c4400000, 0x00000000c4400000, 0x00000000c4500000|  0%| F|  |TAMS 0x00000000c4400000, 0x00000000c4400000| Untracked 
|  69|0x00000000c4500000, 0x00000000c4500000, 0x00000000c4600000|  0%| F|  |TAMS 0x00000000c4500000, 0x00000000c4500000| Untracked 
|  70|0x00000000c4600000, 0x00000000c4600000, 0x00000000c4700000|  0%| F|  |TAMS 0x00000000c4600000, 0x00000000c4600000| Untracked 
|  71|0x00000000c4700000, 0x00000000c4700000, 0x00000000c4800000|  0%| F|  |TAMS 0x00000000c4700000, 0x00000000c4700000| Untracked 
|  72|0x00000000c4800000, 0x00000000c4800000, 0x00000000c4900000|  0%| F|  |TAMS 0x00000000c4800000, 0x00000000c4800000| Untracked 
|  73|0x00000000c4900000, 0x00000000c4900000, 0x00000000c4a00000|  0%| F|  |TAMS 0x00000000c4900000, 0x00000000c4900000| Untracked 
|  74|0x00000000c4a00000, 0x00000000c4a00000, 0x00000000c4b00000|  0%| F|  |TAMS 0x00000000c4a00000, 0x00000000c4a00000| Untracked 
|  75|0x00000000c4b00000, 0x00000000c4b00000, 0x00000000c4c00000|  0%| F|  |TAMS 0x00000000c4b00000, 0x00000000c4b00000| Untracked 
|  76|0x00000000c4c00000, 0x00000000c4c00000, 0x00000000c4d00000|  0%| F|  |TAMS 0x00000000c4c00000, 0x00000000c4c00000| Untracked 
|  77|0x00000000c4d00000, 0x00000000c4d00000, 0x00000000c4e00000|  0%| F|  |TAMS 0x00000000c4d00000, 0x00000000c4d00000| Untracked 
|  78|0x00000000c4e00000, 0x00000000c4e00000, 0x00000000c4f00000|  0%| F|  |TAMS 0x00000000c4e00000, 0x00000000c4e00000| Untracked 
|  79|0x00000000c4f00000, 0x00000000c4f00000, 0x00000000c5000000|  0%| F|  |TAMS 0x00000000c4f00000, 0x00000000c4f00000| Untracked 
|  80|0x00000000c5000000, 0x00000000c5000000, 0x00000000c5100000|  0%| F|  |TAMS 0x00000000c5000000, 0x00000000c5000000| Untracked 
|  81|0x00000000c5100000, 0x00000000c5100000, 0x00000000c5200000|  0%| F|  |TAMS 0x00000000c5100000, 0x00000000c5100000| Untracked 
|  82|0x00000000c5200000, 0x00000000c5200000, 0x00000000c5300000|  0%| F|  |TAMS 0x00000000c5200000, 0x00000000c5200000| Untracked 
|  83|0x00000000c5300000, 0x00000000c5300000, 0x00000000c5400000|  0%| F|  |TAMS 0x00000000c5300000, 0x00000000c5300000| Untracked 
|  84|0x00000000c5400000, 0x00000000c5400000, 0x00000000c5500000|  0%| F|  |TAMS 0x00000000c5400000, 0x00000000c5400000| Untracked 
|  85|0x00000000c5500000, 0x00000000c5500000, 0x00000000c5600000|  0%| F|  |TAMS 0x00000000c5500000, 0x00000000c5500000| Untracked 
|  86|0x00000000c5600000, 0x00000000c5600000, 0x00000000c5700000|  0%| F|  |TAMS 0x00000000c5600000, 0x00000000c5600000| Untracked 
|  87|0x00000000c5700000, 0x00000000c5700000, 0x00000000c5800000|  0%| F|  |TAMS 0x00000000c5700000, 0x00000000c5700000| Untracked 
|  88|0x00000000c5800000, 0x00000000c5800000, 0x00000000c5900000|  0%| F|  |TAMS 0x00000000c5800000, 0x00000000c5800000| Untracked 
|  89|0x00000000c5900000, 0x00000000c5900000, 0x00000000c5a00000|  0%| F|  |TAMS 0x00000000c5900000, 0x00000000c5900000| Untracked 
|  90|0x00000000c5a00000, 0x00000000c5a00000, 0x00000000c5b00000|  0%| F|  |TAMS 0x00000000c5a00000, 0x00000000c5a00000| Untracked 
|  91|0x00000000c5b00000, 0x00000000c5b00000, 0x00000000c5c00000|  0%| F|  |TAMS 0x00000000c5b00000, 0x00000000c5b00000| Untracked 
|  92|0x00000000c5c00000, 0x00000000c5c00000, 0x00000000c5d00000|  0%| F|  |TAMS 0x00000000c5c00000, 0x00000000c5c00000| Untracked 
|  93|0x00000000c5d00000, 0x00000000c5d25730, 0x00000000c5e00000| 14%| E|  |TAMS 0x00000000c5d00000, 0x00000000c5d00000| Complete 

Card table byte_map: [0x000001db7dcd0000,0x000001db7ded0000] _byte_map_base: 0x000001db7d6d0000

Marking Bits (Prev, Next): (CMBitMap*) 0x000001db7760d300, (CMBitMap*) 0x000001db7760d2c0
 Prev Bits: [0x000001db00000000, 0x000001db01000000)
 Next Bits: [0x000001db7e0d0000, 0x000001db7f0d0000)

Polling page: 0x000001db76d70000

Metaspace:

Usage:
  Non-class:     48.86 MB used.
      Class:      6.88 MB used.
       Both:     55.74 MB used.

Virtual space:
  Non-class space:       64.00 MB reserved,      49.31 MB ( 77%) committed,  1 nodes.
      Class space:        1.00 GB reserved,       7.19 MB ( <1%) committed,  1 nodes.
             Both:        1.06 GB reserved,      56.50 MB (  5%) committed. 

Chunk freelists:
   Non-Class:  14.93 MB
       Class:  8.89 MB
        Both:  23.82 MB

MaxMetaspaceSize: unlimited
CompressedClassSpaceSize: 1.00 GB
Initial GC threshold: 21.00 MB
Current GC threshold: 94.06 MB
CDS: off
MetaspaceReclaimPolicy: balanced
 - commit_granule_bytes: 65536.
 - commit_granule_words: 8192.
 - virtual_space_node_default_size: 8388608.
 - enlarge_chunks_in_place: 1.
 - new_chunks_are_fully_committed: 0.
 - uncommit_free_chunks: 1.
 - use_allocation_guard: 0.
 - handle_deallocations: 1.


Internal statistics:

num_allocs_failed_limit: 6.
num_arena_births: 616.
num_arena_deaths: 214.
num_vsnodes_births: 2.
num_vsnodes_deaths: 0.
num_space_committed: 904.
num_space_uncommitted: 0.
num_chunks_returned_to_freelist: 255.
num_chunks_taken_from_freelist: 2346.
num_chunk_merges: 83.
num_chunk_splits: 1677.
num_chunks_enlarged: 1294.
num_inconsistent_stats: 0.

CodeCache: size=49152Kb used=11924Kb max_used=16829Kb free=37227Kb
 bounds [0x000001db7a250000, 0x000001db7b2c0000, 0x000001db7d250000]
 total_blobs=7087 nmethods=6426 adapters=585
 compilation: enabled
              stopped_count=0, restarted_count=0
 full_count=0

Compilation events (20 events):
Event: 1394.424 Thread 0x000001db0353a9f0 6417       1       java.lang.Process$PipeInputStream::<init> (6 bytes)
Event: 1394.424 Thread 0x000001db0353a9f0 nmethod 6417 0x000001db7a3ccb10 code [0x000001db7a3ccca0, 0x000001db7a3ccd88]
Event: 1394.515 Thread 0x000001db0353a9f0 6418       1       java.lang.ProcessImpl::exitValue (28 bytes)
Event: 1394.531 Thread 0x000001db0353a9f0 nmethod 6418 0x000001db7a3cc710 code [0x000001db7a3cc8c0, 0x000001db7a3cca18]
Event: 1394.531 Thread 0x000001db0353a9f0 6421   !   1       com.google.common.io.Closeables::closeQuietly (19 bytes)
Event: 1394.531 Thread 0x000001db0353a9f0 nmethod 6421 0x000001db7a3cc310 code [0x000001db7a3cc4c0, 0x000001db7a3cc638]
Event: 1394.531 Thread 0x000001db0353a9f0 6419       1       java.lang.ProcessImpl::getInputStream (5 bytes)
Event: 1394.531 Thread 0x000001db0353a9f0 nmethod 6419 0x000001db7a3cc010 code [0x000001db7a3cc1a0, 0x000001db7a3cc278]
Event: 1394.531 Thread 0x000001db0353a9f0 6420       1       java.lang.ProcessImpl::getErrorStream (5 bytes)
Event: 1394.531 Thread 0x000001db0353a9f0 nmethod 6420 0x000001db7a3cbd10 code [0x000001db7a3cbea0, 0x000001db7a3cbf78]
Event: 1394.531 Thread 0x000001db0353a9f0 6422       1       java.lang.ProcessImpl::getOutputStream (5 bytes)
Event: 1394.531 Thread 0x000001db0353a9f0 nmethod 6422 0x000001db7a3cba10 code [0x000001db7a3cbba0, 0x000001db7a3cbc78]
Event: 1439.470 Thread 0x000001db0353a9f0 6423       1       org.eclipse.lsp4j.jsonrpc.json.adapters.EnumTypeAdapter::write (10 bytes)
Event: 1439.470 Thread 0x000001db0353a9f0 nmethod 6423 0x000001db7a3cb510 code [0x000001db7a3cb6e0, 0x000001db7a3cb8c8]
Event: 1439.470 Thread 0x000001db0353a9f0 6424       1       org.eclipse.lsp4j.jsonrpc.json.adapters.EnumTypeAdapter::write (35 bytes)
Event: 1439.470 Thread 0x000001db0353a9f0 nmethod 6424 0x000001db7a3cb090 code [0x000001db7a3cb260, 0x000001db7a3cb408]
Event: 1439.471 Thread 0x000001db0353a9f0 6425       1       java.math.BigDecimal::valueOf (46 bytes)
Event: 1439.471 Thread 0x000001db0353a9f0 nmethod 6425 0x000001db7a3caa10 code [0x000001db7a3cabe0, 0x000001db7a3caf48]
Event: 1439.471 Thread 0x000001db0353a9f0 6426       1       java.time.temporal.ValueRange::checkValidValue (24 bytes)
Event: 1439.471 Thread 0x000001db0353a9f0 nmethod 6426 0x000001db7a3ca590 code [0x000001db7a3ca740, 0x000001db7a3ca918]

GC Heap History (20 events):
Event: 1364.188 GC heap before
{Heap before GC invocations=139 (full 124):
 garbage-first heap   total 96256K, used 28135K [0x00000000c0000000, 0x0000000100000000)
  region size 1024K, 1 young (1024K), 0 survivors (0K)
 Metaspace       used 57076K, committed 57856K, reserved 1114112K
  class space    used 7044K, committed 7360K, reserved 1048576K
}
Event: 1364.205 GC heap after
{Heap after GC invocations=140 (full 125):
 garbage-first heap   total 96256K, used 28135K [0x00000000c0000000, 0x0000000100000000)
  region size 1024K, 0 young (0K), 0 survivors (0K)
 Metaspace       used 57076K, committed 57856K, reserved 1114112K
  class space    used 7044K, committed 7360K, reserved 1048576K
}
Event: 1374.301 GC heap before
{Heap before GC invocations=140 (full 125):
 garbage-first heap   total 96256K, used 28135K [0x00000000c0000000, 0x0000000100000000)
  region size 1024K, 1 young (1024K), 0 survivors (0K)
 Metaspace       used 57076K, committed 57856K, reserved 1114112K
  class space    used 7044K, committed 7360K, reserved 1048576K
}
Event: 1374.318 GC heap after
{Heap after GC invocations=141 (full 126):
 garbage-first heap   total 96256K, used 28135K [0x00000000c0000000, 0x0000000100000000)
  region size 1024K, 0 young (0K), 0 survivors (0K)
 Metaspace       used 57076K, committed 57856K, reserved 1114112K
  class space    used 7044K, committed 7360K, reserved 1048576K
}
Event: 1384.400 GC heap before
{Heap before GC invocations=141 (full 126):
 garbage-first heap   total 96256K, used 28135K [0x00000000c0000000, 0x0000000100000000)
  region size 1024K, 1 young (1024K), 0 survivors (0K)
 Metaspace       used 57076K, committed 57856K, reserved 1114112K
  class space    used 7044K, committed 7360K, reserved 1048576K
}
Event: 1384.416 GC heap after
{Heap after GC invocations=142 (full 127):
 garbage-first heap   total 96256K, used 28135K [0x00000000c0000000, 0x0000000100000000)
  region size 1024K, 0 young (0K), 0 survivors (0K)
 Metaspace       used 57076K, committed 57856K, reserved 1114112K
  class space    used 7044K, committed 7360K, reserved 1048576K
}
Event: 1394.515 GC heap before
{Heap before GC invocations=142 (full 127):
 garbage-first heap   total 96256K, used 28135K [0x00000000c0000000, 0x0000000100000000)
  region size 1024K, 1 young (1024K), 0 survivors (0K)
 Metaspace       used 57076K, committed 57856K, reserved 1114112K
  class space    used 7044K, committed 7360K, reserved 1048576K
}
Event: 1394.531 GC heap after
{Heap after GC invocations=143 (full 128):
 garbage-first heap   total 96256K, used 28135K [0x00000000c0000000, 0x0000000100000000)
  region size 1024K, 0 young (0K), 0 survivors (0K)
 Metaspace       used 57076K, committed 57856K, reserved 1114112K
  class space    used 7044K, committed 7360K, reserved 1048576K
}
Event: 1404.640 GC heap before
{Heap before GC invocations=143 (full 128):
 garbage-first heap   total 96256K, used 28135K [0x00000000c0000000, 0x0000000100000000)
  region size 1024K, 1 young (1024K), 0 survivors (0K)
 Metaspace       used 57076K, committed 57856K, reserved 1114112K
  class space    used 7044K, committed 7360K, reserved 1048576K
}
Event: 1404.659 GC heap after
{Heap after GC invocations=144 (full 129):
 garbage-first heap   total 96256K, used 28135K [0x00000000c0000000, 0x0000000100000000)
  region size 1024K, 0 young (0K), 0 survivors (0K)
 Metaspace       used 57076K, committed 57856K, reserved 1114112K
  class space    used 7044K, committed 7360K, reserved 1048576K
}
Event: 1414.769 GC heap before
{Heap before GC invocations=144 (full 129):
 garbage-first heap   total 96256K, used 28135K [0x00000000c0000000, 0x0000000100000000)
  region size 1024K, 1 young (1024K), 0 survivors (0K)
 Metaspace       used 57076K, committed 57856K, reserved 1114112K
  class space    used 7044K, committed 7360K, reserved 1048576K
}
Event: 1414.784 GC heap after
{Heap after GC invocations=145 (full 130):
 garbage-first heap   total 96256K, used 28135K [0x00000000c0000000, 0x0000000100000000)
  region size 1024K, 0 young (0K), 0 survivors (0K)
 Metaspace       used 57076K, committed 57856K, reserved 1114112K
  class space    used 7044K, committed 7360K, reserved 1048576K
}
Event: 1424.876 GC heap before
{Heap before GC invocations=145 (full 130):
 garbage-first heap   total 96256K, used 28135K [0x00000000c0000000, 0x0000000100000000)
  region size 1024K, 1 young (1024K), 0 survivors (0K)
 Metaspace       used 57076K, committed 57856K, reserved 1114112K
  class space    used 7044K, committed 7360K, reserved 1048576K
}
Event: 1424.892 GC heap after
{Heap after GC invocations=146 (full 131):
 garbage-first heap   total 96256K, used 28135K [0x00000000c0000000, 0x0000000100000000)
  region size 1024K, 0 young (0K), 0 survivors (0K)
 Metaspace       used 57076K, committed 57856K, reserved 1114112K
  class space    used 7044K, committed 7360K, reserved 1048576K
}
Event: 1434.977 GC heap before
{Heap before GC invocations=146 (full 131):
 garbage-first heap   total 96256K, used 28135K [0x00000000c0000000, 0x0000000100000000)
  region size 1024K, 1 young (1024K), 0 survivors (0K)
 Metaspace       used 57076K, committed 57856K, reserved 1114112K
  class space    used 7044K, committed 7360K, reserved 1048576K
}
Event: 1434.993 GC heap after
{Heap after GC invocations=147 (full 132):
 garbage-first heap   total 96256K, used 28135K [0x00000000c0000000, 0x0000000100000000)
  region size 1024K, 0 young (0K), 0 survivors (0K)
 Metaspace       used 57076K, committed 57856K, reserved 1114112K
  class space    used 7044K, committed 7360K, reserved 1048576K
}
Event: 1475.138 GC heap before
{Heap before GC invocations=147 (full 132):
 garbage-first heap   total 96256K, used 28135K [0x00000000c0000000, 0x0000000100000000)
  region size 1024K, 1 young (1024K), 0 survivors (0K)
 Metaspace       used 57076K, committed 57856K, reserved 1114112K
  class space    used 7044K, committed 7360K, reserved 1048576K
}
Event: 1475.155 GC heap after
{Heap after GC invocations=148 (full 133):
 garbage-first heap   total 96256K, used 28136K [0x00000000c0000000, 0x0000000100000000)
  region size 1024K, 0 young (0K), 0 survivors (0K)
 Metaspace       used 57076K, committed 57856K, reserved 1114112K
  class space    used 7044K, committed 7360K, reserved 1048576K
}
Event: 1485.266 GC heap before
{Heap before GC invocations=148 (full 133):
 garbage-first heap   total 96256K, used 28136K [0x00000000c0000000, 0x0000000100000000)
  region size 1024K, 1 young (1024K), 0 survivors (0K)
 Metaspace       used 57076K, committed 57856K, reserved 1114112K
  class space    used 7044K, committed 7360K, reserved 1048576K
}
Event: 1485.283 GC heap after
{Heap after GC invocations=149 (full 134):
 garbage-first heap   total 96256K, used 28136K [0x00000000c0000000, 0x0000000100000000)
  region size 1024K, 0 young (0K), 0 survivors (0K)
 Metaspace       used 57076K, committed 57856K, reserved 1114112K
  class space    used 7044K, committed 7360K, reserved 1048576K
}

Dll operation events (9 events):
Event: 0.006 Loaded shared library c:\Users\asus\.vscode\extensions\redhat.java-1.25.1-win32-x64\jre\17.0.9-win32-x86_64\bin\java.dll
Event: 0.132 Loaded shared library C:\Users\asus\.vscode\extensions\redhat.java-1.25.1-win32-x64\jre\17.0.9-win32-x86_64\bin\net.dll
Event: 0.134 Loaded shared library C:\Users\asus\.vscode\extensions\redhat.java-1.25.1-win32-x64\jre\17.0.9-win32-x86_64\bin\nio.dll
Event: 0.457 Loaded shared library C:\Users\asus\.vscode\extensions\redhat.java-1.25.1-win32-x64\jre\17.0.9-win32-x86_64\bin\zip.dll
Event: 6.384 Loaded shared library C:\Users\asus\.vscode\extensions\redhat.java-1.25.1-win32-x64\jre\17.0.9-win32-x86_64\bin\jimage.dll
Event: 9.183 Loaded shared library c:\Users\asus\.vscode\extensions\redhat.java-1.25.1-win32-x64\jre\17.0.9-win32-x86_64\bin\verify.dll
Event: 9.954 Loaded shared library C:\Users\asus\.vscode\extensions\redhat.java-1.25.1-win32-x64\jre\17.0.9-win32-x86_64\bin\management.dll
Event: 9.973 Loaded shared library C:\Users\asus\.vscode\extensions\redhat.java-1.25.1-win32-x64\jre\17.0.9-win32-x86_64\bin\management_ext.dll
Event: 10.886 Loaded shared library C:\Users\asus\.vscode\extensions\redhat.java-1.25.1-win32-x64\jre\17.0.9-win32-x86_64\bin\sunmscapi.dll

Deoptimization events (20 events):
Event: 10.237 Thread 0x000001db096cf270 DEOPT PACKING pc=0x000001db7ab65e01 sp=0x00000047631fd930
Event: 10.237 Thread 0x000001db096cf270 DEOPT UNPACKING pc=0x000001db7a2a7143 sp=0x00000047631fcdc0 mode 3
Event: 10.250 Thread 0x000001db096d6d20 DEOPT PACKING pc=0x000001db7ab48d17 sp=0x00000047636ff280
Event: 10.250 Thread 0x000001db096d6d20 DEOPT UNPACKING pc=0x000001db7a2a7143 sp=0x00000047636fe6d8 mode 3
Event: 10.935 Thread 0x000001db096d8b80 DEOPT PACKING pc=0x000001db7a4c858c sp=0x00000047639fab40
Event: 10.935 Thread 0x000001db096d8b80 DEOPT UNPACKING pc=0x000001db7a2a7143 sp=0x00000047639fa008 mode 0
Event: 11.121 Thread 0x000001db096d6d20 DEOPT PACKING pc=0x000001db7af69654 sp=0x00000047636feb70
Event: 11.121 Thread 0x000001db096d6d20 DEOPT UNPACKING pc=0x000001db7a2a7143 sp=0x00000047636fe0a8 mode 0
Event: 11.346 Thread 0x000001db096d6d20 DEOPT PACKING pc=0x000001db7b0350ee sp=0x00000047636fe030
Event: 11.346 Thread 0x000001db096d6d20 DEOPT UNPACKING pc=0x000001db7a2a7143 sp=0x00000047636fd528 mode 3
Event: 11.504 Thread 0x000001db096d6d20 DEOPT PACKING pc=0x000001db7ab41ad2 sp=0x00000047636fe540
Event: 11.504 Thread 0x000001db096d6d20 DEOPT UNPACKING pc=0x000001db7a2a7143 sp=0x00000047636fda48 mode 3
Event: 11.626 Thread 0x000001db096d6d20 DEOPT PACKING pc=0x000001db7b18ef0c sp=0x00000047636fe6b0
Event: 11.626 Thread 0x000001db096d6d20 DEOPT UNPACKING pc=0x000001db7a2a7143 sp=0x00000047636fdc30 mode 0
Event: 11.626 Thread 0x000001db096d6d20 DEOPT PACKING pc=0x000001db7b18ef0c sp=0x00000047636fe910
Event: 11.626 Thread 0x000001db096d6d20 DEOPT UNPACKING pc=0x000001db7a2a7143 sp=0x00000047636fde90 mode 0
Event: 11.630 Thread 0x000001db096d6d20 DEOPT PACKING pc=0x000001db7b18ef0c sp=0x00000047636fed90
Event: 11.630 Thread 0x000001db096d6d20 DEOPT UNPACKING pc=0x000001db7a2a7143 sp=0x00000047636fe310 mode 0
Event: 159.094 Thread 0x000001db092ba8a0 DEOPT PACKING pc=0x000001db7ac35d54 sp=0x00000047630fefb0
Event: 159.094 Thread 0x000001db092ba8a0 DEOPT UNPACKING pc=0x000001db7a2a7143 sp=0x00000047630fe438 mode 0

Classes unloaded (20 events):
Event: 100.625 Thread 0x000001db0341ec30 Unloading class 0x00000001000d4800 'java/lang/invoke/LambdaForm$MH+0x00000001000d4800'
Event: 100.625 Thread 0x000001db0341ec30 Unloading class 0x00000001000d4400 'java/lang/invoke/LambdaForm$MH+0x00000001000d4400'
Event: 100.625 Thread 0x000001db0341ec30 Unloading class 0x00000001000ce800 'java/lang/invoke/LambdaForm$MH+0x00000001000ce800'
Event: 100.625 Thread 0x000001db0341ec30 Unloading class 0x00000001000ce400 'java/lang/invoke/LambdaForm$MH+0x00000001000ce400'
Event: 100.625 Thread 0x000001db0341ec30 Unloading class 0x00000001000ce000 'java/lang/invoke/LambdaForm$MH+0x00000001000ce000'
Event: 100.625 Thread 0x000001db0341ec30 Unloading class 0x00000001000cdc00 'java/lang/invoke/LambdaForm$MH+0x00000001000cdc00'
Event: 100.625 Thread 0x000001db0341ec30 Unloading class 0x00000001000cd800 'java/lang/invoke/LambdaForm$MH+0x00000001000cd800'
Event: 100.625 Thread 0x000001db0341ec30 Unloading class 0x00000001000cd400 'java/lang/invoke/LambdaForm$MH+0x00000001000cd400'
Event: 100.625 Thread 0x000001db0341ec30 Unloading class 0x00000001000ccc00 'java/lang/invoke/LambdaForm$MH+0x00000001000ccc00'
Event: 100.625 Thread 0x000001db0341ec30 Unloading class 0x00000001000cc800 'java/lang/invoke/LambdaForm$MH+0x00000001000cc800'
Event: 100.625 Thread 0x000001db0341ec30 Unloading class 0x00000001000cc000 'java/lang/invoke/LambdaForm$MH+0x00000001000cc000'
Event: 100.625 Thread 0x000001db0341ec30 Unloading class 0x00000001000cbc00 'java/lang/invoke/LambdaForm$MH+0x00000001000cbc00'
Event: 100.625 Thread 0x000001db0341ec30 Unloading class 0x00000001000cac00 'java/lang/invoke/LambdaForm$MH+0x00000001000cac00'
Event: 100.625 Thread 0x000001db0341ec30 Unloading class 0x00000001000ca400 'java/lang/invoke/LambdaForm$MH+0x00000001000ca400'
Event: 100.625 Thread 0x000001db0341ec30 Unloading class 0x00000001000ca000 'java/lang/invoke/LambdaForm$MH+0x00000001000ca000'
Event: 100.625 Thread 0x000001db0341ec30 Unloading class 0x00000001000c9c00 'java/lang/invoke/LambdaForm$MH+0x00000001000c9c00'
Event: 100.625 Thread 0x000001db0341ec30 Unloading class 0x00000001000c9800 'java/lang/invoke/LambdaForm$MH+0x00000001000c9800'
Event: 100.625 Thread 0x000001db0341ec30 Unloading class 0x00000001000c9400 'java/lang/invoke/LambdaForm$MH+0x00000001000c9400'
Event: 100.625 Thread 0x000001db0341ec30 Unloading class 0x00000001000c8c00 'java/lang/invoke/LambdaForm$MH+0x00000001000c8c00'
Event: 100.625 Thread 0x000001db0341ec30 Unloading class 0x00000001000c8400 'java/lang/invoke/LambdaForm$MH+0x00000001000c8400'

Classes redefined (0 events):
No events

Internal exceptions (20 events):
Event: 11.056 Thread 0x000001db096d6d20 Exception <a 'java/lang/IncompatibleClassChangeError'{0x00000000ddbbb540}: Found class java.lang.Object, but interface was expected> (0x00000000ddbbb540) 
thrown [s\src\hotspot\share\interpreter\linkResolver.cpp, line 826]
Event: 11.129 Thread 0x000001db096d6d20 Exception <a 'java/lang/NoSuchMethodError'{0x00000000ddbc8a20}: 'int java.lang.invoke.DirectMethodHandle$Holder.invokeSpecialIFC(java.lang.Object, java.lang.Object, java.lang.Object)'> (0x00000000ddbc8a20) 
thrown [s\src\hotspot\share\interpreter\linkResolver.cpp, line 759]
Event: 11.346 Thread 0x000001db096d6d20 Implicit null exception at 0x000001db7b034ec4 to 0x000001db7b0350e9
Event: 11.656 Thread 0x000001db096d6d20 Exception <a 'sun/nio/fs/WindowsException'{0x00000000ce785950}> (0x00000000ce785950) 
thrown [s\src\hotspot\share\prims\jni.cpp, line 516]
Event: 11.656 Thread 0x000001db096d6d20 Exception <a 'sun/nio/fs/WindowsException'{0x00000000ce786620}> (0x00000000ce786620) 
thrown [s\src\hotspot\share\prims\jni.cpp, line 516]
Event: 11.656 Thread 0x000001db096d6d20 Exception <a 'sun/nio/fs/WindowsException'{0x00000000ce7872a0}> (0x00000000ce7872a0) 
thrown [s\src\hotspot\share\prims\jni.cpp, line 516]
Event: 11.656 Thread 0x000001db096d6d20 Exception <a 'sun/nio/fs/WindowsException'{0x00000000ce787f70}> (0x00000000ce787f70) 
thrown [s\src\hotspot\share\prims\jni.cpp, line 516]
Event: 11.656 Thread 0x000001db096d6d20 Exception <a 'sun/nio/fs/WindowsException'{0x00000000ce788d10}> (0x00000000ce788d10) 
thrown [s\src\hotspot\share\prims\jni.cpp, line 516]
Event: 11.656 Thread 0x000001db096d6d20 Exception <a 'sun/nio/fs/WindowsException'{0x00000000ce789b18}> (0x00000000ce789b18) 
thrown [s\src\hotspot\share\prims\jni.cpp, line 516]
Event: 11.657 Thread 0x000001db096d6d20 Exception <a 'sun/nio/fs/WindowsException'{0x00000000ce790f40}> (0x00000000ce790f40) 
thrown [s\src\hotspot\share\prims\jni.cpp, line 516]
Event: 11.657 Thread 0x000001db096d6d20 Exception <a 'sun/nio/fs/WindowsException'{0x00000000ce791c10}> (0x00000000ce791c10) 
thrown [s\src\hotspot\share\prims\jni.cpp, line 516]
Event: 11.657 Thread 0x000001db096d6d20 Exception <a 'sun/nio/fs/WindowsException'{0x00000000ce792890}> (0x00000000ce792890) 
thrown [s\src\hotspot\share\prims\jni.cpp, line 516]
Event: 11.657 Thread 0x000001db096d6d20 Exception <a 'sun/nio/fs/WindowsException'{0x00000000ce793560}> (0x00000000ce793560) 
thrown [s\src\hotspot\share\prims\jni.cpp, line 516]
Event: 11.657 Thread 0x000001db096d6d20 Exception <a 'sun/nio/fs/WindowsException'{0x00000000ce794300}> (0x00000000ce794300) 
thrown [s\src\hotspot\share\prims\jni.cpp, line 516]
Event: 11.657 Thread 0x000001db096d6d20 Exception <a 'sun/nio/fs/WindowsException'{0x00000000ce795108}> (0x00000000ce795108) 
thrown [s\src\hotspot\share\prims\jni.cpp, line 516]
Event: 49.970 Thread 0x000001db09643470 Exception <a 'java/lang/NoSuchMethodError'{0x00000000ce3a37b0}: 'void java.lang.invoke.DirectMethodHandle$Holder.invokeStatic(java.lang.Object, long)'> (0x00000000ce3a37b0) 
thrown [s\src\hotspot\share\interpreter\linkResolver.cpp, line 759]
Event: 49.970 Thread 0x000001db09643470 Exception <a 'java/lang/NoSuchMethodError'{0x00000000ce3a8b58}: 'java.lang.Object java.lang.invoke.DirectMethodHandle$Holder.newInvokeSpecial(java.lang.Object, long)'> (0x00000000ce3a8b58) 
thrown [s\src\hotspot\share\interpreter\linkResolver.cpp, line 759]
Event: 311.606 Thread 0x000001db096d7230 Exception <a 'java/io/IOException'{0x00000000c60a9650}> (0x00000000c60a9650) 
thrown [s\src\hotspot\share\prims\jni.cpp, line 516]
Event: 312.040 Thread 0x000001db096d95a0 Exception <a 'java/io/IOException'{0x00000000c60bee78}> (0x00000000c60bee78) 
thrown [s\src\hotspot\share\prims\jni.cpp, line 516]
Event: 312.242 Thread 0x000001db0a6185d0 Exception <a 'java/io/IOException'{0x00000000c60d46a0}> (0x00000000c60d46a0) 
thrown [s\src\hotspot\share\prims\jni.cpp, line 516]

VM Operations (20 events):
Event: 1374.318 Executing VM operation: G1CollectFull done
Event: 1384.400 Executing VM operation: G1CollectFull
Event: 1384.416 Executing VM operation: G1CollectFull done
Event: 1394.515 Executing VM operation: G1CollectFull
Event: 1394.531 Executing VM operation: G1CollectFull done
Event: 1404.640 Executing VM operation: G1CollectFull
Event: 1404.659 Executing VM operation: G1CollectFull done
Event: 1414.769 Executing VM operation: G1CollectFull
Event: 1414.784 Executing VM operation: G1CollectFull done
Event: 1424.876 Executing VM operation: G1CollectFull
Event: 1424.892 Executing VM operation: G1CollectFull done
Event: 1434.977 Executing VM operation: G1CollectFull
Event: 1434.993 Executing VM operation: G1CollectFull done
Event: 1440.047 Executing VM operation: Cleanup
Event: 1440.047 Executing VM operation: Cleanup done
Event: 1475.138 Executing VM operation: G1CollectFull
Event: 1475.155 Executing VM operation: G1CollectFull done
Event: 1485.266 Executing VM operation: G1CollectFull
Event: 1485.284 Executing VM operation: G1CollectFull done
Event: 1495.312 Executing VM operation: G1CollectFull

Events (20 events):
Event: 311.605 loading class sun/nio/ch/ExtendedSocketOption
Event: 311.605 loading class sun/nio/ch/ExtendedSocketOption done
Event: 311.605 loading class sun/nio/ch/ExtendedSocketOption$1
Event: 311.605 loading class sun/nio/ch/ExtendedSocketOption$1 done
Event: 311.605 loading class sun/security/ssl/Alert
Event: 311.605 loading class sun/security/ssl/Alert done
Event: 311.605 loading class sun/security/ssl/Alert$AlertConsumer
Event: 311.606 loading class sun/security/ssl/Alert$AlertConsumer done
Event: 311.606 loading class sun/security/ssl/Alert$Level
Event: 311.606 loading class sun/security/ssl/Alert$Level done
Event: 311.606 loading class sun/net/ConnectionResetException
Event: 311.606 loading class sun/net/ConnectionResetException done
Event: 371.609 Thread 0x000001db0a616260 Thread exited: 0x000001db0a616260
Event: 372.044 Thread 0x000001db0a614e20 Thread exited: 0x000001db0a614e20
Event: 372.044 Thread 0x000001db096d95a0 Thread exited: 0x000001db096d95a0
Event: 372.247 Thread 0x000001db0a6185d0 Thread exited: 0x000001db0a6185d0
Event: 372.247 Thread 0x000001db096d7230 Thread exited: 0x000001db096d7230
Event: 677.848 Thread 0x000001db096d7230 Thread added: 0x000001db096d7230
Event: 737.859 Thread 0x000001db096d7230 Thread exited: 0x000001db096d7230
Event: 1439.469 Thread 0x000001db096d7230 Thread added: 0x000001db096d7230


Dynamic libraries:
0x00007ff7891f0000 - 0x00007ff7891fe000 	c:\Users\asus\.vscode\extensions\redhat.java-1.25.1-win32-x64\jre\17.0.9-win32-x86_64\bin\java.exe
0x00007ffd34450000 - 0x00007ffd34667000 	C:\Windows\SYSTEM32\ntdll.dll
0x00007ffd32470000 - 0x00007ffd32534000 	C:\Windows\System32\KERNEL32.DLL
0x00007ffd31be0000 - 0x00007ffd31f86000 	C:\Windows\System32\KERNELBASE.dll
0x00007ffd31fc0000 - 0x00007ffd320d1000 	C:\Windows\System32\ucrtbase.dll
0x00007ffd22f20000 - 0x00007ffd22f37000 	c:\Users\asus\.vscode\extensions\redhat.java-1.25.1-win32-x64\jre\17.0.9-win32-x86_64\bin\jli.dll
0x00007ffd22f40000 - 0x00007ffd22f5b000 	c:\Users\asus\.vscode\extensions\redhat.java-1.25.1-win32-x64\jre\17.0.9-win32-x86_64\bin\VCRUNTIME140.dll
0x00007ffd33cf0000 - 0x00007ffd33e9e000 	C:\Windows\System32\USER32.dll
0x00007ffd31f90000 - 0x00007ffd31fb6000 	C:\Windows\System32\win32u.dll
0x00007ffd33420000 - 0x00007ffd33449000 	C:\Windows\System32\GDI32.dll
0x00007ffd31930000 - 0x00007ffd31a48000 	C:\Windows\System32\gdi32full.dll
0x00007ffd30ae0000 - 0x00007ffd30d73000 	C:\Windows\WinSxS\amd64_microsoft.windows.common-controls_6595b64144ccf1df_6.0.22621.2506_none_270c5ae97388e100\COMCTL32.dll
0x00007ffd31a50000 - 0x00007ffd31aea000 	C:\Windows\System32\msvcp_win.dll
0x00007ffd322a0000 - 0x00007ffd32347000 	C:\Windows\System32\msvcrt.dll
0x00007ffd333e0000 - 0x00007ffd33411000 	C:\Windows\System32\IMM32.DLL
0x00007ffd25220000 - 0x00007ffd2522c000 	c:\Users\asus\.vscode\extensions\redhat.java-1.25.1-win32-x64\jre\17.0.9-win32-x86_64\bin\vcruntime140_1.dll
0x00007ffcfbec0000 - 0x00007ffcfbf4d000 	c:\Users\asus\.vscode\extensions\redhat.java-1.25.1-win32-x64\jre\17.0.9-win32-x86_64\bin\msvcp140.dll
0x00007ffcb51c0000 - 0x00007ffcb5e21000 	c:\Users\asus\.vscode\extensions\redhat.java-1.25.1-win32-x64\jre\17.0.9-win32-x86_64\bin\server\jvm.dll
0x00007ffd34020000 - 0x00007ffd340d1000 	C:\Windows\System32\ADVAPI32.dll
0x00007ffd332a0000 - 0x00007ffd33345000 	C:\Windows\System32\sechost.dll
0x00007ffd32350000 - 0x00007ffd32467000 	C:\Windows\System32\RPCRT4.dll
0x00007ffd310e0000 - 0x00007ffd3112d000 	C:\Windows\SYSTEM32\POWRPROF.dll
0x00007ffd09630000 - 0x00007ffd09639000 	C:\Windows\SYSTEM32\WSOCK32.dll
0x00007ffd321b0000 - 0x00007ffd32221000 	C:\Windows\System32\WS2_32.dll
0x00007ffd293c0000 - 0x00007ffd293f4000 	C:\Windows\SYSTEM32\WINMM.dll
0x00007ffd30030000 - 0x00007ffd3003a000 	C:\Windows\SYSTEM32\VERSION.dll
0x00007ffd30f60000 - 0x00007ffd30f73000 	C:\Windows\SYSTEM32\UMPDC.dll
0x00007ffd2f8f0000 - 0x00007ffd2f908000 	C:\Windows\SYSTEM32\kernel.appcore.dll
0x00007ffd1b610000 - 0x00007ffd1b61a000 	c:\Users\asus\.vscode\extensions\redhat.java-1.25.1-win32-x64\jre\17.0.9-win32-x86_64\bin\jimage.dll
0x00007ffd31130000 - 0x00007ffd31363000 	C:\Windows\SYSTEM32\DBGHELP.DLL
0x00007ffd33960000 - 0x00007ffd33ce9000 	C:\Windows\System32\combase.dll
0x00007ffd340e0000 - 0x00007ffd341b7000 	C:\Windows\System32\OLEAUT32.dll
0x00007ffd30fa0000 - 0x00007ffd30fd2000 	C:\Windows\SYSTEM32\dbgcore.DLL
0x00007ffd31af0000 - 0x00007ffd31b6a000 	C:\Windows\System32\bcryptPrimitives.dll
0x00007ffd1b020000 - 0x00007ffd1b045000 	c:\Users\asus\.vscode\extensions\redhat.java-1.25.1-win32-x64\jre\17.0.9-win32-x86_64\bin\java.dll
0x00007ffd1a7f0000 - 0x00007ffd1a808000 	c:\Users\asus\.vscode\extensions\redhat.java-1.25.1-win32-x64\jre\17.0.9-win32-x86_64\bin\zip.dll
0x00007ffd329e0000 - 0x00007ffd3323a000 	C:\Windows\System32\SHELL32.dll
0x00007ffd2e780000 - 0x00007ffd2f076000 	C:\Windows\SYSTEM32\windows.storage.dll
0x00007ffd2e640000 - 0x00007ffd2e77e000 	C:\Windows\SYSTEM32\wintypes.dll
0x00007ffd341c0000 - 0x00007ffd342b3000 	C:\Windows\System32\SHCORE.dll
0x00007ffd33fc0000 - 0x00007ffd3401e000 	C:\Windows\System32\shlwapi.dll
0x00007ffd316f0000 - 0x00007ffd31716000 	C:\Windows\SYSTEM32\profapi.dll
0x00007ffd11320000 - 0x00007ffd11339000 	C:\Users\asus\.vscode\extensions\redhat.java-1.25.1-win32-x64\jre\17.0.9-win32-x86_64\bin\net.dll
0x00007ffd2d060000 - 0x00007ffd2d197000 	C:\Windows\SYSTEM32\WINHTTP.dll
0x00007ffd2fd00000 - 0x00007ffd2fd69000 	C:\Windows\system32\mswsock.dll
0x00007ffd112c0000 - 0x00007ffd112d6000 	C:\Users\asus\.vscode\extensions\redhat.java-1.25.1-win32-x64\jre\17.0.9-win32-x86_64\bin\nio.dll
0x00007ffd31460000 - 0x00007ffd3147b000 	C:\Windows\SYSTEM32\CRYPTSP.dll
0x00007ffd2f840000 - 0x00007ffd2f875000 	C:\Windows\system32\rsaenh.dll
0x00007ffd2fdf0000 - 0x00007ffd2fe1c000 	C:\Windows\SYSTEM32\USERENV.dll
0x00007ffd30fe0000 - 0x00007ffd31008000 	C:\Windows\SYSTEM32\bcrypt.dll
0x00007ffd2ff50000 - 0x00007ffd2ff5c000 	C:\Windows\SYSTEM32\CRYPTBASE.dll
0x00007ffd2f350000 - 0x00007ffd2f37d000 	C:\Windows\SYSTEM32\IPHLPAPI.DLL
0x00007ffd33350000 - 0x00007ffd33359000 	C:\Windows\System32\NSI.dll
0x00007ffd2b360000 - 0x00007ffd2b379000 	C:\Windows\SYSTEM32\dhcpcsvc6.DLL
0x00007ffd2b310000 - 0x00007ffd2b32f000 	C:\Windows\SYSTEM32\dhcpcsvc.DLL
0x00007ffd2f380000 - 0x00007ffd2f479000 	C:\Windows\SYSTEM32\DNSAPI.dll
0x00007ffd11250000 - 0x00007ffd11260000 	c:\Users\asus\.vscode\extensions\redhat.java-1.25.1-win32-x64\jre\17.0.9-win32-x86_64\bin\verify.dll
0x00007ffcfd9f0000 - 0x00007ffcfd9f9000 	C:\Users\asus\.vscode\extensions\redhat.java-1.25.1-win32-x64\jre\17.0.9-win32-x86_64\bin\management.dll
0x00007ffcfd9e0000 - 0x00007ffcfd9eb000 	C:\Users\asus\.vscode\extensions\redhat.java-1.25.1-win32-x64\jre\17.0.9-win32-x86_64\bin\management_ext.dll
0x00007ffd33450000 - 0x00007ffd33458000 	C:\Windows\System32\PSAPI.DLL
0x00007ffcfdc30000 - 0x00007ffcfdc3e000 	C:\Users\asus\.vscode\extensions\redhat.java-1.25.1-win32-x64\jre\17.0.9-win32-x86_64\bin\sunmscapi.dll
0x00007ffd317c0000 - 0x00007ffd31926000 	C:\Windows\System32\CRYPT32.dll
0x00007ffd309b0000 - 0x00007ffd309dd000 	C:\Windows\SYSTEM32\ncrypt.dll
0x00007ffd30970000 - 0x00007ffd309a7000 	C:\Windows\SYSTEM32\NTASN1.dll
0x00007ffd29d00000 - 0x00007ffd29d0a000 	C:\Windows\System32\rasadhlp.dll
0x00007ffd2a480000 - 0x00007ffd2a503000 	C:\Windows\System32\fwpuclnt.dll

dbghelp: loaded successfully - version: 4.0.5 - missing functions: none
symbol engine: initialized successfully - sym options: 0x614 - pdb path: .;c:\Users\asus\.vscode\extensions\redhat.java-1.25.1-win32-x64\jre\17.0.9-win32-x86_64\bin;C:\Windows\SYSTEM32;C:\Windows\WinSxS\amd64_microsoft.windows.common-controls_6595b64144ccf1df_6.0.22621.2506_none_270c5ae97388e100;c:\Users\asus\.vscode\extensions\redhat.java-1.25.1-win32-x64\jre\17.0.9-win32-x86_64\bin\server

VM Arguments:
jvm_args: -XX:+HeapDumpOnOutOfMemoryError -Xmx1024m -Dsts.lsp.client=vscode -Dsts.log.file=/dev/null -XX:TieredStopAtLevel=1 -Xlog:jni+resolve=off -Dspring.config.location=file:c:\Users\asus\.vscode\extensions\vmware.vscode-spring-boot-1.51.0\language-server\BOOT-INF\classes\application.properties 
java_command: org.springframework.ide.vscode.boot.app.BootLanguageServerBootApp
java_class_path (initial): c:\Users\asus\.vscode\extensions\vmware.vscode-spring-boot-1.51.0\language-server\BOOT-INF\classes;c:\Users\asus\.vscode\extensions\vmware.vscode-spring-boot-1.51.0\language-server\BOOT-INF\lib\annotations-24.1.0.jar;c:\Users\asus\.vscode\extensions\vmware.vscode-spring-boot-1.51.0\language-server\BOOT-INF\lib\antlr-runtime-3.5.3.jar;c:\Users\asus\.vscode\extensions\vmware.vscode-spring-boot-1.51.0\language-server\BOOT-INF\lib\antlr4-4.11.1.jar;c:\Users\asus\.vscode\extensions\vmware.vscode-spring-boot-1.51.0\language-server\BOOT-INF\lib\antlr4-runtime-4.11.1.jar;c:\Users\asus\.vscode\extensions\vmware.vscode-spring-boot-1.51.0\language-server\BOOT-INF\lib\asm-9.6.jar;c:\Users\asus\.vscode\extensions\vmware.vscode-spring-boot-1.51.0\language-server\BOOT-INF\lib\asm-analysis-9.6.jar;c:\Users\asus\.vscode\extensions\vmware.vscode-spring-boot-1.51.0\language-server\BOOT-INF\lib\asm-tree-9.6.jar;c:\Users\asus\.vscode\extensions\vmware.vscode-spring-boot-1.51.0\language-server\BOOT-INF\lib\asm-util-9.6.jar;c:\Users\asus\.vscode\extensions\vmware.vscode-spring-boot-1.51.0\language-server\BOOT-INF\lib\bosh-language-server-1.51.0-SNAPSHOT.jar;c:\Users\asus\.vscode\extensions\vmware.vscode-spring-boot-1.51.0\language-server\BOOT-INF\lib\caffeine-3.1.8.jar;c:\Users\asus\.vscode\extensions\vmware.vscode-spring-boot-1.51.0\language-server\BOOT-INF\lib\checker-qual-3.12.0.jar;c:\Users\asus\.vscode\extensions\vmware.vscode-spring-boot-1.51.0\language-server\BOOT-INF\lib\classgraph-4.8.149.jar;c:\Users\asus\.vscode\extensions\vmware.vscode-spring-boot-1.51.0\language-server\BOOT-INF\lib\commons-codec-1.15.jar;c:\Users\asus\.vscode\extensions\vmware.vscode-spring-boot-1.51.0\language-server\BOOT-INF\lib\commons-compress-1.25.0.jar;c:\Users\asus\.vscode\extensions\vmware.vscode-spring-boot-1.51.0\language-server\BOOT-INF\lib\commons-io-2.4.jar;c:\Users\asus\.vscode\extensions\vmware.vscode-spring-boot-1.51.0\language-server\BOOT-INF\lib\commons-java-1.51
Launcher Type: SUN_STANDARD

[Global flags]
     intx CICompilerCount                          = 12                                        {product} {ergonomic}
     uint ConcGCThreads                            = 4                                         {product} {ergonomic}
     uint G1ConcRefinementThreads                  = 15                                        {product} {ergonomic}
   size_t G1HeapRegionSize                         = 1048576                                   {product} {ergonomic}
    uintx GCDrainStackTargetSize                   = 64                                        {product} {ergonomic}
     bool HeapDumpOnOutOfMemoryError               = true                                   {manageable} {command line}
   size_t InitialHeapSize                          = 532676608                                 {product} {ergonomic}
   size_t MarkStackSize                            = 4194304                                   {product} {ergonomic}
   size_t MaxHeapSize                              = 1073741824                                {product} {command line}
   size_t MaxNewSize                               = 643825664                                 {product} {ergonomic}
   size_t MinHeapDeltaBytes                        = 1048576                                   {product} {ergonomic}
   size_t MinHeapSize                              = 8388608                                   {product} {ergonomic}
    uintx NonProfiledCodeHeapSize                  = 0                                      {pd product} {ergonomic}
     bool ProfileInterpreter                       = false                                  {pd product} {command line}
    uintx ProfiledCodeHeapSize                     = 0                                      {pd product} {ergonomic}
   size_t SoftMaxHeapSize                          = 1073741824                             {manageable} {ergonomic}
     intx TieredStopAtLevel                        = 1                                         {product} {command line}
     bool UseCompressedClassPointers               = true                           {product lp64_product} {ergonomic}
     bool UseCompressedOops                        = true                           {product lp64_product} {ergonomic}
     bool UseG1GC                                  = true                                      {product} {ergonomic}
     bool UseLargePagesIndividualAllocation        = false                                  {pd product} {ergonomic}

Logging:
Log output configuration:
 #0: stdout all=warning,jni+resolve=off uptime,level,tags
 #1: stderr all=off uptime,level,tags

Environment Variables:
JAVA_HOME=C:\Program Files\Java\jdk-17
PATH=C:\Program Files\NVIDIA GPU Computing Toolkit\CUDA\v12.3\bin;C:\Program Files\NVIDIA GPU Computing Toolkit\CUDA\v12.3\libnvvp;C:\Python312\Scripts\;C:\Python312\;C:\Program Files\Java\jdk-17\bin;C:\Windows\system32;C:\Windows;C:\Windows\System32\Wbem;C:\Windows\System32\WindowsPowerShell\v1.0\;C:\Windows\System32\OpenSSH\;C:\Program Files (x86)\NVIDIA Corporation\PhysX\Common;C:\Program Files\NVIDIA Corporation\NVIDIA NvDLISR;C:\Program Files\dotnet\;C:\Program Files\Git\cmd;C:\Program Files\nodejs\;C:\ProgramData\chocolatey\bin;C:\Program Files (x86)\Microsoft SQL Server\160\Tools\Binn\;C:\Program Files\Microsoft SQL Server\160\Tools\Binn\;C:\Program Files\Microsoft SQL Server\Client SDK\ODBC\170\Tools\Binn\;C:\Program Files\Microsoft SQL Server\160\DTS\Binn\;C:\Program Files (x86)\Microsoft SQL Server\160\DTS\Binn\;C:\Program Files\Azure Data Studio\bin;C:\Program Files\NVIDIA Corporation\Nsight Compute 2023.3.1\;C:\xampp\php;C:\composer;C:\Apache\Maven\apache-maven-3.9.6\bin;C:\Program Files\Java\jdk-17\bin;C:\Users\asus\AppData\Local\Microsoft\WindowsApps;C:\Users\asus\AppData\Local\Programs\Microsoft VS Code\bin;C:\Users\asus\AppData\Roaming\npm;C:\Program Files\Azure Data Studio\bin;C:\Users\asus\AppData\Roaming\Composer\vendor\bin;C:\Users\asus\.dotnet\tools
USERNAME=asus
OS=Windows_NT
PROCESSOR_IDENTIFIER=Intel64 Family 6 Model 154 Stepping 3, GenuineIntel
TMP=C:\Users\asus\AppData\Local\Temp
TEMP=C:\Users\asus\AppData\Local\Temp



Periodic native trim disabled


---------------  S Y S T E M  ---------------

OS:
 Windows 11 , 64 bit Build 22621 (10.0.22621.2506)
OS uptime: 0 days 14:17 hours
Hyper-V role detected

CPU: total 20 (initial active 20) (10 cores per cpu, 2 threads per core) family 6 model 154 stepping 3 microcode 0x421, cx8, cmov, fxsr, ht, mmx, 3dnowpref, sse, sse2, sse3, ssse3, sse4.1, sse4.2, popcnt, lzcnt, tsc, tscinvbit, avx, avx2, aes, erms, clmul, bmi1, bmi2, adx, sha, fma, vzeroupper, clflush, clflushopt, clwb, hv
Processor Information for all 20 processors :
  Max Mhz: 2300, Current Mhz: 2300, Mhz Limit: 2300

Memory: 4k page, system-wide physical 32395M (19483M free)
TotalPageFile size 130699M (AvailPageFile size 19M)
current process WorkingSet (physical memory assigned to process): 196M, peak: 261M
current process commit charge ("private bytes"): 278M, peak: 649M

vm_info: OpenJDK 64-Bit Server VM (17.0.9+9) for windows-amd64 JRE (17.0.9+9), built on Oct 26 2023 14:01:42 by "admin" with MS VC++ 16.10 / 16.11 (VS2019)

END.
