#
# There is insufficient memory for the Java Runtime Environment to continue.
# Native memory allocation (malloc) failed to allocate 922576 bytes for Chunk::new
# Possible reasons:
#   The system is out of physical RAM or swap space
#   The process is running with CompressedOops enabled, and the Java Heap may be blocking the growth of the native heap
# Possible solutions:
#   Reduce memory load on the system
#   Increase physical memory or swap space
#   Check if swap backing store is full
#   Decrease Java heap size (-Xmx/-Xms)
#   Decrease number of Java threads
#   Decrease Java thread stack sizes (-Xss)
#   Set larger code cache with -XX:ReservedCodeCacheSize=
#   JVM is running with Unscaled Compressed Oops mode in which the Java heap is
#     placed in the first 4GB address space. The Java Heap base address is the
#     maximum limit for the native heap growth. Please use -XX:HeapBaseMinAddress
#     to set the Java Heap base and to place the Java Heap above 4GB virtual address.
# This output file may be truncated or incomplete.
#
#  Out of Memory Error (arena.cpp:191), pid=16600, tid=28816
#
# JRE version: OpenJDK Runtime Environment Temurin-17.0.9+9 (17.0.9+9) (build 17.0.9+9)
# Java VM: OpenJDK 64-Bit Server VM Temurin-17.0.9+9 (17.0.9+9, mixed mode, tiered, compressed oops, compressed class ptrs, parallel gc, windows-amd64)
# No core dump will be written. Minidumps are not enabled by default on client versions of Windows
#

---------------  S U M M A R Y ------------

Command Line: --add-modules=ALL-SYSTEM --add-opens=java.base/java.util=ALL-UNNAMED --add-opens=java.base/java.lang=ALL-UNNAMED --add-opens=java.base/sun.nio.fs=ALL-UNNAMED -Declipse.application=org.eclipse.jdt.ls.core.id1 -Dosgi.bundles.defaultStartLevel=4 -Declipse.product=org.eclipse.jdt.ls.core.product -Djava.import.generatesMetadataFilesAtProjectRoot=false -DDetectVMInstallationsJob.disabled=true -Dfile.encoding=utf8 -XX:+UseParallelGC -XX:GCTimeRatio=4 -XX:AdaptiveSizePolicyWeight=90 -Dsun.zip.disableMemoryMapping=true -Xmx1G -Xms100m -Xlog:disable -javaagent:c:\Users\asus\.vscode\extensions\redhat.java-1.25.1-win32-x64\lombok\lombok-1.18.30.jar -XX:+HeapDumpOnOutOfMemoryError -XX:HeapDumpPath=c:\Users\asus\AppData\Roaming\Code\User\workspaceStorage\790a2ee001d946fde0003750c571a388\redhat.java -Daether.dependencyCollector.impl=bf c:\Users\asus\.vscode\extensions\redhat.java-1.25.1-win32-x64\server\plugins\org.eclipse.equinox.launcher_1.6.600.v20231106-1826.jar -configuration c:\Users\asus\AppData\Roaming\Code\User\globalStorage\redhat.java\1.25.1\config_win -data c:\Users\asus\AppData\Roaming\Code\User\workspaceStorage\790a2ee001d946fde0003750c571a388\redhat.java\jdt_ws --stdio

Host: 12th Gen Intel(R) Core(TM) i7-12700H, 20 cores, 31G,  Windows 11 , 64 bit Build 22621 (10.0.22621.2506)
Time: Sat Jan  6 03:56:23 2024 Hora est. Pacífico, Sudamérica elapsed time: 2.438874 seconds (0d 0h 0m 2s)

---------------  T H R E A D  ---------------

Current thread (0x000002457f80e350):  JavaThread "C2 CompilerThread0" daemon [_thread_in_native, id=28816, stack(0x0000006ed1600000,0x0000006ed1700000)]


Current CompileTask:
C2:   2439 4054 %     4       java.io.WinNTFileSystem::normalize @ 22 (143 bytes)

Stack: [0x0000006ed1600000,0x0000006ed1700000]
Native frames: (J=compiled Java code, j=interpreted, Vv=VM code, C=native code)
V  [jvm.dll+0x67cf49]
V  [jvm.dll+0x83478a]
V  [jvm.dll+0x83624e]
V  [jvm.dll+0x8368b3]
V  [jvm.dll+0x247f1f]
V  [jvm.dll+0xac43c]
V  [jvm.dll+0xaca8c]
V  [jvm.dll+0x367012]
V  [jvm.dll+0x1bd536]
V  [jvm.dll+0x21a709]
V  [jvm.dll+0x2199d1]
V  [jvm.dll+0x1a57cd]
V  [jvm.dll+0x2297ae]
V  [jvm.dll+0x22797c]
V  [jvm.dll+0x7e9877]
V  [jvm.dll+0x7e3c3a]
V  [jvm.dll+0x67be35]
C  [ucrtbase.dll+0x29363]
C  [KERNEL32.DLL+0x1257d]
C  [ntdll.dll+0x5aa58]


---------------  P R O C E S S  ---------------

Threads class SMR info:
_java_thread_list=0x000002451ee21090, length=27, elements={
0x000002457f55e310, 0x000002457f805020, 0x000002457f8059f0, 0x000002457f60d6c0,
0x000002457f60e090, 0x000002457f809ff0, 0x000002457f80ae70, 0x000002457f80e350,
0x000002451a161f00, 0x000002451a16b780, 0x000002451a27f5e0, 0x000002451a2e5bc0,
0x000002451c8c5020, 0x000002451c8c5540, 0x000002451c97a990, 0x000002451d2aa620,
0x000002451d2c80b0, 0x000002451d0d7e70, 0x000002451dae13e0, 0x000002451dafc8a0,
0x000002451d8dd0a0, 0x000002451d241d10, 0x000002451d242220, 0x000002451d2403c0,
0x000002451a336550, 0x000002451a336f30, 0x000002451d242730
}

Java Threads: ( => current thread )
  0x000002457f55e310 JavaThread "main" [_thread_blocked, id=19304, stack(0x0000006ed0d00000,0x0000006ed0e00000)]
  0x000002457f805020 JavaThread "Reference Handler" daemon [_thread_blocked, id=14312, stack(0x0000006ed1000000,0x0000006ed1100000)]
  0x000002457f8059f0 JavaThread "Finalizer" daemon [_thread_blocked, id=31044, stack(0x0000006ed1100000,0x0000006ed1200000)]
  0x000002457f60d6c0 JavaThread "Signal Dispatcher" daemon [_thread_blocked, id=32436, stack(0x0000006ed1200000,0x0000006ed1300000)]
  0x000002457f60e090 JavaThread "Attach Listener" daemon [_thread_blocked, id=15924, stack(0x0000006ed1300000,0x0000006ed1400000)]
  0x000002457f809ff0 JavaThread "Service Thread" daemon [_thread_blocked, id=23344, stack(0x0000006ed1400000,0x0000006ed1500000)]
  0x000002457f80ae70 JavaThread "Monitor Deflation Thread" daemon [_thread_blocked, id=17240, stack(0x0000006ed1500000,0x0000006ed1600000)]
=>0x000002457f80e350 JavaThread "C2 CompilerThread0" daemon [_thread_in_native, id=28816, stack(0x0000006ed1600000,0x0000006ed1700000)]
  0x000002451a161f00 JavaThread "C1 CompilerThread0" daemon [_thread_blocked, id=29440, stack(0x0000006ed1700000,0x0000006ed1800000)]
  0x000002451a16b780 JavaThread "Sweeper thread" daemon [_thread_blocked, id=28152, stack(0x0000006ed1800000,0x0000006ed1900000)]
  0x000002451a27f5e0 JavaThread "Common-Cleaner" daemon [_thread_blocked, id=30244, stack(0x0000006ed1900000,0x0000006ed1a00000)]
  0x000002451a2e5bc0 JavaThread "C1 CompilerThread1" daemon [_thread_blocked, id=19508, stack(0x0000006ed1a00000,0x0000006ed1b00000)]
  0x000002451c8c5020 JavaThread "C1 CompilerThread2" daemon [_thread_blocked, id=16092, stack(0x0000006ed1d00000,0x0000006ed1e00000)]
  0x000002451c8c5540 JavaThread "C1 CompilerThread3" daemon [_thread_blocked, id=18000, stack(0x0000006ed1e00000,0x0000006ed1f00000)]
  0x000002451c97a990 JavaThread "Notification Thread" daemon [_thread_blocked, id=31660, stack(0x0000006ed1f00000,0x0000006ed2000000)]
  0x000002451d2aa620 JavaThread "Active Thread: Equinox Container: c46a94d3-03f7-46a5-a044-895a738eba7a" [_thread_blocked, id=18152, stack(0x0000006ed2600000,0x0000006ed2700000)]
  0x000002451d2c80b0 JavaThread "Framework Event Dispatcher: Equinox Container: c46a94d3-03f7-46a5-a044-895a738eba7a" daemon [_thread_blocked, id=31760, stack(0x0000006ed2700000,0x0000006ed2800000)]
  0x000002451d0d7e70 JavaThread "Start Level: Equinox Container: c46a94d3-03f7-46a5-a044-895a738eba7a" daemon [_thread_in_native, id=6340, stack(0x0000006ed2800000,0x0000006ed2900000)]
  0x000002451dae13e0 JavaThread "Bundle File Closer" daemon [_thread_blocked, id=34384, stack(0x0000006ed2b00000,0x0000006ed2c00000)]
  0x000002451dafc8a0 JavaThread "SCR Component Actor" daemon [_thread_blocked, id=21856, stack(0x0000006ed2c00000,0x0000006ed2d00000)]
  0x000002451d8dd0a0 JavaThread "SCR Component Registry" daemon [_thread_blocked, id=25892, stack(0x0000006ed2f00000,0x0000006ed3000000)]
  0x000002451d241d10 JavaThread "Worker-JM" [_thread_blocked, id=25332, stack(0x0000006ed3000000,0x0000006ed3100000)]
  0x000002451d242220 JavaThread "Worker-0" [_thread_blocked, id=14436, stack(0x0000006ed3300000,0x0000006ed3400000)]
  0x000002451d2403c0 JavaThread "Worker-1" [_thread_blocked, id=23696, stack(0x0000006ed3400000,0x0000006ed3500000)]
  0x000002451a336550 JavaThread "C2 CompilerThread1" daemon [_thread_in_native, id=29976, stack(0x0000006ed1b00000,0x0000006ed1c00000)]
  0x000002451a336f30 JavaThread "C2 CompilerThread2" daemon [_thread_in_native, id=33180, stack(0x0000006ed1c00000,0x0000006ed1d00000)]
  0x000002451d242730 JavaThread "Java indexing" daemon [_thread_blocked, id=24416, stack(0x0000006ed3800000,0x0000006ed3900000)]

Other Threads:
  0x000002457f607c20 VMThread "VM Thread" [stack: 0x0000006ed0f00000,0x0000006ed1000000] [id=33652]
  0x000002451c9e7110 WatcherThread [stack: 0x0000006ed2000000,0x0000006ed2100000] [id=15000]
  0x000002457f56c470 GCTaskThread "GC Thread#0" [stack: 0x0000006ed0e00000,0x0000006ed0f00000] [id=13648]
  0x000002451c9d0260 GCTaskThread "GC Thread#1" [stack: 0x0000006ed2100000,0x0000006ed2200000] [id=23700]
  0x000002451d1c2820 GCTaskThread "GC Thread#2" [stack: 0x0000006ed2200000,0x0000006ed2300000] [id=5552]
  0x000002451d0c1c30 GCTaskThread "GC Thread#3" [stack: 0x0000006ed2300000,0x0000006ed2400000] [id=28116]
  0x000002451c9d0730 GCTaskThread "GC Thread#4" [stack: 0x0000006ed2400000,0x0000006ed2500000] [id=19316]
  0x000002451cfe77d0 GCTaskThread "GC Thread#5" [stack: 0x0000006ed2500000,0x0000006ed2600000] [id=24068]
  0x000002451cdba4f0 GCTaskThread "GC Thread#6" [stack: 0x0000006ed2900000,0x0000006ed2a00000] [id=15576]
  0x000002451d910b80 GCTaskThread "GC Thread#7" [stack: 0x0000006ed2a00000,0x0000006ed2b00000] [id=31316]
  0x000002451dc696c0 GCTaskThread "GC Thread#8" [stack: 0x0000006ed2d00000,0x0000006ed2e00000] [id=5328]
  0x000002451dd3fcf0 GCTaskThread "GC Thread#9" [stack: 0x0000006ed2e00000,0x0000006ed2f00000] [id=25576]
  0x000002451d706840 GCTaskThread "GC Thread#10" [stack: 0x0000006ed3100000,0x0000006ed3200000] [id=11896]
  0x000002451d706b00 GCTaskThread "GC Thread#11" [stack: 0x0000006ed3200000,0x0000006ed3300000] [id=27888]
  0x000002451dee63a0 GCTaskThread "GC Thread#12" [stack: 0x0000006ed3500000,0x0000006ed3600000] [id=21752]
  0x000002451d41a0c0 GCTaskThread "GC Thread#13" [stack: 0x0000006ed3600000,0x0000006ed3700000] [id=29336]
  0x000002451d41a380 GCTaskThread "GC Thread#14" [stack: 0x0000006ed3700000,0x0000006ed3800000] [id=16440]

Threads with active compile tasks:
C2 CompilerThread0     2452 4054 %     4       java.io.WinNTFileSystem::normalize @ 22 (143 bytes)
C2 CompilerThread1     2452 3929       4       org.lombokweb.asm.ClassReader::readMethod (1066 bytes)
C2 CompilerThread2     2452 4080       4       java.lang.invoke.MethodType::makeImpl (109 bytes)

VM state: not at safepoint (normal execution)

VM Mutex/Monitor currently owned by a thread: None

Heap address: 0x00000000c0000000, size: 1024 MB, Compressed Oops mode: 32-bit

CDS archive(s) not mapped
Compressed class space mapped at: 0x0000000100000000-0x0000000140000000, reserved size: 1073741824
Narrow klass base: 0x0000000000000000, Narrow klass shift: 3, Narrow klass range: 0x140000000

GC Precious Log:
 CPUs: 20 total, 20 available
 Memory: 32395M
 Large Page Support: Disabled
 NUMA Support: Disabled
 Compressed Oops: Enabled (32-bit)
 Alignments: Space 512K, Generation 512K, Heap 2M
 Heap Min Capacity: 100M
 Heap Initial Capacity: 100M
 Heap Max Capacity: 1G
 Pre-touch: Disabled
 Parallel Workers: 15

Heap:
 PSYoungGen      total 26112K, used 10055K [0x00000000eab00000, 0x00000000ec800000, 0x0000000100000000)
  eden space 23552K, 31% used [0x00000000eab00000,0x00000000eb254eb0,0x00000000ec200000)
  from space 2560K, 99% used [0x00000000ec400000,0x00000000ec67cf20,0x00000000ec680000)
  to   space 1536K, 0% used [0x00000000ec680000,0x00000000ec680000,0x00000000ec800000)
 ParOldGen       total 68608K, used 11998K [0x00000000c0000000, 0x00000000c4300000, 0x00000000eab00000)
  object space 68608K, 17% used [0x00000000c0000000,0x00000000c0bb7a20,0x00000000c4300000)
 Metaspace       used 33838K, committed 34624K, reserved 1114112K
  class space    used 3316K, committed 3648K, reserved 1048576K

Card table byte_map: [0x000002457ef20000,0x000002457f130000] _byte_map_base: 0x000002457e920000

Marking Bits: (ParMarkBitMap*) 0x00007ffcb94fd0b0
 Begin Bits: [0x0000024512ff0000, 0x0000024513ff0000)
 End Bits:   [0x0000024513ff0000, 0x0000024514ff0000)

Polling page: 0x000002457ed10000

Metaspace:

Usage:
  Non-class:     29.81 MB used.
      Class:      3.24 MB used.
       Both:     33.05 MB used.

Virtual space:
  Non-class space:       64.00 MB reserved,      30.25 MB ( 47%) committed,  1 nodes.
      Class space:        1.00 GB reserved,       3.56 MB ( <1%) committed,  1 nodes.
             Both:        1.06 GB reserved,      33.81 MB (  3%) committed. 

Chunk freelists:
   Non-Class:  1.79 MB
       Class:  12.45 MB
        Both:  14.24 MB

MaxMetaspaceSize: unlimited
CompressedClassSpaceSize: 1.00 GB
Initial GC threshold: 21.00 MB
Current GC threshold: 35.00 MB
CDS: off
MetaspaceReclaimPolicy: balanced
 - commit_granule_bytes: 65536.
 - commit_granule_words: 8192.
 - virtual_space_node_default_size: 8388608.
 - enlarge_chunks_in_place: 1.
 - new_chunks_are_fully_committed: 0.
 - uncommit_free_chunks: 1.
 - use_allocation_guard: 0.
 - handle_deallocations: 1.


Internal statistics:

num_allocs_failed_limit: 3.
num_arena_births: 574.
num_arena_deaths: 0.
num_vsnodes_births: 2.
num_vsnodes_deaths: 0.
num_space_committed: 541.
num_space_uncommitted: 0.
num_chunks_returned_to_freelist: 3.
num_chunks_taken_from_freelist: 1610.
num_chunk_merges: 3.
num_chunk_splits: 1056.
num_chunks_enlarged: 663.
num_inconsistent_stats: 0.

CodeHeap 'non-profiled nmethods': size=119168Kb used=1659Kb max_used=1659Kb free=117508Kb
 bounds [0x000002450bb90000, 0x000002450be00000, 0x0000024512ff0000]
CodeHeap 'profiled nmethods': size=119104Kb used=8803Kb max_used=8803Kb free=110301Kb
 bounds [0x0000024503ff0000, 0x0000024504890000, 0x000002450b440000]
CodeHeap 'non-nmethods': size=7488Kb used=2942Kb max_used=2961Kb free=4545Kb
 bounds [0x000002450b440000, 0x000002450b730000, 0x000002450bb90000]
 total_blobs=4652 nmethods=4081 adapters=482
 compilation: enabled
              stopped_count=0, restarted_count=0
 full_count=0

Compilation events (20 events):
Event: 2.390 Thread 0x000002451c8c5540 4076       3       java.lang.ProcessEnvironment$NameComparator::compare (90 bytes)
Event: 2.390 Thread 0x000002451a2e5bc0 4078       3       java.util.TreeMap::fixAfterInsertion (267 bytes)
Event: 2.390 Thread 0x000002451c8c5020 nmethod 4074 0x000002450487f490 code [0x000002450487f620, 0x000002450487f778]
Event: 2.390 Thread 0x000002451c8c5020 4075       3       java.lang.ProcessEnvironment$NameComparator::compare (13 bytes)
Event: 2.390 Thread 0x000002451a161f00 nmethod 4071 0x000002450487f810 code [0x000002450487fac0, 0x0000024504880bd8]
Event: 2.390 Thread 0x000002451c8c5020 nmethod 4075 0x0000024504881090 code [0x0000024504881240, 0x0000024504881548]
Event: 2.391 Thread 0x000002451c8c5540 nmethod 4076 0x0000024504881610 code [0x0000024504881920, 0x0000024504882b38]
Event: 2.391 Thread 0x000002451a2e5bc0 nmethod 4078 0x0000024504883410 code [0x00000245048838c0, 0x0000024504885f98]
Event: 2.391 Thread 0x000002451a336f30 nmethod 4005% 0x000002450bd2c890 code [0x000002450bd2ca60, 0x000002450bd2d208]
Event: 2.391 Thread 0x000002451a336f30 4077       4       java.lang.CharacterDataLatin1::toUpperCase (53 bytes)
Event: 2.392 Thread 0x000002451a336f30 nmethod 4077 0x000002450bd2d710 code [0x000002450bd2d880, 0x000002450bd2d978]
Event: 2.392 Thread 0x000002451a336f30 4079       4       java.util.HashMap::put (13 bytes)
Event: 2.399 Thread 0x000002451a336f30 nmethod 4079 0x000002450bd2dd90 code [0x000002450bd2dfa0, 0x000002450bd2e880]
Event: 2.400 Thread 0x000002451a336f30 4080       4       java.lang.invoke.MethodType::makeImpl (109 bytes)
Event: 2.404 Thread 0x000002451c8c5540 4082       3       sun.security.provider.SHA::implCompress0 (506 bytes)
Event: 2.405 Thread 0x000002451c8c5540 nmethod 4082 0x0000024504886c10 code [0x0000024504886e20, 0x0000024504887828]
Event: 2.405 Thread 0x000002451a2e5bc0 4084       3       sun.security.provider.SHA::implCompress (13 bytes)
Event: 2.405 Thread 0x000002451c8c5540 4085       3       sun.security.provider.SHA::implCompressCheck (27 bytes)
Event: 2.405 Thread 0x000002451c8c5540 nmethod 4085 0x0000024504887d10 code [0x0000024504887ee0, 0x0000024504888298]
Event: 2.405 Thread 0x000002451a2e5bc0 nmethod 4084 0x0000024504888410 code [0x0000024504888600, 0x0000024504888a48]

GC Heap History (20 events):
Event: 0.652 GC heap before
{Heap before GC invocations=1 (full 0):
 PSYoungGen      total 29696K, used 25600K [0x00000000eab00000, 0x00000000ecc00000, 0x0000000100000000)
  eden space 25600K, 100% used [0x00000000eab00000,0x00000000ec400000,0x00000000ec400000)
  from space 4096K, 0% used [0x00000000ec800000,0x00000000ec800000,0x00000000ecc00000)
  to   space 4096K, 0% used [0x00000000ec400000,0x00000000ec400000,0x00000000ec800000)
 ParOldGen       total 68608K, used 0K [0x00000000c0000000, 0x00000000c4300000, 0x00000000eab00000)
  object space 68608K, 0% used [0x00000000c0000000,0x00000000c0000000,0x00000000c4300000)
 Metaspace       used 10639K, committed 10816K, reserved 1114112K
  class space    used 1061K, committed 1152K, reserved 1048576K
}
Event: 0.657 GC heap after
{Heap after GC invocations=1 (full 0):
 PSYoungGen      total 29696K, used 3075K [0x00000000eab00000, 0x00000000ecc00000, 0x0000000100000000)
  eden space 25600K, 0% used [0x00000000eab00000,0x00000000eab00000,0x00000000ec400000)
  from space 4096K, 75% used [0x00000000ec400000,0x00000000ec700c28,0x00000000ec800000)
  to   space 4096K, 0% used [0x00000000ec800000,0x00000000ec800000,0x00000000ecc00000)
 ParOldGen       total 68608K, used 8K [0x00000000c0000000, 0x00000000c4300000, 0x00000000eab00000)
  object space 68608K, 0% used [0x00000000c0000000,0x00000000c0002000,0x00000000c4300000)
 Metaspace       used 10639K, committed 10816K, reserved 1114112K
  class space    used 1061K, committed 1152K, reserved 1048576K
}
Event: 1.045 GC heap before
{Heap before GC invocations=2 (full 0):
 PSYoungGen      total 29696K, used 28661K [0x00000000eab00000, 0x00000000ecc00000, 0x0000000100000000)
  eden space 25600K, 99% used [0x00000000eab00000,0x00000000ec3fca28,0x00000000ec400000)
  from space 4096K, 75% used [0x00000000ec400000,0x00000000ec700c28,0x00000000ec800000)
  to   space 4096K, 0% used [0x00000000ec800000,0x00000000ec800000,0x00000000ecc00000)
 ParOldGen       total 68608K, used 8K [0x00000000c0000000, 0x00000000c4300000, 0x00000000eab00000)
  object space 68608K, 0% used [0x00000000c0000000,0x00000000c0002000,0x00000000c4300000)
 Metaspace       used 14364K, committed 14528K, reserved 1114112K
  class space    used 1427K, committed 1472K, reserved 1048576K
}
Event: 1.049 GC heap after
{Heap after GC invocations=2 (full 0):
 PSYoungGen      total 29696K, used 4072K [0x00000000eab00000, 0x00000000ecc00000, 0x0000000100000000)
  eden space 25600K, 0% used [0x00000000eab00000,0x00000000eab00000,0x00000000ec400000)
  from space 4096K, 99% used [0x00000000ec800000,0x00000000ecbfa2b0,0x00000000ecc00000)
  to   space 4096K, 0% used [0x00000000ec400000,0x00000000ec400000,0x00000000ec800000)
 ParOldGen       total 68608K, used 1427K [0x00000000c0000000, 0x00000000c4300000, 0x00000000eab00000)
  object space 68608K, 2% used [0x00000000c0000000,0x00000000c0164d38,0x00000000c4300000)
 Metaspace       used 14364K, committed 14528K, reserved 1114112K
  class space    used 1427K, committed 1472K, reserved 1048576K
}
Event: 1.302 GC heap before
{Heap before GC invocations=3 (full 0):
 PSYoungGen      total 29696K, used 29672K [0x00000000eab00000, 0x00000000ecc00000, 0x0000000100000000)
  eden space 25600K, 100% used [0x00000000eab00000,0x00000000ec400000,0x00000000ec400000)
  from space 4096K, 99% used [0x00000000ec800000,0x00000000ecbfa2b0,0x00000000ecc00000)
  to   space 4096K, 0% used [0x00000000ec400000,0x00000000ec400000,0x00000000ec800000)
 ParOldGen       total 68608K, used 1427K [0x00000000c0000000, 0x00000000c4300000, 0x00000000eab00000)
  object space 68608K, 2% used [0x00000000c0000000,0x00000000c0164d38,0x00000000c4300000)
 Metaspace       used 16311K, committed 16576K, reserved 1114112K
  class space    used 1629K, committed 1728K, reserved 1048576K
}
Event: 1.306 GC heap after
{Heap after GC invocations=3 (full 0):
 PSYoungGen      total 29696K, used 4078K [0x00000000eab00000, 0x00000000ecc00000, 0x0000000100000000)
  eden space 25600K, 0% used [0x00000000eab00000,0x00000000eab00000,0x00000000ec400000)
  from space 4096K, 99% used [0x00000000ec400000,0x00000000ec7fb860,0x00000000ec800000)
  to   space 4096K, 0% used [0x00000000ec800000,0x00000000ec800000,0x00000000ecc00000)
 ParOldGen       total 68608K, used 5313K [0x00000000c0000000, 0x00000000c4300000, 0x00000000eab00000)
  object space 68608K, 7% used [0x00000000c0000000,0x00000000c05305a0,0x00000000c4300000)
 Metaspace       used 16311K, committed 16576K, reserved 1114112K
  class space    used 1629K, committed 1728K, reserved 1048576K
}
Event: 1.600 GC heap before
{Heap before GC invocations=4 (full 0):
 PSYoungGen      total 29696K, used 29678K [0x00000000eab00000, 0x00000000ecc00000, 0x0000000100000000)
  eden space 25600K, 100% used [0x00000000eab00000,0x00000000ec400000,0x00000000ec400000)
  from space 4096K, 99% used [0x00000000ec400000,0x00000000ec7fb860,0x00000000ec800000)
  to   space 4096K, 0% used [0x00000000ec800000,0x00000000ec800000,0x00000000ecc00000)
 ParOldGen       total 68608K, used 5313K [0x00000000c0000000, 0x00000000c4300000, 0x00000000eab00000)
  object space 68608K, 7% used [0x00000000c0000000,0x00000000c05305a0,0x00000000c4300000)
 Metaspace       used 20972K, committed 21440K, reserved 1114112K
  class space    used 2116K, committed 2304K, reserved 1048576K
}
Event: 1.602 GC heap after
{Heap after GC invocations=4 (full 0):
 PSYoungGen      total 29696K, used 4095K [0x00000000eab00000, 0x00000000ecc00000, 0x0000000100000000)
  eden space 25600K, 0% used [0x00000000eab00000,0x00000000eab00000,0x00000000ec400000)
  from space 4096K, 99% used [0x00000000ec800000,0x00000000ecbffc88,0x00000000ecc00000)
  to   space 4096K, 0% used [0x00000000ec400000,0x00000000ec400000,0x00000000ec800000)
 ParOldGen       total 68608K, used 6756K [0x00000000c0000000, 0x00000000c4300000, 0x00000000eab00000)
  object space 68608K, 9% used [0x00000000c0000000,0x00000000c0699260,0x00000000c4300000)
 Metaspace       used 20972K, committed 21440K, reserved 1114112K
  class space    used 2116K, committed 2304K, reserved 1048576K
}
Event: 1.607 GC heap before
{Heap before GC invocations=5 (full 0):
 PSYoungGen      total 29696K, used 4799K [0x00000000eab00000, 0x00000000ecc00000, 0x0000000100000000)
  eden space 25600K, 2% used [0x00000000eab00000,0x00000000eabb0130,0x00000000ec400000)
  from space 4096K, 99% used [0x00000000ec800000,0x00000000ecbffc88,0x00000000ecc00000)
  to   space 4096K, 0% used [0x00000000ec400000,0x00000000ec400000,0x00000000ec800000)
 ParOldGen       total 68608K, used 6756K [0x00000000c0000000, 0x00000000c4300000, 0x00000000eab00000)
  object space 68608K, 9% used [0x00000000c0000000,0x00000000c0699260,0x00000000c4300000)
 Metaspace       used 21058K, committed 21504K, reserved 1114112K
  class space    used 2129K, committed 2304K, reserved 1048576K
}
Event: 1.609 GC heap after
{Heap after GC invocations=5 (full 0):
 PSYoungGen      total 29696K, used 4088K [0x00000000eab00000, 0x00000000ece00000, 0x0000000100000000)
  eden space 25600K, 0% used [0x00000000eab00000,0x00000000eab00000,0x00000000ec400000)
  from space 4096K, 99% used [0x00000000ec400000,0x00000000ec7fe1f8,0x00000000ec800000)
  to   space 5120K, 0% used [0x00000000ec900000,0x00000000ec900000,0x00000000ece00000)
 ParOldGen       total 68608K, used 6832K [0x00000000c0000000, 0x00000000c4300000, 0x00000000eab00000)
  object space 68608K, 9% used [0x00000000c0000000,0x00000000c06ac270,0x00000000c4300000)
 Metaspace       used 21058K, committed 21504K, reserved 1114112K
  class space    used 2129K, committed 2304K, reserved 1048576K
}
Event: 1.609 GC heap before
{Heap before GC invocations=6 (full 1):
 PSYoungGen      total 29696K, used 4088K [0x00000000eab00000, 0x00000000ece00000, 0x0000000100000000)
  eden space 25600K, 0% used [0x00000000eab00000,0x00000000eab00000,0x00000000ec400000)
  from space 4096K, 99% used [0x00000000ec400000,0x00000000ec7fe1f8,0x00000000ec800000)
  to   space 5120K, 0% used [0x00000000ec900000,0x00000000ec900000,0x00000000ece00000)
 ParOldGen       total 68608K, used 6832K [0x00000000c0000000, 0x00000000c4300000, 0x00000000eab00000)
  object space 68608K, 9% used [0x00000000c0000000,0x00000000c06ac270,0x00000000c4300000)
 Metaspace       used 21058K, committed 21504K, reserved 1114112K
  class space    used 2129K, committed 2304K, reserved 1048576K
}
Event: 1.621 GC heap after
{Heap after GC invocations=6 (full 1):
 PSYoungGen      total 29696K, used 0K [0x00000000eab00000, 0x00000000ece00000, 0x0000000100000000)
  eden space 25600K, 0% used [0x00000000eab00000,0x00000000eab00000,0x00000000ec400000)
  from space 4096K, 0% used [0x00000000ec400000,0x00000000ec400000,0x00000000ec800000)
  to   space 5120K, 0% used [0x00000000ec900000,0x00000000ec900000,0x00000000ece00000)
 ParOldGen       total 68608K, used 10613K [0x00000000c0000000, 0x00000000c4300000, 0x00000000eab00000)
  object space 68608K, 15% used [0x00000000c0000000,0x00000000c0a5d520,0x00000000c4300000)
 Metaspace       used 21058K, committed 21504K, reserved 1114112K
  class space    used 2129K, committed 2304K, reserved 1048576K
}
Event: 1.866 GC heap before
{Heap before GC invocations=7 (full 1):
 PSYoungGen      total 29696K, used 25600K [0x00000000eab00000, 0x00000000ece00000, 0x0000000100000000)
  eden space 25600K, 100% used [0x00000000eab00000,0x00000000ec400000,0x00000000ec400000)
  from space 4096K, 0% used [0x00000000ec400000,0x00000000ec400000,0x00000000ec800000)
  to   space 5120K, 0% used [0x00000000ec900000,0x00000000ec900000,0x00000000ece00000)
 ParOldGen       total 68608K, used 10613K [0x00000000c0000000, 0x00000000c4300000, 0x00000000eab00000)
  object space 68608K, 15% used [0x00000000c0000000,0x00000000c0a5d520,0x00000000c4300000)
 Metaspace       used 24425K, committed 24960K, reserved 1114112K
  class space    used 2472K, committed 2688K, reserved 1048576K
}
Event: 1.867 GC heap after
{Heap after GC invocations=7 (full 1):
 PSYoungGen      total 26112K, used 944K [0x00000000eab00000, 0x00000000eca00000, 0x0000000100000000)
  eden space 25088K, 0% used [0x00000000eab00000,0x00000000eab00000,0x00000000ec380000)
  from space 1024K, 92% used [0x00000000ec900000,0x00000000ec9ec0a8,0x00000000eca00000)
  to   space 2560K, 0% used [0x00000000ec500000,0x00000000ec500000,0x00000000ec780000)
 ParOldGen       total 68608K, used 10621K [0x00000000c0000000, 0x00000000c4300000, 0x00000000eab00000)
  object space 68608K, 15% used [0x00000000c0000000,0x00000000c0a5f520,0x00000000c4300000)
 Metaspace       used 24425K, committed 24960K, reserved 1114112K
  class space    used 2472K, committed 2688K, reserved 1048576K
}
Event: 2.043 GC heap before
{Heap before GC invocations=8 (full 1):
 PSYoungGen      total 26112K, used 26032K [0x00000000eab00000, 0x00000000eca00000, 0x0000000100000000)
  eden space 25088K, 100% used [0x00000000eab00000,0x00000000ec380000,0x00000000ec380000)
  from space 1024K, 92% used [0x00000000ec900000,0x00000000ec9ec0a8,0x00000000eca00000)
  to   space 2560K, 0% used [0x00000000ec500000,0x00000000ec500000,0x00000000ec780000)
 ParOldGen       total 68608K, used 10621K [0x00000000c0000000, 0x00000000c4300000, 0x00000000eab00000)
  object space 68608K, 15% used [0x00000000c0000000,0x00000000c0a5f520,0x00000000c4300000)
 Metaspace       used 27496K, committed 28224K, reserved 1114112K
  class space    used 2824K, committed 3136K, reserved 1048576K
}
Event: 2.044 GC heap after
{Heap after GC invocations=8 (full 1):
 PSYoungGen      total 27136K, used 2551K [0x00000000eab00000, 0x00000000eca00000, 0x0000000100000000)
  eden space 24576K, 0% used [0x00000000eab00000,0x00000000eab00000,0x00000000ec300000)
  from space 2560K, 99% used [0x00000000ec500000,0x00000000ec77de28,0x00000000ec780000)
  to   space 2560K, 0% used [0x00000000ec780000,0x00000000ec780000,0x00000000eca00000)
 ParOldGen       total 68608K, used 11153K [0x00000000c0000000, 0x00000000c4300000, 0x00000000eab00000)
  object space 68608K, 16% used [0x00000000c0000000,0x00000000c0ae45e8,0x00000000c4300000)
 Metaspace       used 27496K, committed 28224K, reserved 1114112K
  class space    used 2824K, committed 3136K, reserved 1048576K
}
Event: 2.173 GC heap before
{Heap before GC invocations=9 (full 1):
 PSYoungGen      total 27136K, used 27127K [0x00000000eab00000, 0x00000000eca00000, 0x0000000100000000)
  eden space 24576K, 100% used [0x00000000eab00000,0x00000000ec300000,0x00000000ec300000)
  from space 2560K, 99% used [0x00000000ec500000,0x00000000ec77de28,0x00000000ec780000)
  to   space 2560K, 0% used [0x00000000ec780000,0x00000000ec780000,0x00000000eca00000)
 ParOldGen       total 68608K, used 11153K [0x00000000c0000000, 0x00000000c4300000, 0x00000000eab00000)
  object space 68608K, 16% used [0x00000000c0000000,0x00000000c0ae45e8,0x00000000c4300000)
 Metaspace       used 30418K, committed 31168K, reserved 1114112K
  class space    used 3031K, committed 3328K, reserved 1048576K
}
Event: 2.174 GC heap after
{Heap after GC invocations=9 (full 1):
 PSYoungGen      total 26624K, used 2543K [0x00000000eab00000, 0x00000000eca00000, 0x0000000100000000)
  eden space 24064K, 0% used [0x00000000eab00000,0x00000000eab00000,0x00000000ec280000)
  from space 2560K, 99% used [0x00000000ec780000,0x00000000ec9fbdb0,0x00000000eca00000)
  to   space 3072K, 0% used [0x00000000ec400000,0x00000000ec400000,0x00000000ec700000)
 ParOldGen       total 68608K, used 11393K [0x00000000c0000000, 0x00000000c4300000, 0x00000000eab00000)
  object space 68608K, 16% used [0x00000000c0000000,0x00000000c0b205e8,0x00000000c4300000)
 Metaspace       used 30418K, committed 31168K, reserved 1114112K
  class space    used 3031K, committed 3328K, reserved 1048576K
}
Event: 2.334 GC heap before
{Heap before GC invocations=10 (full 1):
 PSYoungGen      total 26624K, used 26607K [0x00000000eab00000, 0x00000000eca00000, 0x0000000100000000)
  eden space 24064K, 100% used [0x00000000eab00000,0x00000000ec280000,0x00000000ec280000)
  from space 2560K, 99% used [0x00000000ec780000,0x00000000ec9fbdb0,0x00000000eca00000)
  to   space 3072K, 0% used [0x00000000ec400000,0x00000000ec400000,0x00000000ec700000)
 ParOldGen       total 68608K, used 11393K [0x00000000c0000000, 0x00000000c4300000, 0x00000000eab00000)
  object space 68608K, 16% used [0x00000000c0000000,0x00000000c0b205e8,0x00000000c4300000)
 Metaspace       used 32629K, committed 33408K, reserved 1114112K
  class space    used 3196K, committed 3520K, reserved 1048576K
}
Event: 2.336 GC heap after
{Heap after GC invocations=10 (full 1):
 PSYoungGen      total 26112K, used 2547K [0x00000000eab00000, 0x00000000ec800000, 0x0000000100000000)
  eden space 23552K, 0% used [0x00000000eab00000,0x00000000eab00000,0x00000000ec200000)
  from space 2560K, 99% used [0x00000000ec400000,0x00000000ec67cf20,0x00000000ec680000)
  to   space 1536K, 0% used [0x00000000ec680000,0x00000000ec680000,0x00000000ec800000)
 ParOldGen       total 68608K, used 11998K [0x00000000c0000000, 0x00000000c4300000, 0x00000000eab00000)
  object space 68608K, 17% used [0x00000000c0000000,0x00000000c0bb7a20,0x00000000c4300000)
 Metaspace       used 32629K, committed 33408K, reserved 1114112K
  class space    used 3196K, committed 3520K, reserved 1048576K
}

Dll operation events (9 events):
Event: 0.007 Loaded shared library c:\Users\asus\.vscode\extensions\redhat.java-1.25.1-win32-x64\jre\17.0.9-win32-x86_64\bin\java.dll
Event: 0.124 Loaded shared library c:\Users\asus\.vscode\extensions\redhat.java-1.25.1-win32-x64\jre\17.0.9-win32-x86_64\bin\zip.dll
Event: 0.128 Loaded shared library C:\Users\asus\.vscode\extensions\redhat.java-1.25.1-win32-x64\jre\17.0.9-win32-x86_64\bin\instrument.dll
Event: 0.140 Loaded shared library C:\Users\asus\.vscode\extensions\redhat.java-1.25.1-win32-x64\jre\17.0.9-win32-x86_64\bin\net.dll
Event: 0.141 Loaded shared library C:\Users\asus\.vscode\extensions\redhat.java-1.25.1-win32-x64\jre\17.0.9-win32-x86_64\bin\nio.dll
Event: 0.147 Loaded shared library C:\Users\asus\.vscode\extensions\redhat.java-1.25.1-win32-x64\jre\17.0.9-win32-x86_64\bin\zip.dll
Event: 0.184 Loaded shared library C:\Users\asus\.vscode\extensions\redhat.java-1.25.1-win32-x64\jre\17.0.9-win32-x86_64\bin\jimage.dll
Event: 0.247 Loaded shared library c:\Users\asus\.vscode\extensions\redhat.java-1.25.1-win32-x64\jre\17.0.9-win32-x86_64\bin\verify.dll
Event: 1.021 Loaded shared library C:\Users\asus\AppData\Roaming\Code\User\globalStorage\redhat.java\1.25.1\config_win\org.eclipse.equinox.launcher\org.eclipse.equinox.launcher.win32.win32.x86_64_1.2.800.v20231003-1442\eclipse_11802.dll

Deoptimization events (20 events):
Event: 2.389 Thread 0x000002451d0d7e70 Uncommon trap: trap_request=0xffffffc6 fr.pc=0x000002450bc2bbf4 relative=0x00000000000009b4
Event: 2.389 Thread 0x000002451d0d7e70 Uncommon trap: reason=bimorphic_or_optimized_type_check action=maybe_recompile pc=0x000002450bc2bbf4 method=java.util.HashMap.putVal(ILjava/lang/Object;Ljava/lang/Object;ZZ)Ljava/lang/Object; @ 56 c2
Event: 2.389 Thread 0x000002451d0d7e70 DEOPT PACKING pc=0x000002450bc2bbf4 sp=0x0000006ed28fda30
Event: 2.389 Thread 0x000002451d0d7e70 DEOPT UNPACKING pc=0x000002450b4966a3 sp=0x0000006ed28fd930 mode 2
Event: 2.389 Thread 0x000002451d0d7e70 Uncommon trap: trap_request=0xffffffc6 fr.pc=0x000002450bc2bbf4 relative=0x00000000000009b4
Event: 2.389 Thread 0x000002451d0d7e70 Uncommon trap: reason=bimorphic_or_optimized_type_check action=maybe_recompile pc=0x000002450bc2bbf4 method=java.util.HashMap.putVal(ILjava/lang/Object;Ljava/lang/Object;ZZ)Ljava/lang/Object; @ 56 c2
Event: 2.389 Thread 0x000002451d0d7e70 DEOPT PACKING pc=0x000002450bc2bbf4 sp=0x0000006ed28fda30
Event: 2.389 Thread 0x000002451d0d7e70 DEOPT UNPACKING pc=0x000002450b4966a3 sp=0x0000006ed28fd930 mode 2
Event: 2.389 Thread 0x000002451d0d7e70 Uncommon trap: trap_request=0xffffffc6 fr.pc=0x000002450bc2bbf4 relative=0x00000000000009b4
Event: 2.389 Thread 0x000002451d0d7e70 Uncommon trap: reason=bimorphic_or_optimized_type_check action=maybe_recompile pc=0x000002450bc2bbf4 method=java.util.HashMap.putVal(ILjava/lang/Object;Ljava/lang/Object;ZZ)Ljava/lang/Object; @ 56 c2
Event: 2.389 Thread 0x000002451d0d7e70 DEOPT PACKING pc=0x000002450bc2bbf4 sp=0x0000006ed28fda30
Event: 2.389 Thread 0x000002451d0d7e70 DEOPT UNPACKING pc=0x000002450b4966a3 sp=0x0000006ed28fd930 mode 2
Event: 2.389 Thread 0x000002451d0d7e70 Uncommon trap: trap_request=0xffffffc6 fr.pc=0x000002450bc2d02c relative=0x000000000000096c
Event: 2.389 Thread 0x000002451d0d7e70 Uncommon trap: reason=bimorphic_or_optimized_type_check action=maybe_recompile pc=0x000002450bc2d02c method=java.util.HashMap.putVal(ILjava/lang/Object;Ljava/lang/Object;ZZ)Ljava/lang/Object; @ 152 c2
Event: 2.389 Thread 0x000002451d0d7e70 DEOPT PACKING pc=0x000002450bc2d02c sp=0x0000006ed28fd9a0
Event: 2.389 Thread 0x000002451d0d7e70 DEOPT UNPACKING pc=0x000002450b4966a3 sp=0x0000006ed28fd930 mode 2
Event: 2.389 Thread 0x000002451d0d7e70 Uncommon trap: trap_request=0xffffffc6 fr.pc=0x000002450bc2cfc0 relative=0x0000000000000900
Event: 2.389 Thread 0x000002451d0d7e70 Uncommon trap: reason=bimorphic_or_optimized_type_check action=maybe_recompile pc=0x000002450bc2cfc0 method=java.util.HashMap.putVal(ILjava/lang/Object;Ljava/lang/Object;ZZ)Ljava/lang/Object; @ 56 c2
Event: 2.389 Thread 0x000002451d0d7e70 DEOPT PACKING pc=0x000002450bc2cfc0 sp=0x0000006ed28fd9a0
Event: 2.389 Thread 0x000002451d0d7e70 DEOPT UNPACKING pc=0x000002450b4966a3 sp=0x0000006ed28fd928 mode 2

Classes unloaded (0 events):
No events

Classes redefined (0 events):
No events

Internal exceptions (20 events):
Event: 1.971 Thread 0x000002451d0d7e70 Exception <a 'java/lang/NoSuchMethodError'{0x00000000ebb2b8e0}: 'int java.lang.invoke.DirectMethodHandle$Holder.invokeStaticInit(java.lang.Object, float, float)'> (0x00000000ebb2b8e0) 
thrown [s\src\hotspot\share\interpreter\linkResolver.cpp, line 759]
Event: 1.971 Thread 0x000002451d0d7e70 Exception <a 'java/lang/NoSuchMethodError'{0x00000000ebb339d0}: 'int java.lang.invoke.DirectMethodHandle$Holder.invokeStaticInit(java.lang.Object, double, double)'> (0x00000000ebb339d0) 
thrown [s\src\hotspot\share\interpreter\linkResolver.cpp, line 759]
Event: 1.971 Thread 0x000002451d0d7e70 Exception <a 'java/lang/NoSuchMethodError'{0x00000000ebb39270}: 'int java.lang.invoke.DirectMethodHandle$Holder.invokeStatic(java.lang.Object, long)'> (0x00000000ebb39270) 
thrown [s\src\hotspot\share\interpreter\linkResolver.cpp, line 759]
Event: 1.973 Thread 0x000002451d0d7e70 Exception <a 'java/lang/NoSuchMethodError'{0x00000000ebb618e8}: 'int java.lang.invoke.Invokers$Holder.linkToTargetMethod(java.lang.Object, java.lang.Object)'> (0x00000000ebb618e8) 
thrown [s\src\hotspot\share\interpreter\linkResolver.cpp, line 759]
Event: 1.990 Thread 0x000002451d0d7e70 Exception <a 'java/lang/NoSuchMethodError'{0x00000000ebc45d08}: 'java.lang.Object java.lang.invoke.DirectMethodHandle$Holder.invokeSpecial(java.lang.Object, java.lang.Object, java.lang.Object, java.lang.Object, java.lang.Object, java.lang.Object, java.lang.Object, java.lang.Object, java.lang.Object, java.lang.Object, java.lang.Object)'> (0x00000000ebc45d08) 
thrown [s\src\hotspot\share\interpreter\linkResolver.cpp, line 759]
Event: 1.990 Thread 0x000002451d0d7e70 Exception <a 'java/lang/NoSuchMethodError'{0x00000000ebc4b4c8}: 'java.lang.Object java.lang.invoke.Invokers$Holder.invoke_MT(java.lang.Object, java.lang.Object, java.lang.Object, java.lang.Object, java.lang.Object, java.lang.Object, java.lang.Object, java.lang.Object, java.lang.Object, java.lang.Object, java.lang.Object)'> (0x00000000ebc4b4c8) 
thrown [s\src\hotspot\share\interpreter\linkResolver.cpp, line 759]
Event: 1.996 Thread 0x000002451d0d7e70 Exception <a 'java/lang/NoSuchMethodError'{0x00000000ebcd9880}: 'java.lang.Object java.lang.invoke.DirectMethodHandle$Holder.invokeSpecial(java.lang.Object, java.lang.Object, java.lang.Object, java.lang.Object, java.lang.Object, java.lang.Object, java.lang.Object, java.lang.Object, java.lang.Object, java.lang.Object)'> (0x00000000ebcd9880) 
thrown [s\src\hotspot\share\interpreter\linkResolver.cpp, line 759]
Event: 1.996 Thread 0x000002451d0d7e70 Exception <a 'java/lang/NoSuchMethodError'{0x00000000ebcdead0}: 'java.lang.Object java.lang.invoke.Invokers$Holder.invoke_MT(java.lang.Object, java.lang.Object, java.lang.Object, java.lang.Object, java.lang.Object, java.lang.Object, java.lang.Object, java.lang.Object, java.lang.Object, java.lang.Object)'> (0x00000000ebcdead0) 
thrown [s\src\hotspot\share\interpreter\linkResolver.cpp, line 759]
Event: 2.001 Thread 0x000002451d0d7e70 Exception <a 'java/lang/NoSuchMethodError'{0x00000000ebd814b0}: 'java.lang.Object java.lang.invoke.DirectMethodHandle$Holder.newInvokeSpecial(java.lang.Object, java.lang.Object, java.lang.Object, java.lang.Object, java.lang.Object, java.lang.Object, java.lang.Object)'> (0x00000000ebd814b0) 
thrown [s\src\hotspot\share\interpreter\linkResolver.cpp, line 759]
Event: 2.005 Thread 0x000002451d0d7e70 Exception <a 'java/lang/NoSuchMethodError'{0x00000000ebdeedc0}: 'java.lang.Object java.lang.invoke.DirectMethodHandle$Holder.invokeSpecial(java.lang.Object, java.lang.Object, java.lang.Object, java.lang.Object, java.lang.Object, java.lang.Object, java.lang.Object, java.lang.Object, java.lang.Object, java.lang.Object, java.lang.Object, java.lang.Object, java.lang.Object)'> (0x00000000ebdeedc0) 
thrown [s\src\hotspot\share\interpreter\linkResolver.cpp, line 759]
Event: 2.005 Thread 0x000002451d0d7e70 Exception <a 'java/lang/NoSuchMethodError'{0x00000000ebdf48f0}: 'java.lang.Object java.lang.invoke.Invokers$Holder.invoker(java.lang.Object, java.lang.Object, java.lang.Object, java.lang.Object, java.lang.Object, java.lang.Object, java.lang.Object, java.lang.Object, java.lang.Object, java.lang.Object, java.lang.Object, java.lang.Object, java.lang.Object)'> (0x00000000ebdf48f0) 
thrown [s\src\hotspot\share\interpreter\linkResolver.cpp, line 759]
Event: 2.005 Thread 0x000002451d0d7e70 Exception <a 'java/lang/NoSuchMethodError'{0x00000000ebdfb650}: 'java.lang.Object java.lang.invoke.DirectMethodHandle$Holder.invokeSpecial(java.lang.Object, java.lang.Object, java.lang.Object, java.lang.Object, java.lang.Object, java.lang.Object, java.lang.Object, java.lang.Object, java.lang.Object, java.lang.Object, java.lang.Object, java.lang.Object, java.lang.Object, java.lang.Object)'> (0x00000000ebdfb650) 
thrown [s\src\hotspot\share\interpreter\linkResolver.cpp, line 759]
Event: 2.008 Thread 0x000002451d0d7e70 Exception <a 'java/lang/NoSuchMethodError'{0x00000000ebe63928}: static Lorg/eclipse/m2e/core/internal/lifecyclemapping/model/PluginExecutionMetadata;.<clinit>()V> (0x00000000ebe63928) 
thrown [s\src\hotspot\share\prims\jni.cpp, line 1107]
Event: 2.012 Thread 0x000002451d0d7e70 Exception <a 'java/lang/NoSuchMethodError'{0x00000000ebec2540}: static Lorg/eclipse/m2e/core/internal/lifecyclemapping/model/PluginExecutionFilter;.<clinit>()V> (0x00000000ebec2540) 
thrown [s\src\hotspot\share\prims\jni.cpp, line 1107]
Event: 2.014 Thread 0x000002451d0d7e70 Exception <a 'java/lang/NoSuchMethodError'{0x00000000ebef7d88}: static Lorg/eclipse/m2e/core/internal/project/registry/MavenProjectFacade$MavenProjectConfiguration;.<clinit>()V> (0x00000000ebef7d88) 
thrown [s\src\hotspot\share\prims\jni.cpp, line 1107]
Event: 2.352 Thread 0x000002451d0d7e70 Exception <a 'java/lang/ClassNotFoundException'{0x00000000eac70db8}: com/sun/org/apache/xerces/internal/impl/msg/spi/DOMMessagesProvider> (0x00000000eac70db8) 
thrown [s\src\hotspot\share\classfile\systemDictionary.cpp, line 256]
Event: 2.354 Thread 0x000002451d0d7e70 Exception <a 'java/lang/ClassNotFoundException'{0x00000000eac950e0}: com/sun/org/apache/xerces/internal/impl/msg/spi/XMLSerializerMessagesProvider> (0x00000000eac950e0) 
thrown [s\src\hotspot\share\classfile\systemDictionary.cpp, line 256]
Event: 2.354 Thread 0x000002451d0d7e70 Exception <a 'java/lang/ClassNotFoundException'{0x00000000eacad620}: com/sun/org/apache/xerces/internal/impl/msg/spi/XMLMessagesProvider> (0x00000000eacad620) 
thrown [s\src\hotspot\share\classfile\systemDictionary.cpp, line 256]
Event: 2.373 Thread 0x000002451d0d7e70 Exception <a 'java/lang/NoSuchMethodError'{0x00000000eae85eb8}: 'void java.lang.invoke.DirectMethodHandle$Holder.invokeVirtual(java.lang.Object, java.lang.Object)'> (0x00000000eae85eb8) 
thrown [s\src\hotspot\share\interpreter\linkResolver.cpp, line 759]
Event: 2.399 Thread 0x000002451d0d7e70 Exception <a 'java/lang/NoSuchMethodError'{0x00000000eb1b0c50}: 'java.lang.Object java.lang.invoke.DirectMethodHandle$Holder.invokeStaticInit(java.lang.Object, int, int, int, int)'> (0x00000000eb1b0c50) 
thrown [s\src\hotspot\share\interpreter\linkResolver.cpp, line 759]

VM Operations (20 events):
Event: 1.797 Executing VM operation: HandshakeAllThreads
Event: 1.797 Executing VM operation: HandshakeAllThreads done
Event: 1.800 Executing VM operation: HandshakeAllThreads
Event: 1.800 Executing VM operation: HandshakeAllThreads done
Event: 1.838 Executing VM operation: ICBufferFull
Event: 1.838 Executing VM operation: ICBufferFull done
Event: 1.866 Executing VM operation: ParallelGCFailedAllocation
Event: 1.867 Executing VM operation: ParallelGCFailedAllocation done
Event: 1.962 Executing VM operation: HandshakeAllThreads
Event: 1.962 Executing VM operation: HandshakeAllThreads done
Event: 1.962 Executing VM operation: HandshakeAllThreads
Event: 1.962 Executing VM operation: HandshakeAllThreads done
Event: 2.043 Executing VM operation: ParallelGCFailedAllocation
Event: 2.044 Executing VM operation: ParallelGCFailedAllocation done
Event: 2.173 Executing VM operation: ParallelGCFailedAllocation
Event: 2.174 Executing VM operation: ParallelGCFailedAllocation done
Event: 2.334 Executing VM operation: ParallelGCFailedAllocation
Event: 2.336 Executing VM operation: ParallelGCFailedAllocation done
Event: 2.389 Executing VM operation: HandshakeAllThreads
Event: 2.389 Executing VM operation: HandshakeAllThreads done

Events (20 events):
Event: 2.408 loading class java/net/InetAddressImplFactory
Event: 2.408 loading class java/net/InetAddressImplFactory done
Event: 2.409 loading class java/net/Inet6AddressImpl
Event: 2.409 loading class java/net/InetAddressImpl
Event: 2.409 loading class java/net/InetAddressImpl done
Event: 2.409 loading class java/net/Inet6AddressImpl done
Event: 2.409 loading class java/net/InetAddress$PlatformNameService
Event: 2.409 loading class java/net/InetAddress$NameService
Event: 2.409 loading class java/net/InetAddress$NameService done
Event: 2.409 loading class java/net/InetAddress$PlatformNameService done
Event: 2.409 loading class java/net/Inet4Address
Event: 2.409 loading class java/net/Inet4Address done
Event: 2.409 loading class java/net/Inet6Address
Event: 2.409 loading class java/net/Inet6Address done
Event: 2.409 loading class java/net/Inet6Address$Inet6AddressHolder
Event: 2.409 loading class java/net/Inet6Address$Inet6AddressHolder done
Event: 2.410 loading class java/net/DefaultInterface
Event: 2.410 loading class java/net/DefaultInterface done
Event: 2.420 loading class java/net/NetworkInterface$1
Event: 2.421 loading class java/net/NetworkInterface$1 done


Dynamic libraries:
0x00007ff7891f0000 - 0x00007ff7891fe000 	c:\Users\asus\.vscode\extensions\redhat.java-1.25.1-win32-x64\jre\17.0.9-win32-x86_64\bin\java.exe
0x00007ffd34450000 - 0x00007ffd34667000 	C:\Windows\SYSTEM32\ntdll.dll
0x00007ffd32470000 - 0x00007ffd32534000 	C:\Windows\System32\KERNEL32.DLL
0x00007ffd31be0000 - 0x00007ffd31f86000 	C:\Windows\System32\KERNELBASE.dll
0x00007ffd31fc0000 - 0x00007ffd320d1000 	C:\Windows\System32\ucrtbase.dll
0x00007ffd1b020000 - 0x00007ffd1b03b000 	c:\Users\asus\.vscode\extensions\redhat.java-1.25.1-win32-x64\jre\17.0.9-win32-x86_64\bin\VCRUNTIME140.dll
0x00007ffd1a7f0000 - 0x00007ffd1a807000 	c:\Users\asus\.vscode\extensions\redhat.java-1.25.1-win32-x64\jre\17.0.9-win32-x86_64\bin\jli.dll
0x00007ffd33cf0000 - 0x00007ffd33e9e000 	C:\Windows\System32\USER32.dll
0x00007ffd31f90000 - 0x00007ffd31fb6000 	C:\Windows\System32\win32u.dll
0x00007ffd33420000 - 0x00007ffd33449000 	C:\Windows\System32\GDI32.dll
0x00007ffd30ae0000 - 0x00007ffd30d73000 	C:\Windows\WinSxS\amd64_microsoft.windows.common-controls_6595b64144ccf1df_6.0.22621.2506_none_270c5ae97388e100\COMCTL32.dll
0x00007ffd31930000 - 0x00007ffd31a48000 	C:\Windows\System32\gdi32full.dll
0x00007ffd31a50000 - 0x00007ffd31aea000 	C:\Windows\System32\msvcp_win.dll
0x00007ffd322a0000 - 0x00007ffd32347000 	C:\Windows\System32\msvcrt.dll
0x00007ffd333e0000 - 0x00007ffd33411000 	C:\Windows\System32\IMM32.DLL
0x00007ffd2aba0000 - 0x00007ffd2abac000 	c:\Users\asus\.vscode\extensions\redhat.java-1.25.1-win32-x64\jre\17.0.9-win32-x86_64\bin\vcruntime140_1.dll
0x00007ffd10640000 - 0x00007ffd106cd000 	c:\Users\asus\.vscode\extensions\redhat.java-1.25.1-win32-x64\jre\17.0.9-win32-x86_64\bin\msvcp140.dll
0x00007ffcb8960000 - 0x00007ffcb95c1000 	c:\Users\asus\.vscode\extensions\redhat.java-1.25.1-win32-x64\jre\17.0.9-win32-x86_64\bin\server\jvm.dll
0x00007ffd34020000 - 0x00007ffd340d1000 	C:\Windows\System32\ADVAPI32.dll
0x00007ffd332a0000 - 0x00007ffd33345000 	C:\Windows\System32\sechost.dll
0x00007ffd32350000 - 0x00007ffd32467000 	C:\Windows\System32\RPCRT4.dll
0x00007ffd09630000 - 0x00007ffd09639000 	C:\Windows\SYSTEM32\WSOCK32.dll
0x00007ffd321b0000 - 0x00007ffd32221000 	C:\Windows\System32\WS2_32.dll
0x00007ffd30030000 - 0x00007ffd3003a000 	C:\Windows\SYSTEM32\VERSION.dll
0x00007ffd293c0000 - 0x00007ffd293f4000 	C:\Windows\SYSTEM32\WINMM.dll
0x00007ffd310e0000 - 0x00007ffd3112d000 	C:\Windows\SYSTEM32\POWRPROF.dll
0x00007ffd30f60000 - 0x00007ffd30f73000 	C:\Windows\SYSTEM32\UMPDC.dll
0x00007ffd2f8f0000 - 0x00007ffd2f908000 	C:\Windows\SYSTEM32\kernel.appcore.dll
0x00007ffd2aa50000 - 0x00007ffd2aa5a000 	c:\Users\asus\.vscode\extensions\redhat.java-1.25.1-win32-x64\jre\17.0.9-win32-x86_64\bin\jimage.dll
0x00007ffd31130000 - 0x00007ffd31363000 	C:\Windows\SYSTEM32\DBGHELP.DLL
0x00007ffd33960000 - 0x00007ffd33ce9000 	C:\Windows\System32\combase.dll
0x00007ffd340e0000 - 0x00007ffd341b7000 	C:\Windows\System32\OLEAUT32.dll
0x00007ffd30fa0000 - 0x00007ffd30fd2000 	C:\Windows\SYSTEM32\dbgcore.DLL
0x00007ffd31af0000 - 0x00007ffd31b6a000 	C:\Windows\System32\bcryptPrimitives.dll
0x00007ffd28300000 - 0x00007ffd2830e000 	c:\Users\asus\.vscode\extensions\redhat.java-1.25.1-win32-x64\jre\17.0.9-win32-x86_64\bin\instrument.dll
0x00007ffd08910000 - 0x00007ffd08935000 	c:\Users\asus\.vscode\extensions\redhat.java-1.25.1-win32-x64\jre\17.0.9-win32-x86_64\bin\java.dll
0x00007ffd112c0000 - 0x00007ffd112d8000 	c:\Users\asus\.vscode\extensions\redhat.java-1.25.1-win32-x64\jre\17.0.9-win32-x86_64\bin\zip.dll
0x00007ffd329e0000 - 0x00007ffd3323a000 	C:\Windows\System32\SHELL32.dll
0x00007ffd2e780000 - 0x00007ffd2f076000 	C:\Windows\SYSTEM32\windows.storage.dll
0x00007ffd2e640000 - 0x00007ffd2e77e000 	C:\Windows\SYSTEM32\wintypes.dll
0x00007ffd341c0000 - 0x00007ffd342b3000 	C:\Windows\System32\SHCORE.dll
0x00007ffd33fc0000 - 0x00007ffd3401e000 	C:\Windows\System32\shlwapi.dll
0x00007ffd316f0000 - 0x00007ffd31716000 	C:\Windows\SYSTEM32\profapi.dll
0x00007ffd162e0000 - 0x00007ffd162f9000 	C:\Users\asus\.vscode\extensions\redhat.java-1.25.1-win32-x64\jre\17.0.9-win32-x86_64\bin\net.dll
0x00007ffd2d060000 - 0x00007ffd2d197000 	C:\Windows\SYSTEM32\WINHTTP.dll
0x00007ffd2fd00000 - 0x00007ffd2fd69000 	C:\Windows\system32\mswsock.dll
0x00007ffd15d70000 - 0x00007ffd15d86000 	C:\Users\asus\.vscode\extensions\redhat.java-1.25.1-win32-x64\jre\17.0.9-win32-x86_64\bin\nio.dll
0x00007ffd25220000 - 0x00007ffd25230000 	c:\Users\asus\.vscode\extensions\redhat.java-1.25.1-win32-x64\jre\17.0.9-win32-x86_64\bin\verify.dll
0x00007ffcfdd60000 - 0x00007ffcfdd9e000 	C:\Users\asus\AppData\Roaming\Code\User\globalStorage\redhat.java\1.25.1\config_win\org.eclipse.equinox.launcher\org.eclipse.equinox.launcher.win32.win32.x86_64_1.2.800.v20231003-1442\eclipse_11802.dll
0x00007ffd337c0000 - 0x00007ffd33960000 	C:\Windows\System32\ole32.dll
0x00007ffd31460000 - 0x00007ffd3147b000 	C:\Windows\SYSTEM32\CRYPTSP.dll
0x00007ffd2f840000 - 0x00007ffd2f875000 	C:\Windows\system32\rsaenh.dll
0x00007ffd2fdf0000 - 0x00007ffd2fe1c000 	C:\Windows\SYSTEM32\USERENV.dll
0x00007ffd30fe0000 - 0x00007ffd31008000 	C:\Windows\SYSTEM32\bcrypt.dll
0x00007ffd2ff50000 - 0x00007ffd2ff5c000 	C:\Windows\SYSTEM32\CRYPTBASE.dll
0x00007ffd2f350000 - 0x00007ffd2f37d000 	C:\Windows\SYSTEM32\IPHLPAPI.DLL
0x00007ffd33350000 - 0x00007ffd33359000 	C:\Windows\System32\NSI.dll
0x00007ffd2b360000 - 0x00007ffd2b379000 	C:\Windows\SYSTEM32\dhcpcsvc6.DLL
0x00007ffd2b310000 - 0x00007ffd2b32f000 	C:\Windows\SYSTEM32\dhcpcsvc.DLL
0x00007ffd2f380000 - 0x00007ffd2f479000 	C:\Windows\SYSTEM32\DNSAPI.dll

dbghelp: loaded successfully - version: 4.0.5 - missing functions: none
symbol engine: initialized successfully - sym options: 0x614 - pdb path: .;c:\Users\asus\.vscode\extensions\redhat.java-1.25.1-win32-x64\jre\17.0.9-win32-x86_64\bin;C:\Windows\SYSTEM32;C:\Windows\WinSxS\amd64_microsoft.windows.common-controls_6595b64144ccf1df_6.0.22621.2506_none_270c5ae97388e100;c:\Users\asus\.vscode\extensions\redhat.java-1.25.1-win32-x64\jre\17.0.9-win32-x86_64\bin\server;C:\Users\asus\AppData\Roaming\Code\User\globalStorage\redhat.java\1.25.1\config_win\org.eclipse.equinox.launcher\org.eclipse.equinox.launcher.win32.win32.x86_64_1.2.800.v20231003-1442

VM Arguments:
jvm_args: --add-modules=ALL-SYSTEM --add-opens=java.base/java.util=ALL-UNNAMED --add-opens=java.base/java.lang=ALL-UNNAMED --add-opens=java.base/sun.nio.fs=ALL-UNNAMED -Declipse.application=org.eclipse.jdt.ls.core.id1 -Dosgi.bundles.defaultStartLevel=4 -Declipse.product=org.eclipse.jdt.ls.core.product -Djava.import.generatesMetadataFilesAtProjectRoot=false -DDetectVMInstallationsJob.disabled=true -Dfile.encoding=utf8 -XX:+UseParallelGC -XX:GCTimeRatio=4 -XX:AdaptiveSizePolicyWeight=90 -Dsun.zip.disableMemoryMapping=true -Xmx1G -Xms100m -Xlog:disable -javaagent:c:\Users\asus\.vscode\extensions\redhat.java-1.25.1-win32-x64\lombok\lombok-1.18.30.jar -XX:+HeapDumpOnOutOfMemoryError -XX:HeapDumpPath=c:\Users\asus\AppData\Roaming\Code\User\workspaceStorage\790a2ee001d946fde0003750c571a388\redhat.java -Daether.dependencyCollector.impl=bf 
java_command: c:\Users\asus\.vscode\extensions\redhat.java-1.25.1-win32-x64\server\plugins\org.eclipse.equinox.launcher_1.6.600.v20231106-1826.jar -configuration c:\Users\asus\AppData\Roaming\Code\User\globalStorage\redhat.java\1.25.1\config_win -data c:\Users\asus\AppData\Roaming\Code\User\workspaceStorage\790a2ee001d946fde0003750c571a388\redhat.java\jdt_ws --stdio
java_class_path (initial): c:\Users\asus\.vscode\extensions\redhat.java-1.25.1-win32-x64\server\plugins\org.eclipse.equinox.launcher_1.6.600.v20231106-1826.jar
Launcher Type: SUN_STANDARD

[Global flags]
    uintx AdaptiveSizePolicyWeight                 = 90                                        {product} {command line}
     intx CICompilerCount                          = 12                                        {product} {ergonomic}
    uintx GCTimeRatio                              = 4                                         {product} {command line}
     bool HeapDumpOnOutOfMemoryError               = true                                   {manageable} {command line}
    ccstr HeapDumpPath                             = c:\Users\asus\AppData\Roaming\Code\User\workspaceStorage\790a2ee001d946fde0003750c571a388\redhat.java         {manageable} {command line}
   size_t InitialHeapSize                          = 104857600                                 {product} {command line}
   size_t MaxHeapSize                              = 1073741824                                {product} {command line}
   size_t MaxNewSize                               = 357564416                                 {product} {ergonomic}
   size_t MinHeapDeltaBytes                        = 524288                                    {product} {ergonomic}
   size_t MinHeapSize                              = 104857600                                 {product} {command line}
   size_t NewSize                                  = 34603008                                  {product} {ergonomic}
    uintx NonNMethodCodeHeapSize                   = 7602480                                {pd product} {ergonomic}
    uintx NonProfiledCodeHeapSize                  = 122027880                              {pd product} {ergonomic}
   size_t OldSize                                  = 70254592                                  {product} {ergonomic}
    uintx ProfiledCodeHeapSize                     = 122027880                              {pd product} {ergonomic}
    uintx ReservedCodeCacheSize                    = 251658240                              {pd product} {ergonomic}
     bool SegmentedCodeCache                       = true                                      {product} {ergonomic}
   size_t SoftMaxHeapSize                          = 1073741824                             {manageable} {ergonomic}
     bool UseCompressedClassPointers               = true                           {product lp64_product} {ergonomic}
     bool UseCompressedOops                        = true                           {product lp64_product} {ergonomic}
     bool UseLargePagesIndividualAllocation        = false                                  {pd product} {ergonomic}
     bool UseParallelGC                            = true                                      {product} {command line}

Logging:
Log output configuration:
 #0: stdout all=off uptime,level,tags
 #1: stderr all=off uptime,level,tags

Environment Variables:
JAVA_HOME=C:\Program Files\Java\jdk-17
PATH=C:\Program Files\NVIDIA GPU Computing Toolkit\CUDA\v12.3\bin;C:\Program Files\NVIDIA GPU Computing Toolkit\CUDA\v12.3\libnvvp;C:\Python312\Scripts\;C:\Python312\;C:\Program Files\Java\jdk-17\bin;C:\Windows\system32;C:\Windows;C:\Windows\System32\Wbem;C:\Windows\System32\WindowsPowerShell\v1.0\;C:\Windows\System32\OpenSSH\;C:\Program Files (x86)\NVIDIA Corporation\PhysX\Common;C:\Program Files\NVIDIA Corporation\NVIDIA NvDLISR;C:\Program Files\dotnet\;C:\Program Files\Git\cmd;C:\Program Files\nodejs\;C:\ProgramData\chocolatey\bin;C:\Program Files (x86)\Microsoft SQL Server\160\Tools\Binn\;C:\Program Files\Microsoft SQL Server\160\Tools\Binn\;C:\Program Files\Microsoft SQL Server\Client SDK\ODBC\170\Tools\Binn\;C:\Program Files\Microsoft SQL Server\160\DTS\Binn\;C:\Program Files (x86)\Microsoft SQL Server\160\DTS\Binn\;C:\Program Files\Azure Data Studio\bin;C:\Program Files\NVIDIA Corporation\Nsight Compute 2023.3.1\;C:\xampp\php;C:\composer;C:\Apache\Maven\apache-maven-3.9.6\bin;C:\Program Files\Java\jdk-17\bin;C:\Users\asus\AppData\Local\Microsoft\WindowsApps;C:\Users\asus\AppData\Local\Programs\Microsoft VS Code\bin;C:\Users\asus\AppData\Roaming\npm;C:\Program Files\Azure Data Studio\bin;C:\Users\asus\AppData\Roaming\Composer\vendor\bin;C:\Users\asus\.dotnet\tools
USERNAME=asus
OS=Windows_NT
PROCESSOR_IDENTIFIER=Intel64 Family 6 Model 154 Stepping 3, GenuineIntel
TMP=C:\Users\asus\AppData\Local\Temp
TEMP=C:\Users\asus\AppData\Local\Temp



Periodic native trim disabled


---------------  S Y S T E M  ---------------

OS:
 Windows 11 , 64 bit Build 22621 (10.0.22621.2506)
OS uptime: 0 days 14:19 hours
Hyper-V role detected

CPU: total 20 (initial active 20) (10 cores per cpu, 2 threads per core) family 6 model 154 stepping 3 microcode 0x421, cx8, cmov, fxsr, ht, mmx, 3dnowpref, sse, sse2, sse3, ssse3, sse4.1, sse4.2, popcnt, lzcnt, tsc, tscinvbit, avx, avx2, aes, erms, clmul, bmi1, bmi2, adx, sha, fma, vzeroupper, clflush, clflushopt, clwb, hv
Processor Information for all 20 processors :
  Max Mhz: 2300, Current Mhz: 2300, Mhz Limit: 2300

Memory: 4k page, system-wide physical 32395M (19968M free)
TotalPageFile size 130699M (AvailPageFile size 5M)
current process WorkingSet (physical memory assigned to process): 168M, peak: 169M
current process commit charge ("private bytes"): 292M, peak: 294M

vm_info: OpenJDK 64-Bit Server VM (17.0.9+9) for windows-amd64 JRE (17.0.9+9), built on Oct 26 2023 14:01:42 by "admin" with MS VC++ 16.10 / 16.11 (VS2019)

END.
